[ 50%] [32mBuilding CXX object CMakeFiles/robot_state_publisher.dir/src/robot_state_publisher.cpp.o[0m
[01m[K/home/nvidia/ros2_ws/src/rby1_robot_state/src/robot_state_publisher.cpp:[m[K In constructor â€˜[01m[KRobotStatePublisher::RobotStatePublisher(std::shared_ptr<rb::Robot<rb::y1_model::A> >, std::unique_ptr<rb::RobotCommandStreamHandler<rb::y1_model::A> >)[m[Kâ€™:
[01m[K/home/nvidia/ros2_ws/src/rby1_robot_state/src/robot_state_publisher.cpp:38:9:[m[K [01;31m[Kerror: [m[Kâ€˜[01m[Krobot_[m[Kâ€™ was not declared in this scope; did you mean â€˜[01m[Krobot[m[Kâ€™?
   38 |         [01;31m[Krobot_[m[K->StartStateUpdate(
      |         [01;31m[K^~~~~~[m[K
      |         [32m[Krobot[m[K
gmake[2]: *** [CMakeFiles/robot_state_publisher.dir/build.make:79: CMakeFiles/robot_state_publisher.dir/src/robot_state_publisher.cpp.o] Error 1
gmake[1]: *** [CMakeFiles/Makefile2:153: CMakeFiles/robot_state_publisher.dir/all] Error 2
gmake: *** [Makefile:146: all] Error 2
