In file included from [01m[K/usr/include/eigen3/Eigen/Core:214[m[K,
                 from [01m[K/home/nvidia/rby1-sdk/include/rby1-sdk/dynamics/robot.h:3[m[K,
                 from [01m[K/home/nvidia/rby1-sdk/include/rby1-sdk/model.h:6[m[K,
                 from [01m[K/home/nvidia/ros2_ws/src/rby1_movement/src/rby1_movement_subscriber.cpp:7[m[K:
[01m[K/usr/include/eigen3/Eigen/src/Core/arch/NEON/PacketMath.h:[m[K In function â€˜[01m[KPacket Eigen::internal::pload(const typename Eigen::internal::unpacket_traits<T>::type*) [with Packet = Eigen::internal::eigen_packet_wrapper<int, 2>; typename Eigen::internal::unpacket_traits<T>::type = signed char][m[Kâ€™:
[01m[K/usr/include/eigen3/Eigen/src/Core/arch/NEON/PacketMath.h:1671:9:[m[K [01;35m[Kwarning: [m[Kâ€˜[01m[Kvoid* memcpy(void*, const void*, size_t)[m[Kâ€™ copying an object of non-trivial type â€˜[01m[KEigen::internal::Packet4c[m[Kâ€™ {aka â€˜[01m[Kstruct Eigen::internal::eigen_packet_wrapper<int, 2>[m[Kâ€™} from an array of â€˜[01m[Kconst int8_t[m[Kâ€™ {aka â€˜[01m[Kconst signed char[m[Kâ€™} [[01;35m[K]8;;https://gcc.gnu.org/onlinedocs/gcc/Warning-Options.html#index-Wclass-memaccess-Wclass-memaccess]8;;[m[K]
 1671 |   [01;35m[Kmemcpy(&res, from, sizeof(Packet4c))[m[K;
      |   [01;35m[K~~~~~~^~~~~~~~~~~~~~~~~~~~~~~~~~~~~~[m[K
In file included from [01m[K/usr/include/eigen3/Eigen/Core:172[m[K,
                 from [01m[K/home/nvidia/rby1-sdk/include/rby1-sdk/dynamics/robot.h:3[m[K,
                 from [01m[K/home/nvidia/rby1-sdk/include/rby1-sdk/model.h:6[m[K,
                 from [01m[K/home/nvidia/ros2_ws/src/rby1_movement/src/rby1_movement_subscriber.cpp:7[m[K:
[01m[K/usr/include/eigen3/Eigen/src/Core/GenericPacketMath.h:159:8:[m[K [01;36m[Knote: [m[Kâ€˜[01m[KEigen::internal::Packet4c[m[Kâ€™ {aka â€˜[01m[Kstruct Eigen::internal::eigen_packet_wrapper<int, 2>[m[Kâ€™} declared here
  159 | struct [01;36m[Keigen_packet_wrapper[m[K
      |        [01;36m[K^~~~~~~~~~~~~~~~~~~~[m[K
In file included from [01m[K/usr/include/eigen3/Eigen/Core:214[m[K,
                 from [01m[K/home/nvidia/rby1-sdk/include/rby1-sdk/dynamics/robot.h:3[m[K,
                 from [01m[K/home/nvidia/rby1-sdk/include/rby1-sdk/model.h:6[m[K,
                 from [01m[K/home/nvidia/ros2_ws/src/rby1_movement/src/rby1_movement_subscriber.cpp:7[m[K:
[01m[K/usr/include/eigen3/Eigen/src/Core/arch/NEON/PacketMath.h:[m[K In function â€˜[01m[KPacket Eigen::internal::ploadu(const typename Eigen::internal::unpacket_traits<T>::type*) [with Packet = Eigen::internal::eigen_packet_wrapper<int, 2>; typename Eigen::internal::unpacket_traits<T>::type = signed char][m[Kâ€™:
[01m[K/usr/include/eigen3/Eigen/src/Core/arch/NEON/PacketMath.h:1716:9:[m[K [01;35m[Kwarning: [m[Kâ€˜[01m[Kvoid* memcpy(void*, const void*, size_t)[m[Kâ€™ copying an object of non-trivial type â€˜[01m[KEigen::internal::Packet4c[m[Kâ€™ {aka â€˜[01m[Kstruct Eigen::internal::eigen_packet_wrapper<int, 2>[m[Kâ€™} from an array of â€˜[01m[Kconst int8_t[m[Kâ€™ {aka â€˜[01m[Kconst signed char[m[Kâ€™} [[01;35m[K]8;;https://gcc.gnu.org/onlinedocs/gcc/Warning-Options.html#index-Wclass-memaccess-Wclass-memaccess]8;;[m[K]
 1716 |   [01;35m[Kmemcpy(&res, from, sizeof(Packet4c))[m[K;
      |   [01;35m[K~~~~~~^~~~~~~~~~~~~~~~~~~~~~~~~~~~~~[m[K
In file included from [01m[K/usr/include/eigen3/Eigen/Core:172[m[K,
                 from [01m[K/home/nvidia/rby1-sdk/include/rby1-sdk/dynamics/robot.h:3[m[K,
                 from [01m[K/home/nvidia/rby1-sdk/include/rby1-sdk/model.h:6[m[K,
                 from [01m[K/home/nvidia/ros2_ws/src/rby1_movement/src/rby1_movement_subscriber.cpp:7[m[K:
[01m[K/usr/include/eigen3/Eigen/src/Core/GenericPacketMath.h:159:8:[m[K [01;36m[Knote: [m[Kâ€˜[01m[KEigen::internal::Packet4c[m[Kâ€™ {aka â€˜[01m[Kstruct Eigen::internal::eigen_packet_wrapper<int, 2>[m[Kâ€™} declared here
  159 | struct [01;36m[Keigen_packet_wrapper[m[K
      |        [01;36m[K^~~~~~~~~~~~~~~~~~~~[m[K
[01m[K/home/nvidia/ros2_ws/src/rby1_movement/src/rby1_movement_subscriber.cpp:76:70:[m[K [01;31m[Kerror: [m[Kincomplete type â€˜[01m[KRBY1_Movement[m[Kâ€™ used in nested name specifier
   76 |     void speed_control_callback(const std::shared_ptr<RBY1_Movement::[01;31m[Ksrv[m[K::SpeedControl::Request> request,
      |                                                                      [01;31m[K^~~[m[K
[01m[K/home/nvidia/ros2_ws/src/rby1_movement/src/rby1_movement_subscriber.cpp:76:96:[m[K [01;31m[Kerror: [m[Ktemplate argument 1 is invalid
   76 |     void speed_control_callback(const std::shared_ptr<RBY1_Movement::srv::SpeedControl::Request[01;31m[K>[m[K request,
      |                                                                                                [01;31m[K^[m[K
[01m[K/home/nvidia/ros2_ws/src/rby1_movement/src/rby1_movement_subscriber.cpp:76:70:[m[K [01;31m[Kerror: [m[Kincomplete type â€˜[01m[KRBY1_Movement[m[Kâ€™ used in nested name specifier
   76 |     void speed_control_callback(const std::shared_ptr<RBY1_Movement::[01;31m[Ksrv[m[K::SpeedControl::Request> request,
      |                                                                      [01;31m[K^~~[m[K
[01m[K/home/nvidia/ros2_ws/src/rby1_movement/src/rby1_movement_subscriber.cpp:76:96:[m[K [01;31m[Kerror: [m[Ktemplate argument 1 is invalid
   76 |     void speed_control_callback(const std::shared_ptr<RBY1_Movement::srv::SpeedControl::Request[01;31m[K>[m[K request,
      |                                                                                                [01;31m[K^[m[K
[01m[K/home/nvidia/ros2_ws/src/rby1_movement/src/rby1_movement_subscriber.cpp:76:70:[m[K [01;31m[Kerror: [m[Kincomplete type â€˜[01m[KRBY1_Movement[m[Kâ€™ used in nested name specifier
   76 |     void speed_control_callback(const std::shared_ptr<RBY1_Movement::[01;31m[Ksrv[m[K::SpeedControl::Request> request,
      |                                                                      [01;31m[K^~~[m[K
[01m[K/home/nvidia/ros2_ws/src/rby1_movement/src/rby1_movement_subscriber.cpp:76:96:[m[K [01;31m[Kerror: [m[Ktemplate argument 1 is invalid
   76 |     void speed_control_callback(const std::shared_ptr<RBY1_Movement::srv::SpeedControl::Request[01;31m[K>[m[K request,
      |                                                                                                [01;31m[K^[m[K
[01m[K/home/nvidia/ros2_ws/src/rby1_movement/src/rby1_movement_subscriber.cpp:76:39:[m[K [01;31m[Kerror: [m[Kinvalid template-id
   76 |     void speed_control_callback(const [01;31m[Kstd[m[K::shared_ptr<RBY1_Movement::srv::SpeedControl::Request> request,
      |                                       [01;31m[K^~~[m[K
[01m[K/home/nvidia/ros2_ws/src/rby1_movement/src/rby1_movement_subscriber.cpp:76:70:[m[K [01;31m[Kerror: [m[Kâ€˜[01m[KRBY1_Movement::srv[m[Kâ€™ has not been declared
   76 |     void speed_control_callback(const std::shared_ptr<RBY1_Movement::[01;31m[Ksrv[m[K::SpeedControl::Request> request,
      |                                                                      [01;31m[K^~~[m[K
[01m[K/home/nvidia/ros2_ws/src/rby1_movement/src/rby1_movement_subscriber.cpp:76:33:[m[K [01;31m[Kerror: [m[Kclass template placeholder â€˜[01m[Kstd::shared_ptr[m[Kâ€™ not permitted in this context
   76 |     void speed_control_callback([01;31m[Kconst[m[K std::shared_ptr<RBY1_Movement::srv::SpeedControl::Request> request,
      |                                 [01;31m[K^~~~~[m[K
[01m[K/home/nvidia/ros2_ws/src/rby1_movement/src/rby1_movement_subscriber.cpp:77:64:[m[K [01;31m[Kerror: [m[Kincomplete type â€˜[01m[KRBY1_Movement[m[Kâ€™ used in nested name specifier
   77 |                                 std::shared_ptr<RBY1_Movement::[01;31m[Ksrv[m[K::SpeedControl::Response> response) {
      |                                                                [01;31m[K^~~[m[K
[01m[K/home/nvidia/ros2_ws/src/rby1_movement/src/rby1_movement_subscriber.cpp:77:91:[m[K [01;31m[Kerror: [m[Ktemplate argument 1 is invalid
   77 |                                 std::shared_ptr<RBY1_Movement::srv::SpeedControl::Response[01;31m[K>[m[K response) {
      |                                                                                           [01;31m[K^[m[K
[01m[K/home/nvidia/ros2_ws/src/rby1_movement/src/rby1_movement_subscriber.cpp:77:64:[m[K [01;31m[Kerror: [m[Kincomplete type â€˜[01m[KRBY1_Movement[m[Kâ€™ used in nested name specifier
   77 |                                 std::shared_ptr<RBY1_Movement::[01;31m[Ksrv[m[K::SpeedControl::Response> response) {
      |                                                                [01;31m[K^~~[m[K
[01m[K/home/nvidia/ros2_ws/src/rby1_movement/src/rby1_movement_subscriber.cpp:77:91:[m[K [01;31m[Kerror: [m[Ktemplate argument 1 is invalid
   77 |                                 std::shared_ptr<RBY1_Movement::srv::SpeedControl::Response[01;31m[K>[m[K response) {
      |                                                                                           [01;31m[K^[m[K
[01m[K/home/nvidia/ros2_ws/src/rby1_movement/src/rby1_movement_subscriber.cpp:77:64:[m[K [01;31m[Kerror: [m[Kincomplete type â€˜[01m[KRBY1_Movement[m[Kâ€™ used in nested name specifier
   77 |                                 std::shared_ptr<RBY1_Movement::[01;31m[Ksrv[m[K::SpeedControl::Response> response) {
      |                                                                [01;31m[K^~~[m[K
[01m[K/home/nvidia/ros2_ws/src/rby1_movement/src/rby1_movement_subscriber.cpp:77:91:[m[K [01;31m[Kerror: [m[Ktemplate argument 1 is invalid
   77 |                                 std::shared_ptr<RBY1_Movement::srv::SpeedControl::Response[01;31m[K>[m[K response) {
      |                                                                                           [01;31m[K^[m[K
[01m[K/home/nvidia/ros2_ws/src/rby1_movement/src/rby1_movement_subscriber.cpp:77:33:[m[K [01;31m[Kerror: [m[Kinvalid template-id
   77 |                                 [01;31m[Kstd[m[K::shared_ptr<RBY1_Movement::srv::SpeedControl::Response> response) {
      |                                 [01;31m[K^~~[m[K
[01m[K/home/nvidia/ros2_ws/src/rby1_movement/src/rby1_movement_subscriber.cpp:77:64:[m[K [01;31m[Kerror: [m[Kâ€˜[01m[KRBY1_Movement::srv[m[Kâ€™ has not been declared
   77 |                                 std::shared_ptr<RBY1_Movement::[01;31m[Ksrv[m[K::SpeedControl::Response> response) {
      |                                                                [01;31m[K^~~[m[K
[01m[K/home/nvidia/ros2_ws/src/rby1_movement/src/rby1_movement_subscriber.cpp:77:33:[m[K [01;31m[Kerror: [m[Kclass template placeholder â€˜[01m[Kstd::shared_ptr[m[Kâ€™ not permitted in this context
   77 |                                 [01;31m[Kstd[m[K::shared_ptr<RBY1_Movement::srv::SpeedControl::Response> response) {
      |                                 [01;31m[K^~~[m[K
[01m[K/home/nvidia/ros2_ws/src/rby1_movement/src/rby1_movement_subscriber.cpp:155:36:[m[K [01;31m[Kerror: [m[Kincomplete type â€˜[01m[KRBY1_Movement[m[Kâ€™ used in nested name specifier
  155 |     rclcpp::Service<RBY1_Movement::[01;31m[Ksrv[m[K::SpeedControl>::SharedPtr speed_service_;
      |                                    [01;31m[K^~~[m[K
[01m[K/home/nvidia/ros2_ws/src/rby1_movement/src/rby1_movement_subscriber.cpp:155:53:[m[K [01;31m[Kerror: [m[Ktemplate argument 1 is invalid
  155 |     rclcpp::Service<RBY1_Movement::srv::SpeedControl[01;31m[K>[m[K::SharedPtr speed_service_;
      |                                                     [01;31m[K^[m[K
[01m[K/home/nvidia/ros2_ws/src/rby1_movement/src/rby1_movement_subscriber.cpp:155:56:[m[K [01;31m[Kerror: [m[Kexpected â€˜[01m[K;[m[Kâ€™ at end of member declaration
  155 |     rclcpp::Service<RBY1_Movement::srv::SpeedControl>::[01;31m[KSharedPtr[m[K speed_service_;
      |                                                        [01;31m[K^~~~~~~~~[m[K
      |                                                                 [32m[K;[m[K
[01m[K/home/nvidia/ros2_ws/src/rby1_movement/src/rby1_movement_subscriber.cpp:[m[K At global scope:
[01m[K/home/nvidia/ros2_ws/src/rby1_movement/src/rby1_movement_subscriber.cpp:76:70:[m[K [01;31m[Kerror: [m[Kincomplete type â€˜[01m[KRBY1_Movement[m[Kâ€™ used in nested name specifier
   76 |     void speed_control_callback(const std::shared_ptr<RBY1_Movement::[01;31m[Ksrv[m[K::SpeedControl::Request> request,
      |                                                                      [01;31m[K^~~[m[K
[01m[K/home/nvidia/ros2_ws/src/rby1_movement/src/rby1_movement_subscriber.cpp:76:96:[m[K [01;31m[Kerror: [m[Ktemplate argument 1 is invalid
   76 |     void speed_control_callback(const std::shared_ptr<RBY1_Movement::srv::SpeedControl::Request[01;31m[K>[m[K request,
      |                                                                                                [01;31m[K^[m[K
[01m[K/home/nvidia/ros2_ws/src/rby1_movement/src/rby1_movement_subscriber.cpp:76:70:[m[K [01;31m[Kerror: [m[Kincomplete type â€˜[01m[KRBY1_Movement[m[Kâ€™ used in nested name specifier
   76 |     void speed_control_callback(const std::shared_ptr<RBY1_Movement::[01;31m[Ksrv[m[K::SpeedControl::Request> request,
      |                                                                      [01;31m[K^~~[m[K
[01m[K/home/nvidia/ros2_ws/src/rby1_movement/src/rby1_movement_subscriber.cpp:76:96:[m[K [01;31m[Kerror: [m[Ktemplate argument 1 is invalid
   76 |     void speed_control_callback(const std::shared_ptr<RBY1_Movement::srv::SpeedControl::Request[01;31m[K>[m[K request,
      |                                                                                                [01;31m[K^[m[K
[01m[K/home/nvidia/ros2_ws/src/rby1_movement/src/rby1_movement_subscriber.cpp:76:70:[m[K [01;31m[Kerror: [m[Kincomplete type â€˜[01m[KRBY1_Movement[m[Kâ€™ used in nested name specifier
   76 |     void speed_control_callback(const std::shared_ptr<RBY1_Movement::[01;31m[Ksrv[m[K::SpeedControl::Request> request,
      |                                                                      [01;31m[K^~~[m[K
[01m[K/home/nvidia/ros2_ws/src/rby1_movement/src/rby1_movement_subscriber.cpp:76:96:[m[K [01;31m[Kerror: [m[Ktemplate argument 1 is invalid
   76 |     void speed_control_callback(const std::shared_ptr<RBY1_Movement::srv::SpeedControl::Request[01;31m[K>[m[K request,
      |                                                                                                [01;31m[K^[m[K
[01m[K/home/nvidia/ros2_ws/src/rby1_movement/src/rby1_movement_subscriber.cpp:76:39:[m[K [01;31m[Kerror: [m[Kinvalid template-id
   76 |     void speed_control_callback(const [01;31m[Kstd[m[K::shared_ptr<RBY1_Movement::srv::SpeedControl::Request> request,
      |                                       [01;31m[K^~~[m[K
[01m[K/home/nvidia/ros2_ws/src/rby1_movement/src/rby1_movement_subscriber.cpp:76:70:[m[K [01;31m[Kerror: [m[Kâ€˜[01m[KRBY1_Movement::srv[m[Kâ€™ has not been declared
   76 |     void speed_control_callback(const std::shared_ptr<RBY1_Movement::[01;31m[Ksrv[m[K::SpeedControl::Request> request,
      |                                                                      [01;31m[K^~~[m[K
[01m[K/home/nvidia/ros2_ws/src/rby1_movement/src/rby1_movement_subscriber.cpp:76:33:[m[K [01;31m[Kerror: [m[Kclass template placeholder â€˜[01m[Kstd::shared_ptr[m[Kâ€™ not permitted in this context
   76 |     void speed_control_callback([01;31m[Kconst[m[K std::shared_ptr<RBY1_Movement::srv::SpeedControl::Request> request,
      |                                 [01;31m[K^~~~~[m[K
[01m[K/home/nvidia/ros2_ws/src/rby1_movement/src/rby1_movement_subscriber.cpp:77:64:[m[K [01;31m[Kerror: [m[Kincomplete type â€˜[01m[KRBY1_Movement[m[Kâ€™ used in nested name specifier
   77 |                                 std::shared_ptr<RBY1_Movement::[01;31m[Ksrv[m[K::SpeedControl::Response> response) {
      |                                                                [01;31m[K^~~[m[K
[01m[K/home/nvidia/ros2_ws/src/rby1_movement/src/rby1_movement_subscriber.cpp:77:91:[m[K [01;31m[Kerror: [m[Ktemplate argument 1 is invalid
   77 |                                 std::shared_ptr<RBY1_Movement::srv::SpeedControl::Response[01;31m[K>[m[K response) {
      |                                                                                           [01;31m[K^[m[K
[01m[K/home/nvidia/ros2_ws/src/rby1_movement/src/rby1_movement_subscriber.cpp:77:64:[m[K [01;31m[Kerror: [m[Kincomplete type â€˜[01m[KRBY1_Movement[m[Kâ€™ used in nested name specifier
   77 |                                 std::shared_ptr<RBY1_Movement::[01;31m[Ksrv[m[K::SpeedControl::Response> response) {
      |                                                                [01;31m[K^~~[m[K
[01m[K/home/nvidia/ros2_ws/src/rby1_movement/src/rby1_movement_subscriber.cpp:77:91:[m[K [01;31m[Kerror: [m[Ktemplate argument 1 is invalid
   77 |                                 std::shared_ptr<RBY1_Movement::srv::SpeedControl::Response[01;31m[K>[m[K response) {
      |                                                                                           [01;31m[K^[m[K
[01m[K/home/nvidia/ros2_ws/src/rby1_movement/src/rby1_movement_subscriber.cpp:77:64:[m[K [01;31m[Kerror: [m[Kincomplete type â€˜[01m[KRBY1_Movement[m[Kâ€™ used in nested name specifier
   77 |                                 std::shared_ptr<RBY1_Movement::[01;31m[Ksrv[m[K::SpeedControl::Response> response) {
      |                                                                [01;31m[K^~~[m[K
[01m[K/home/nvidia/ros2_ws/src/rby1_movement/src/rby1_movement_subscriber.cpp:77:91:[m[K [01;31m[Kerror: [m[Ktemplate argument 1 is invalid
   77 |                                 std::shared_ptr<RBY1_Movement::srv::SpeedControl::Response[01;31m[K>[m[K response) {
      |                                                                                           [01;31m[K^[m[K
[01m[K/home/nvidia/ros2_ws/src/rby1_movement/src/rby1_movement_subscriber.cpp:77:33:[m[K [01;31m[Kerror: [m[Kinvalid template-id
   77 |                                 [01;31m[Kstd[m[K::shared_ptr<RBY1_Movement::srv::SpeedControl::Response> response) {
      |                                 [01;31m[K^~~[m[K
[01m[K/home/nvidia/ros2_ws/src/rby1_movement/src/rby1_movement_subscriber.cpp:77:64:[m[K [01;31m[Kerror: [m[Kâ€˜[01m[KRBY1_Movement::srv[m[Kâ€™ has not been declared
   77 |                                 std::shared_ptr<RBY1_Movement::[01;31m[Ksrv[m[K::SpeedControl::Response> response) {
      |                                                                [01;31m[K^~~[m[K
[01m[K/home/nvidia/ros2_ws/src/rby1_movement/src/rby1_movement_subscriber.cpp:77:33:[m[K [01;31m[Kerror: [m[Kclass template placeholder â€˜[01m[Kstd::shared_ptr[m[Kâ€™ not permitted in this context
   77 |                                 [01;31m[Kstd[m[K::shared_ptr<RBY1_Movement::srv::SpeedControl::Response> response) {
      |                                 [01;31m[K^~~[m[K
[01m[K/home/nvidia/ros2_ws/src/rby1_movement/src/rby1_movement_subscriber.cpp:155:66:[m[K [01;31m[Kerror: [m[Kâ€˜[01m[Kspeed_service_[m[Kâ€™ does not name a type
  155 |     rclcpp::Service<RBY1_Movement::srv::SpeedControl>::SharedPtr [01;31m[Kspeed_service_[m[K;
      |                                                                  [01;31m[K^~~~~~~~~~~~~~[m[K
[01m[K/home/nvidia/ros2_ws/src/rby1_movement/src/rby1_movement_subscriber.cpp:[m[K In constructor â€˜[01m[KRBY1_Movement::RBY1_Movement(std::shared_ptr<rb::Robot<rb::y1_model::A> >, std::unique_ptr<rb::RobotCommandStreamHandler<rb::y1_model::A> >)[m[Kâ€™:
[01m[K/home/nvidia/ros2_ws/src/rby1_movement/src/rby1_movement_subscriber.cpp:45:9:[m[K [01;31m[Kerror: [m[Kâ€˜[01m[Kspeed_service_[m[Kâ€™ was not declared in this scope
   45 |         [01;31m[Kspeed_service_[m[K = this->create_service<RBY1_Movement::srv::SpeedControl>(
      |         [01;31m[K^~~~~~~~~~~~~~[m[K
[01m[K/home/nvidia/ros2_ws/src/rby1_movement/src/rby1_movement_subscriber.cpp:45:62:[m[K [01;31m[Kerror: [m[Kâ€˜[01m[Ksrv[m[Kâ€™ is not a member of â€˜[01m[KRBY1_Movement[m[Kâ€™
   45 |         speed_service_ = this->create_service<RBY1_Movement::[01;31m[Ksrv[m[K::SpeedControl>(
      |                                                              [01;31m[K^~~[m[K
[01m[K/home/nvidia/ros2_ws/src/rby1_movement/src/rby1_movement_subscriber.cpp:45:32:[m[K [01;31m[Kerror: [m[Kparse error in template argument list
   45 |         speed_service_ = this->[01;31m[Kcreate_service<RBY1_Movement::srv::SpeedControl>[m[K(
      |                                [01;31m[K^~~~~~~~~~~~~~~~~~~~~~~~~~~~~~~~~~~~~~~~~~~~~~~~[m[K
[01m[K/home/nvidia/ros2_ws/src/rby1_movement/src/rby1_movement_subscriber.cpp:45:80:[m[K [01;31m[Kerror: [m[Kno matching function for call to â€˜[01m[KRBY1_Movement::create_service<<expression error> >(const char [14], std::_Bind_helper<false, void (RBY1_Movement::*)(...), RBY1_Movement*, const std::_Placeholder<1>&, const std::_Placeholder<2>&>::type)[m[Kâ€™
   45 |         speed_service_ = [01;31m[Kthis->create_service<RBY1_Movement::srv::SpeedControl>([m[K
      |                          [01;31m[K~~~~~~~~~~~~~~~~~~~~~~~~~~~~~~~~~~~~~~~~~~~~~~~~~~~~~~^[m[K
   46 | [01;31m[K            "speed_control",[m[K
      |             [01;31m[K~~~~~~~~~~~~~~~~[m[K                                                    
   47 | [01;31m[K            std::bind(&RBY1_Movement::speed_control_callback, this,[m[K
      |             [01;31m[K~~~~~~~~~~~~~~~~~~~~~~~~~~~~~~~~~~~~~~~~~~~~~~~~~~~~~~~[m[K             
   48 | [01;31m[K                      std::placeholders::_1, std::placeholders::_2)[m[K
      |                       [01;31m[K~~~~~~~~~~~~~~~~~~~~~~~~~~~~~~~~~~~~~~~~~~~~~[m[K             
   49 | [01;31m[K        )[m[K;
      |         [01;31m[K~[m[K                                                                       
In file included from [01m[K/opt/ros/humble/include/rclcpp/rclcpp/executors/single_threaded_executor.hpp:28[m[K,
                 from [01m[K/opt/ros/humble/include/rclcpp/rclcpp/executors.hpp:22[m[K,
                 from [01m[K/opt/ros/humble/include/rclcpp/rclcpp/rclcpp.hpp:155[m[K,
                 from [01m[K/home/nvidia/ros2_ws/src/rby1_movement/src/rby1_movement_subscriber.cpp:5[m[K:
[01m[K/opt/ros/humble/include/rclcpp/rclcpp/node.hpp:267:3:[m[K [01;36m[Knote: [m[Kcandidate: â€˜[01m[Ktemplate<class ServiceT, class CallbackT> typename rclcpp::Service<ServiceT>::SharedPtr rclcpp::Node::create_service(const string&, CallbackT&&, const rmw_qos_profile_t&, rclcpp::CallbackGroup::SharedPtr)[m[Kâ€™
  267 |   [01;36m[Kcreate_service[m[K(
      |   [01;36m[K^~~~~~~~~~~~~~[m[K
[01m[K/opt/ros/humble/include/rclcpp/rclcpp/node.hpp:267:3:[m[K [01;36m[Knote: [m[K  template argument deduction/substitution failed:
[01m[K/home/nvidia/ros2_ws/src/rby1_movement/src/rby1_movement_subscriber.cpp:45:80:[m[K [01;31m[Kerror: [m[Ktemplate argument 1 is invalid
   45 |         speed_service_ = [01;31m[Kthis->create_service<RBY1_Movement::srv::SpeedControl>([m[K
      |                          [01;31m[K~~~~~~~~~~~~~~~~~~~~~~~~~~~~~~~~~~~~~~~~~~~~~~~~~~~~~~^[m[K
   46 | [01;31m[K            "speed_control",[m[K
      |             [01;31m[K~~~~~~~~~~~~~~~~[m[K                                                    
   47 | [01;31m[K            std::bind(&RBY1_Movement::speed_control_callback, this,[m[K
      |             [01;31m[K~~~~~~~~~~~~~~~~~~~~~~~~~~~~~~~~~~~~~~~~~~~~~~~~~~~~~~~[m[K             
   48 | [01;31m[K                      std::placeholders::_1, std::placeholders::_2)[m[K
      |                       [01;31m[K~~~~~~~~~~~~~~~~~~~~~~~~~~~~~~~~~~~~~~~~~~~~~[m[K             
   49 | [01;31m[K        )[m[K;
      |         [01;31m[K~[m[K                                                                       
[01m[K/home/nvidia/ros2_ws/src/rby1_movement/src/rby1_movement_subscriber.cpp:155:36:[m[K [01;31m[Kerror: [m[Kincomplete type â€˜[01m[KRBY1_Movement[m[Kâ€™ used in nested name specifier
  155 |     rclcpp::Service<RBY1_Movement::[01;31m[Ksrv[m[K::SpeedControl>::SharedPtr speed_service_;
      |                                    [01;31m[K^~~[m[K
[01m[K/home/nvidia/ros2_ws/src/rby1_movement/src/rby1_movement_subscriber.cpp:155:53:[m[K [01;31m[Kerror: [m[Ktemplate argument 1 is invalid
  155 |     rclcpp::Service<RBY1_Movement::srv::SpeedControl[01;31m[K>[m[K::SharedPtr speed_service_;
      |                                                     [01;31m[K^[m[K
[01m[K/home/nvidia/ros2_ws/src/rby1_movement/src/rby1_movement_subscriber.cpp:155:56:[m[K [01;31m[Kerror: [m[Kexpected â€˜[01m[K;[m[Kâ€™ at end of member declaration
  155 |     rclcpp::Service<RBY1_Movement::srv::SpeedControl>::[01;31m[KSharedPtr[m[K speed_service_;
      |                                                        [01;31m[K^~~~~~~~~[m[K
      |                                                                 [32m[K;[m[K
[01m[K/home/nvidia/ros2_ws/src/rby1_movement/src/rby1_movement_subscriber.cpp:155:66:[m[K [01;31m[Kerror: [m[Kâ€˜[01m[Kspeed_service_[m[Kâ€™ does not name a type
  155 |     rclcpp::Service<RBY1_Movement::srv::SpeedControl>::SharedPtr [01;31m[Kspeed_service_[m[K;
      |                                                                  [01;31m[K^~~~~~~~~~~~~~[m[K
[01m[K/home/nvidia/ros2_ws/src/rby1_movement/src/rby1_movement_subscriber.cpp:[m[K In member function â€˜[01m[Kvoid RBY1_Movement::speed_control_callback(...)[m[Kâ€™:
[01m[K/home/nvidia/ros2_ws/src/rby1_movement/src/rby1_movement_subscriber.cpp:78:26:[m[K [01;31m[Kerror: [m[Kâ€˜[01m[Krequest[m[Kâ€™ was not declared in this scope
   78 |         current_speed_ = [01;31m[Krequest[m[K->speed_input;
      |                          [01;31m[K^~~~~~~[m[K
[01m[K/home/nvidia/ros2_ws/src/rby1_movement/src/rby1_movement_subscriber.cpp:79:9:[m[K [01;31m[Kerror: [m[Kâ€˜[01m[Kresponse[m[Kâ€™ was not declared in this scope
   79 |         [01;31m[Kresponse[m[K->success = true;
      |         [01;31m[K^~~~~~~~[m[K
[01m[K/home/nvidia/ros2_ws/src/rby1_movement/src/rby1_movement_subscriber.cpp:[m[K In constructor â€˜[01m[KRBY1_Movement::RBY1_Movement(std::shared_ptr<rb::Robot<rb::y1_model::A> >, std::unique_ptr<rb::RobotCommandStreamHandler<rb::y1_model::A> >)[m[Kâ€™:
[01m[K/home/nvidia/ros2_ws/src/rby1_movement/src/rby1_movement_subscriber.cpp:45:9:[m[K [01;31m[Kerror: [m[Kâ€˜[01m[Kspeed_service_[m[Kâ€™ was not declared in this scope
   45 |         [01;31m[Kspeed_service_[m[K = this->create_service<RBY1_Movement::srv::SpeedControl>(
      |         [01;31m[K^~~~~~~~~~~~~~[m[K
[01m[K/home/nvidia/ros2_ws/src/rby1_movement/src/rby1_movement_subscriber.cpp:45:62:[m[K [01;31m[Kerror: [m[Kâ€˜[01m[Ksrv[m[Kâ€™ is not a member of â€˜[01m[KRBY1_Movement[m[Kâ€™
   45 |         speed_service_ = this->create_service<RBY1_Movement::[01;31m[Ksrv[m[K::SpeedControl>(
      |                                                              [01;31m[K^~~[m[K
[01m[K/home/nvidia/ros2_ws/src/rby1_movement/src/rby1_movement_subscriber.cpp:45:32:[m[K [01;31m[Kerror: [m[Kparse error in template argument list
   45 |         speed_service_ = this->[01;31m[Kcreate_service<RBY1_Movement::srv::SpeedControl>[m[K(
      |                                [01;31m[K^~~~~~~~~~~~~~~~~~~~~~~~~~~~~~~~~~~~~~~~~~~~~~~~[m[K
[01m[K/home/nvidia/ros2_ws/src/rby1_movement/src/rby1_movement_subscriber.cpp:45:80:[m[K [01;31m[Kerror: [m[Kno matching function for call to â€˜[01m[KRBY1_Movement::create_service<<expression error> >(const char [14], std::_Bind_helper<false, void (RBY1_Movement::*)(...), RBY1_Movement*, const std::_Placeholder<1>&, const std::_Placeholder<2>&>::type)[m[Kâ€™
   45 |         speed_service_ = [01;31m[Kthis->create_service<RBY1_Movement::srv::SpeedControl>([m[K
      |                          [01;31m[K~~~~~~~~~~~~~~~~~~~~~~~~~~~~~~~~~~~~~~~~~~~~~~~~~~~~~~^[m[K
   46 | [01;31m[K            "speed_control",[m[K
      |             [01;31m[K~~~~~~~~~~~~~~~~[m[K                                                    
   47 | [01;31m[K            std::bind(&RBY1_Movement::speed_control_callback, this,[m[K
      |             [01;31m[K~~~~~~~~~~~~~~~~~~~~~~~~~~~~~~~~~~~~~~~~~~~~~~~~~~~~~~~[m[K             
   48 | [01;31m[K                      std::placeholders::_1, std::placeholders::_2)[m[K
      |                       [01;31m[K~~~~~~~~~~~~~~~~~~~~~~~~~~~~~~~~~~~~~~~~~~~~~[m[K             
   49 | [01;31m[K        )[m[K;
      |         [01;31m[K~[m[K                                                                       
In file included from [01m[K/opt/ros/humble/include/rclcpp/rclcpp/executors/single_threaded_executor.hpp:28[m[K,
                 from [01m[K/opt/ros/humble/include/rclcpp/rclcpp/executors.hpp:22[m[K,
                 from [01m[K/opt/ros/humble/include/rclcpp/rclcpp/rclcpp.hpp:155[m[K,
                 from [01m[K/home/nvidia/ros2_ws/src/rby1_movement/src/rby1_movement_subscriber.cpp:5[m[K:
[01m[K/opt/ros/humble/include/rclcpp/rclcpp/node.hpp:267:3:[m[K [01;36m[Knote: [m[Kcandidate: â€˜[01m[Ktemplate<class ServiceT, class CallbackT> typename rclcpp::Service<ServiceT>::SharedPtr rclcpp::Node::create_service(const string&, CallbackT&&, const rmw_qos_profile_t&, rclcpp::CallbackGroup::SharedPtr)[m[Kâ€™
  267 |   [01;36m[Kcreate_service[m[K(
      |   [01;36m[K^~~~~~~~~~~~~~[m[K
[01m[K/opt/ros/humble/include/rclcpp/rclcpp/node.hpp:267:3:[m[K [01;36m[Knote: [m[K  template argument deduction/substitution failed:
[01m[K/home/nvidia/ros2_ws/src/rby1_movement/src/rby1_movement_subscriber.cpp:45:80:[m[K [01;31m[Kerror: [m[Ktemplate argument 1 is invalid
   45 |         speed_service_ = [01;31m[Kthis->create_service<RBY1_Movement::srv::SpeedControl>([m[K
      |                          [01;31m[K~~~~~~~~~~~~~~~~~~~~~~~~~~~~~~~~~~~~~~~~~~~~~~~~~~~~~~^[m[K
   46 | [01;31m[K            "speed_control",[m[K
      |             [01;31m[K~~~~~~~~~~~~~~~~[m[K                                                    
   47 | [01;31m[K            std::bind(&RBY1_Movement::speed_control_callback, this,[m[K
      |             [01;31m[K~~~~~~~~~~~~~~~~~~~~~~~~~~~~~~~~~~~~~~~~~~~~~~~~~~~~~~~[m[K             
   48 | [01;31m[K                      std::placeholders::_1, std::placeholders::_2)[m[K
      |                       [01;31m[K~~~~~~~~~~~~~~~~~~~~~~~~~~~~~~~~~~~~~~~~~~~~~[m[K             
   49 | [01;31m[K        )[m[K;
      |         [01;31m[K~[m[K                                                                       
[01m[K/home/nvidia/ros2_ws/src/rby1_movement/src/rby1_movement_subscriber.cpp:[m[K In member function â€˜[01m[Kvoid RBY1_Movement::speed_control_callback(...)[m[Kâ€™:
[01m[K/home/nvidia/ros2_ws/src/rby1_movement/src/rby1_movement_subscriber.cpp:78:26:[m[K [01;31m[Kerror: [m[Kâ€˜[01m[Krequest[m[Kâ€™ was not declared in this scope
   78 |         current_speed_ = [01;31m[Krequest[m[K->speed_input;
      |                          [01;31m[K^~~~~~~[m[K
[01m[K/home/nvidia/ros2_ws/src/rby1_movement/src/rby1_movement_subscriber.cpp:79:9:[m[K [01;31m[Kerror: [m[Kâ€˜[01m[Kresponse[m[Kâ€™ was not declared in this scope
   79 |         [01;31m[Kresponse[m[K->success = true;
      |         [01;31m[K^~~~~~~~[m[K
In file included from [01m[K/usr/include/aarch64-linux-gnu/c++/11/bits/c++allocator.h:33[m[K,
                 from [01m[K/usr/include/c++/11/bits/allocator.h:46[m[K,
                 from [01m[K/usr/include/c++/11/string:41[m[K,
                 from [01m[K/usr/include/c++/11/bits/locale_classes.h:40[m[K,
                 from [01m[K/usr/include/c++/11/bits/ios_base.h:41[m[K,
                 from [01m[K/usr/include/c++/11/iomanip:40[m[K,
                 from [01m[K/home/nvidia/ros2_ws/src/rby1_movement/src/rby1_movement_subscriber.cpp:1[m[K:
/usr/include/c++/11/ext/new_allocator.h: In instantiation of â€˜[01m[Kvoid __gnu_cxx::new_allocator<_Tp>::construct(_Up*, _Args&& ...) [with _Up = RBY1_Movement; _Args = {std::shared_ptr<rb::Robot<rb::y1_model::A> >&, std::unique_ptr<rb::RobotCommandStreamHandler<rb::y1_model::A>, std::default_delete<rb::RobotCommandStreamHandler<rb::y1_model::A> > >, int&}; _Tp = RBY1_Movement][m[Kâ€™:
[01m[K/usr/include/c++/11/bits/alloc_traits.h:516:17:[m[K   required from â€˜[01m[Kstatic void std::allocator_traits<std::allocator<_CharT> >::construct(std::allocator_traits<std::allocator<_CharT> >::allocator_type&, _Up*, _Args&& ...) [with _Up = RBY1_Movement; _Args = {std::shared_ptr<rb::Robot<rb::y1_model::A> >&, std::unique_ptr<rb::RobotCommandStreamHandler<rb::y1_model::A>, std::default_delete<rb::RobotCommandStreamHandler<rb::y1_model::A> > >, int&}; _Tp = RBY1_Movement; std::allocator_traits<std::allocator<_CharT> >::allocator_type = std::allocator<RBY1_Movement>][m[Kâ€™
[01m[K/usr/include/c++/11/bits/shared_ptr_base.h:519:39:[m[K   required from â€˜[01m[Kstd::_Sp_counted_ptr_inplace<_Tp, _Alloc, _Lp>::_Sp_counted_ptr_inplace(_Alloc, _Args&& ...) [with _Args = {std::shared_ptr<rb::Robot<rb::y1_model::A> >&, std::unique_ptr<rb::RobotCommandStreamHandler<rb::y1_model::A>, std::default_delete<rb::RobotCommandStreamHandler<rb::y1_model::A> > >, int&}; _Tp = RBY1_Movement; _Alloc = std::allocator<RBY1_Movement>; __gnu_cxx::_Lock_policy _Lp = __gnu_cxx::_S_atomic][m[Kâ€™
[01m[K/usr/include/c++/11/bits/shared_ptr_base.h:650:16:[m[K   required from â€˜[01m[Kstd::__shared_count<_Lp>::__shared_count(_Tp*&, std::_Sp_alloc_shared_tag<_Alloc>, _Args&& ...) [with _Tp = RBY1_Movement; _Alloc = std::allocator<RBY1_Movement>; _Args = {std::shared_ptr<rb::Robot<rb::y1_model::A> >&, std::unique_ptr<rb::RobotCommandStreamHandler<rb::y1_model::A>, std::default_delete<rb::RobotCommandStreamHandler<rb::y1_model::A> > >, int&}; __gnu_cxx::_Lock_policy _Lp = __gnu_cxx::_S_atomic][m[Kâ€™
[01m[K/usr/include/c++/11/bits/shared_ptr_base.h:1342:14:[m[K   required from â€˜[01m[Kstd::__shared_ptr<_Tp, _Lp>::__shared_ptr(std::_Sp_alloc_shared_tag<_Tp>, _Args&& ...) [with _Alloc = std::allocator<RBY1_Movement>; _Args = {std::shared_ptr<rb::Robot<rb::y1_model::A> >&, std::unique_ptr<rb::RobotCommandStreamHandler<rb::y1_model::A>, std::default_delete<rb::RobotCommandStreamHandler<rb::y1_model::A> > >, int&}; _Tp = RBY1_Movement; __gnu_cxx::_Lock_policy _Lp = __gnu_cxx::_S_atomic][m[Kâ€™
[01m[K/usr/include/c++/11/bits/shared_ptr.h:409:59:[m[K   required from â€˜[01m[Kstd::shared_ptr<_Tp>::shared_ptr(std::_Sp_alloc_shared_tag<_Tp>, _Args&& ...) [with _Alloc = std::allocator<RBY1_Movement>; _Args = {std::shared_ptr<rb::Robot<rb::y1_model::A> >&, std::unique_ptr<rb::RobotCommandStreamHandler<rb::y1_model::A>, std::default_delete<rb::RobotCommandStreamHandler<rb::y1_model::A> > >, int&}; _Tp = RBY1_Movement][m[Kâ€™
[01m[K/usr/include/c++/11/bits/shared_ptr.h:862:14:[m[K   required from â€˜[01m[Kstd::shared_ptr<_Tp> std::allocate_shared(const _Alloc&, _Args&& ...) [with _Tp = RBY1_Movement; _Alloc = std::allocator<RBY1_Movement>; _Args = {std::shared_ptr<rb::Robot<rb::y1_model::A> >&, std::unique_ptr<rb::RobotCommandStreamHandler<rb::y1_model::A>, std::default_delete<rb::RobotCommandStreamHandler<rb::y1_model::A> > >, int&}][m[Kâ€™
[01m[K/usr/include/c++/11/bits/shared_ptr.h:878:39:[m[K   required from â€˜[01m[Kstd::shared_ptr<_Tp> std::make_shared(_Args&& ...) [with _Tp = RBY1_Movement; _Args = {std::shared_ptr<rb::Robot<rb::y1_model::A> >&, std::unique_ptr<rb::RobotCommandStreamHandler<rb::y1_model::A>, std::default_delete<rb::RobotCommandStreamHandler<rb::y1_model::A> > >, int&}][m[Kâ€™
[01m[K/home/nvidia/ros2_ws/src/rby1_movement/src/rby1_movement_subscriber.cpp:181:49:[m[K   required from here
[01m[K/usr/include/c++/11/ext/new_allocator.h:162:11:[m[K [01;31m[Kerror: [m[Kno matching function for call to â€˜[01m[KRBY1_Movement::RBY1_Movement(std::shared_ptr<rb::Robot<rb::y1_model::A> >&, std::unique_ptr<rb::RobotCommandStreamHandler<rb::y1_model::A> >, int&)[m[Kâ€™
  162 |         { [01;31m[K::new((void *)__p) _Up(std::forward<_Args>(__args)...)[m[K; }
      |           [01;31m[K^~~~~~~~~~~~~~~~~~~~~~~~~~~~~~~~~~~~~~~~~~~~~~~~~~~~~~[m[K
[01m[K/home/nvidia/ros2_ws/src/rby1_movement/src/rby1_movement_subscriber.cpp:23:5:[m[K [01;36m[Knote: [m[Kcandidate: â€˜[01m[KRBY1_Movement::RBY1_Movement(std::shared_ptr<rb::Robot<rb::y1_model::A> >, std::unique_ptr<rb::RobotCommandStreamHandler<rb::y1_model::A> >)[m[Kâ€™
   23 |     [01;36m[KRBY1_Movement[m[K(std::shared_ptr<rb::Robot<rb::y1_model::A>> robot_,
      |     [01;36m[K^~~~~~~~~~~~~[m[K
[01m[K/home/nvidia/ros2_ws/src/rby1_movement/src/rby1_movement_subscriber.cpp:23:5:[m[K [01;36m[Knote: [m[K  candidate expects 2 arguments, 3 provided
In file included from [01m[K/usr/include/aarch64-linux-gnu/c++/11/bits/c++allocator.h:33[m[K,
                 from [01m[K/usr/include/c++/11/bits/allocator.h:46[m[K,
                 from [01m[K/usr/include/c++/11/string:41[m[K,
                 from [01m[K/usr/include/c++/11/bits/locale_classes.h:40[m[K,
                 from [01m[K/usr/include/c++/11/bits/ios_base.h:41[m[K,
                 from [01m[K/usr/include/c++/11/iomanip:40[m[K,
                 from [01m[K/home/nvidia/ros2_ws/src/rby1_movement/src/rby1_movement_subscriber.cpp:1[m[K:
/usr/include/c++/11/ext/new_allocator.h: In instantiation of â€˜[01m[Kvoid __gnu_cxx::new_allocator<_Tp>::construct(_Up*, _Args&& ...) [with _Up = RBY1_Movement; _Args = {std::shared_ptr<rb::Robot<rb::y1_model::A> >&, std::unique_ptr<rb::RobotCommandStreamHandler<rb::y1_model::A>, std::default_delete<rb::RobotCommandStreamHandler<rb::y1_model::A> > >, int&}; _Tp = RBY1_Movement][m[Kâ€™:
[01m[K/usr/include/c++/11/bits/alloc_traits.h:516:17:[m[K   required from â€˜[01m[Kstatic void std::allocator_traits<std::allocator<_CharT> >::construct(std::allocator_traits<std::allocator<_CharT> >::allocator_type&, _Up*, _Args&& ...) [with _Up = RBY1_Movement; _Args = {std::shared_ptr<rb::Robot<rb::y1_model::A> >&, std::unique_ptr<rb::RobotCommandStreamHandler<rb::y1_model::A>, std::default_delete<rb::RobotCommandStreamHandler<rb::y1_model::A> > >, int&}; _Tp = RBY1_Movement; std::allocator_traits<std::allocator<_CharT> >::allocator_type = std::allocator<RBY1_Movement>][m[Kâ€™
[01m[K/usr/include/c++/11/bits/shared_ptr_base.h:519:39:[m[K   required from â€˜[01m[Kstd::_Sp_counted_ptr_inplace<_Tp, _Alloc, _Lp>::_Sp_counted_ptr_inplace(_Alloc, _Args&& ...) [with _Args = {std::shared_ptr<rb::Robot<rb::y1_model::A> >&, std::unique_ptr<rb::RobotCommandStreamHandler<rb::y1_model::A>, std::default_delete<rb::RobotCommandStreamHandler<rb::y1_model::A> > >, int&}; _Tp = RBY1_Movement; _Alloc = std::allocator<RBY1_Movement>; __gnu_cxx::_Lock_policy _Lp = __gnu_cxx::_S_atomic][m[Kâ€™
[01m[K/usr/include/c++/11/bits/shared_ptr_base.h:650:16:[m[K   required from â€˜[01m[Kstd::__shared_count<_Lp>::__shared_count(_Tp*&, std::_Sp_alloc_shared_tag<_Alloc>, _Args&& ...) [with _Tp = RBY1_Movement; _Alloc = std::allocator<RBY1_Movement>; _Args = {std::shared_ptr<rb::Robot<rb::y1_model::A> >&, std::unique_ptr<rb::RobotCommandStreamHandler<rb::y1_model::A>, std::default_delete<rb::RobotCommandStreamHandler<rb::y1_model::A> > >, int&}; __gnu_cxx::_Lock_policy _Lp = __gnu_cxx::_S_atomic][m[Kâ€™
[01m[K/usr/include/c++/11/bits/shared_ptr_base.h:1342:14:[m[K   required from â€˜[01m[Kstd::__shared_ptr<_Tp, _Lp>::__shared_ptr(std::_Sp_alloc_shared_tag<_Tp>, _Args&& ...) [with _Alloc = std::allocator<RBY1_Movement>; _Args = {std::shared_ptr<rb::Robot<rb::y1_model::A> >&, std::unique_ptr<rb::RobotCommandStreamHandler<rb::y1_model::A>, std::default_delete<rb::RobotCommandStreamHandler<rb::y1_model::A> > >, int&}; _Tp = RBY1_Movement; __gnu_cxx::_Lock_policy _Lp = __gnu_cxx::_S_atomic][m[Kâ€™
[01m[K/usr/include/c++/11/bits/shared_ptr.h:409:59:[m[K   required from â€˜[01m[Kstd::shared_ptr<_Tp>::shared_ptr(std::_Sp_alloc_shared_tag<_Tp>, _Args&& ...) [with _Alloc = std::allocator<RBY1_Movement>; _Args = {std::shared_ptr<rb::Robot<rb::y1_model::A> >&, std::unique_ptr<rb::RobotCommandStreamHandler<rb::y1_model::A>, std::default_delete<rb::RobotCommandStreamHandler<rb::y1_model::A> > >, int&}; _Tp = RBY1_Movement][m[Kâ€™
[01m[K/usr/include/c++/11/bits/shared_ptr.h:862:14:[m[K   required from â€˜[01m[Kstd::shared_ptr<_Tp> std::allocate_shared(const _Alloc&, _Args&& ...) [with _Tp = RBY1_Movement; _Alloc = std::allocator<RBY1_Movement>; _Args = {std::shared_ptr<rb::Robot<rb::y1_model::A> >&, std::unique_ptr<rb::RobotCommandStreamHandler<rb::y1_model::A>, std::default_delete<rb::RobotCommandStreamHandler<rb::y1_model::A> > >, int&}][m[Kâ€™
[01m[K/usr/include/c++/11/bits/shared_ptr.h:878:39:[m[K   required from â€˜[01m[Kstd::shared_ptr<_Tp> std::make_shared(_Args&& ...) [with _Tp = RBY1_Movement; _Args = {std::shared_ptr<rb::Robot<rb::y1_model::A> >&, std::unique_ptr<rb::RobotCommandStreamHandler<rb::y1_model::A>, std::default_delete<rb::RobotCommandStreamHandler<rb::y1_model::A> > >, int&}][m[Kâ€™
[01m[K/home/nvidia/ros2_ws/src/rby1_movement/src/rby1_movement_subscriber.cpp:181:49:[m[K   required from here
[01m[K/usr/include/c++/11/ext/new_allocator.h:162:11:[m[K [01;31m[Kerror: [m[Kno matching function for call to â€˜[01m[KRBY1_Movement::RBY1_Movement(std::shared_ptr<rb::Robot<rb::y1_model::A> >&, std::unique_ptr<rb::RobotCommandStreamHandler<rb::y1_model::A> >, int&)[m[Kâ€™
  162 |         { [01;31m[K::new((void *)__p) _Up(std::forward<_Args>(__args)...)[m[K; }
      |           [01;31m[K^~~~~~~~~~~~~~~~~~~~~~~~~~~~~~~~~~~~~~~~~~~~~~~~~~~~~~[m[K
[01m[K/home/nvidia/ros2_ws/src/rby1_movement/src/rby1_movement_subscriber.cpp:23:5:[m[K [01;36m[Knote: [m[Kcandidate: â€˜[01m[KRBY1_Movement::RBY1_Movement(std::shared_ptr<rb::Robot<rb::y1_model::A> >, std::unique_ptr<rb::RobotCommandStreamHandler<rb::y1_model::A> >)[m[Kâ€™
   23 |     [01;36m[KRBY1_Movement[m[K(std::shared_ptr<rb::Robot<rb::y1_model::A>> robot_,
      |     [01;36m[K^~~~~~~~~~~~~[m[K
[01m[K/home/nvidia/ros2_ws/src/rby1_movement/src/rby1_movement_subscriber.cpp:23:5:[m[K [01;36m[Knote: [m[K  candidate expects 2 arguments, 3 provided
gmake[2]: *** [CMakeFiles/rby1_movement_subscriber.dir/build.make:79: CMakeFiles/rby1_movement_subscriber.dir/src/rby1_movement_subscriber.cpp.o] Error 1
gmake[1]: *** [CMakeFiles/Makefile2:731: CMakeFiles/rby1_movement_subscriber.dir/all] Error 2
gmake[1]: *** Waiting for unfinished jobs....
gmake[2]: *** [CMakeFiles/speed_server.dir/build.make:79: CMakeFiles/speed_server.dir/src/rby1_movement_subscriber.cpp.o] Error 1
gmake[1]: *** [CMakeFiles/Makefile2:763: CMakeFiles/speed_server.dir/all] Error 2
gmake: *** [Makefile:146: all] Error 2
