[0.022s] Invoking command in '/home/nvidia/ros2_ws/src/rby1_movement/build/rby1_movement': CMAKE_PREFIX_PATH=${CMAKE_PREFIX_PATH}:/opt/ros/humble /usr/bin/cmake --build /home/nvidia/ros2_ws/src/rby1_movement/build/rby1_movement -- -j8 -l8
[0.098s] [ 50%] [32mBuilding CXX object CMakeFiles/rby1_movement_subscriber.dir/src/rby1_movement_subscriber.cpp.o[0m
[7.512s] [01m[K/home/nvidia/ros2_ws/src/rby1_movement/src/rby1_movement_subscriber.cpp:[m[K In member function â€˜[01m[Kvoid RBY1_Movement::joy_callback(sensor_msgs::msg::Joy_<std::allocator<void> >::SharedPtr)[m[Kâ€™:
[7.513s] [01m[K/home/nvidia/ros2_ws/src/rby1_movement/src/rby1_movement_subscriber.cpp:68:42:[m[K [01;31m[Kerror: [m[Kâ€˜[01m[Kend1[m[Kâ€™ is not a member of â€˜[01m[Kstd[m[Kâ€™; did you mean â€˜[01m[Kends[m[Kâ€™?
[7.513s]    68 |         std::cout << "here1" << std::[01;31m[Kend1[m[K;
[7.513s]       |                                      [01;31m[K^~~~[m[K
[7.513s]       |                                      [32m[Kends[m[K
[7.515s] [01m[K/home/nvidia/ros2_ws/src/rby1_movement/src/rby1_movement_subscriber.cpp:86:42:[m[K [01;31m[Kerror: [m[Kâ€˜[01m[Kend1[m[Kâ€™ is not a member of â€˜[01m[Kstd[m[Kâ€™; did you mean â€˜[01m[Kends[m[Kâ€™?
[7.515s]    86 |         std::cout << "here2" << std::[01;31m[Kend1[m[K;
[7.515s]       |                                      [01;31m[K^~~~[m[K
[7.515s]       |                                      [32m[Kends[m[K
[7.516s] [01m[K/home/nvidia/ros2_ws/src/rby1_movement/src/rby1_movement_subscriber.cpp:106:42:[m[K [01;31m[Kerror: [m[Kâ€˜[01m[Kend1[m[Kâ€™ is not a member of â€˜[01m[Kstd[m[Kâ€™; did you mean â€˜[01m[Kends[m[Kâ€™?
[7.516s]   106 |         std::cout << "here3" << std::[01;31m[Kend1[m[K;
[7.516s]       |                                      [01;31m[K^~~~[m[K
[7.516s]       |                                      [32m[Kends[m[K
[7.517s] [01m[K/home/nvidia/ros2_ws/src/rby1_movement/src/rby1_movement_subscriber.cpp:112:42:[m[K [01;31m[Kerror: [m[Kâ€˜[01m[Kend1[m[Kâ€™ is not a member of â€˜[01m[Kstd[m[Kâ€™; did you mean â€˜[01m[Kends[m[Kâ€™?
[7.517s]   112 |         std::cout << "here4" << std::[01;31m[Kend1[m[K;
[7.517s]       |                                      [01;31m[K^~~~[m[K
[7.518s]       |                                      [32m[Kends[m[K
[7.518s] [01m[K/home/nvidia/ros2_ws/src/rby1_movement/src/rby1_movement_subscriber.cpp:114:42:[m[K [01;31m[Kerror: [m[Kâ€˜[01m[Kend1[m[Kâ€™ is not a member of â€˜[01m[Kstd[m[Kâ€™; did you mean â€˜[01m[Kends[m[Kâ€™?
[7.518s]   114 |         std::cout << "here5" << std::[01;31m[Kend1[m[K;
[7.519s]       |                                      [01;31m[K^~~~[m[K
[7.519s]       |                                      [32m[Kends[m[K
[13.009s] gmake[2]: *** [CMakeFiles/rby1_movement_subscriber.dir/build.make:79: CMakeFiles/rby1_movement_subscriber.dir/src/rby1_movement_subscriber.cpp.o] Error 1
[13.010s] gmake[1]: *** [CMakeFiles/Makefile2:153: CMakeFiles/rby1_movement_subscriber.dir/all] Error 2
[13.011s] gmake: *** [Makefile:146: all] Error 2
[13.017s] Invoked command in '/home/nvidia/ros2_ws/src/rby1_movement/build/rby1_movement' returned '2': CMAKE_PREFIX_PATH=${CMAKE_PREFIX_PATH}:/opt/ros/humble /usr/bin/cmake --build /home/nvidia/ros2_ws/src/rby1_movement/build/rby1_movement -- -j8 -l8
