[0.023s] Invoking command in '/home/nvidia/ros2_ws/src/rby1_movement/build/rby1_movement': CMAKE_PREFIX_PATH=${CMAKE_PREFIX_PATH}:/opt/ros/humble /usr/bin/cmake --build /home/nvidia/ros2_ws/src/rby1_movement/build/rby1_movement -- -j8 -l8
[0.108s] [ 50%] [32mBuilding CXX object CMakeFiles/rby1_movement_subscriber.dir/src/rby1_movement_subscriber.cpp.o[0m
[7.422s] [01m[K/home/nvidia/ros2_ws/src/rby1_movement/src/rby1_movement_subscriber.cpp:58:57:[m[K [01;31m[Kerror: [m[Kexpected identifier before string constant
[7.423s]    58 |     std::shared_ptr<rb::Robot<rb::y1_model::A>>::Create([01;31m[K"192.168.30.1:50051"[m[K) robot;
[7.423s]       |                                                         [01;31m[K^~~~~~~~~~~~~~~~~~~~[m[K
[7.423s] [01m[K/home/nvidia/ros2_ws/src/rby1_movement/src/rby1_movement_subscriber.cpp:58:57:[m[K [01;31m[Kerror: [m[Kexpected â€˜[01m[K,[m[Kâ€™ or â€˜[01m[K...[m[Kâ€™ before string constant
[7.423s] [01m[K/home/nvidia/ros2_ws/src/rby1_movement/src/rby1_movement_subscriber.cpp:58:5:[m[K [01;31m[Kerror: [m[KISO C++ forbids declaration of â€˜[01m[KCreate[m[Kâ€™ with no type [[01;31m[K]8;;https://gcc.gnu.org/onlinedocs/gcc/Warning-Options.html#index-fpermissive-fpermissive]8;;[m[K]
[7.424s]    58 |     [01;31m[Kstd[m[K::shared_ptr<rb::Robot<rb::y1_model::A>>::Create("192.168.30.1:50051") robot;
[7.424s]       |     [01;31m[K^~~[m[K
[7.424s] [01m[K/home/nvidia/ros2_ws/src/rby1_movement/src/rby1_movement_subscriber.cpp:58:5:[m[K [01;31m[Kerror: [m[Kcannot declare member function â€˜[01m[Kstd::shared_ptr<rb::Robot<rb::y1_model::A> >::Create[m[Kâ€™ within â€˜[01m[KRBY1_Movement[m[Kâ€™
[7.424s] [01m[K/home/nvidia/ros2_ws/src/rby1_movement/src/rby1_movement_subscriber.cpp:58:77:[m[K [01;31m[Kerror: [m[Kexpected â€˜[01m[K;[m[Kâ€™ at end of member declaration
[7.424s]    58 |     std::shared_ptr<rb::Robot<rb::y1_model::A>>::Create("192.168.30.1:50051"[01;31m[K)[m[K robot;
[7.425s]       |                                                                             [01;31m[K^[m[K
[7.425s]       |                                                                              [32m[K;[m[K
[7.427s] [01m[K/home/nvidia/ros2_ws/src/rby1_movement/src/rby1_movement_subscriber.cpp:58:79:[m[K [01;31m[Kerror: [m[Kâ€˜[01m[Krobot[m[Kâ€™ does not name a type
[7.428s]    58 |     std::shared_ptr<rb::Robot<rb::y1_model::A>>::Create("192.168.30.1:50051") [01;31m[Krobot[m[K;
[7.428s]       |                                                                               [01;31m[K^~~~~[m[K
[7.532s] [01m[K/home/nvidia/ros2_ws/src/rby1_movement/src/rby1_movement_subscriber.cpp:[m[K In lambda function:
[7.532s] [01m[K/home/nvidia/ros2_ws/src/rby1_movement/src/rby1_movement_subscriber.cpp:21:9:[m[K [01;31m[Kerror: [m[Kâ€˜[01m[Krobot[m[Kâ€™ was not declared in this scope
[7.532s]    21 |         [01;31m[Krobot[m[K->Connect();
[7.532s]       |         [01;31m[K^~~~~[m[K
[7.580s] [01m[K/home/nvidia/ros2_ws/src/rby1_movement/src/rby1_movement_subscriber.cpp:[m[K In member function â€˜[01m[Kvoid RBY1_Movement::joy_callback(sensor_msgs::msg::Joy_<std::allocator<void> >::SharedPtr)[m[Kâ€™:
[7.580s] [01m[K/home/nvidia/ros2_ws/src/rby1_movement/src/rby1_movement_subscriber.cpp:71:27:[m[K [01;31m[Kerror: [m[Kâ€˜[01m[Krobot[m[Kâ€™ was not declared in this scope
[7.580s]    71 |                 auto rv = [01;31m[Krobot[m[K
[7.580s]       |                           [01;31m[K^~~~~[m[K
[13.110s] gmake[2]: *** [CMakeFiles/rby1_movement_subscriber.dir/build.make:79: CMakeFiles/rby1_movement_subscriber.dir/src/rby1_movement_subscriber.cpp.o] Error 1
[13.111s] gmake[1]: *** [CMakeFiles/Makefile2:153: CMakeFiles/rby1_movement_subscriber.dir/all] Error 2
[13.111s] gmake: *** [Makefile:146: all] Error 2
[13.117s] Invoked command in '/home/nvidia/ros2_ws/src/rby1_movement/build/rby1_movement' returned '2': CMAKE_PREFIX_PATH=${CMAKE_PREFIX_PATH}:/opt/ros/humble /usr/bin/cmake --build /home/nvidia/ros2_ws/src/rby1_movement/build/rby1_movement -- -j8 -l8
