[ 50%] [32mBuilding CXX object CMakeFiles/rby1_base_movement_subscriber.dir/src/rby1_base_movement_subscriber.cpp.o[0m
[01m[K/home/nvidia/ros2_ws/src/rby1_base_movement/src/rby1_base_movement_subscriber.cpp:[m[K In constructor â€˜[01m[KRBY1_Movement::RBY1_Movement(std::shared_ptr<rb::Robot<rb::y1_model::A> >, std::unique_ptr<rb::RobotCommandStreamHandler<rb::y1_model::A> >)[m[Kâ€™:
[01m[K/home/nvidia/ros2_ws/src/rby1_base_movement/src/rby1_base_movement_subscriber.cpp:43:9:[m[K [01;31m[Kerror: [m[Kâ€˜[01m[Kjoy_pub_[m[Kâ€™ was not declared in this scope; did you mean â€˜[01m[Kjoy_sub_[m[Kâ€™?
   43 |         [01;31m[Kjoy_pub_[m[K = this->create_publisher<sensor_msgs::msg::JointState> (
      |         [01;31m[K^~~~~~~~[m[K
      |         [32m[Kjoy_sub_[m[K
[01m[K/home/nvidia/ros2_ws/src/rby1_base_movement/src/rby1_base_movement_subscriber.cpp:[m[K In function â€˜[01m[Kint main(int, char**)[m[Kâ€™:
[01m[K/home/nvidia/ros2_ws/src/rby1_base_movement/src/rby1_base_movement_subscriber.cpp:141:9:[m[K [01;35m[Kwarning: [m[Kunused variable â€˜[01m[Kspeed_control[m[Kâ€™ [[01;35m[K]8;;https://gcc.gnu.org/onlinedocs/gcc/Warning-Options.html#index-Wunused-variable-Wunused-variable]8;;[m[K]
  141 |     int [01;35m[Kspeed_control[m[K;
      |         [01;35m[K^~~~~~~~~~~~~[m[K
gmake[2]: *** [CMakeFiles/rby1_base_movement_subscriber.dir/build.make:79: CMakeFiles/rby1_base_movement_subscriber.dir/src/rby1_base_movement_subscriber.cpp.o] Error 1
gmake[1]: *** [CMakeFiles/Makefile2:153: CMakeFiles/rby1_base_movement_subscriber.dir/all] Error 2
gmake: *** [Makefile:146: all] Error 2
