[0.029s] Invoking command in '/home/nvidia/ros2_ws/src/rby1_base_movement/build/rby1_base_movement': CMAKE_PREFIX_PATH=${CMAKE_PREFIX_PATH}:/home/nvidia/rby1_ros2_ws/install/rby1_subscriber_pkg:/home/nvidia/rby1_ros2_ws/install/rby1_mobile_control:/home/nvidia/ros2_ws/src/install/launch_param_builder:/home/nvidia/ros2_ws/src/install/keyboard_joy:/home/nvidia/ros2_ws/install/launch_param_builder:/home/nvidia/ros2_ws/install/keyboard_joy:/opt/ros/humble /usr/bin/cmake --build /home/nvidia/ros2_ws/src/rby1_base_movement/build/rby1_base_movement -- -j8 -l8
[0.113s] [ 50%] [32mBuilding CXX object CMakeFiles/rby1_base_movement_subscriber.dir/src/rby1_base_movement_subscriber.cpp.o[0m
[7.643s] [01m[K/home/nvidia/ros2_ws/src/rby1_base_movement/src/rby1_base_movement_subscriber.cpp:[m[K In constructor â€˜[01m[KRBY1_Movement::RBY1_Movement(std::shared_ptr<rb::Robot<rb::y1_model::A> >, std::unique_ptr<rb::RobotCommandStreamHandler<rb::y1_model::A> >)[m[Kâ€™:
[7.643s] [01m[K/home/nvidia/ros2_ws/src/rby1_base_movement/src/rby1_base_movement_subscriber.cpp:43:9:[m[K [01;31m[Kerror: [m[Kâ€˜[01m[Kjoy_pub_[m[Kâ€™ was not declared in this scope; did you mean â€˜[01m[Kjoy_sub_[m[Kâ€™?
[7.644s]    43 |         [01;31m[Kjoy_pub_[m[K = this->create_publisher<sensor_msgs::msg::JointState> (
[7.644s]       |         [01;31m[K^~~~~~~~[m[K
[7.644s]       |         [32m[Kjoy_sub_[m[K
[7.682s] [01m[K/home/nvidia/ros2_ws/src/rby1_base_movement/src/rby1_base_movement_subscriber.cpp:[m[K In function â€˜[01m[Kint main(int, char**)[m[Kâ€™:
[7.683s] [01m[K/home/nvidia/ros2_ws/src/rby1_base_movement/src/rby1_base_movement_subscriber.cpp:141:9:[m[K [01;35m[Kwarning: [m[Kunused variable â€˜[01m[Kspeed_control[m[Kâ€™ [[01;35m[K]8;;https://gcc.gnu.org/onlinedocs/gcc/Warning-Options.html#index-Wunused-variable-Wunused-variable]8;;[m[K]
[7.683s]   141 |     int [01;35m[Kspeed_control[m[K;
[7.683s]       |         [01;35m[K^~~~~~~~~~~~~[m[K
[13.272s] gmake[2]: *** [CMakeFiles/rby1_base_movement_subscriber.dir/build.make:79: CMakeFiles/rby1_base_movement_subscriber.dir/src/rby1_base_movement_subscriber.cpp.o] Error 1
[13.273s] gmake[1]: *** [CMakeFiles/Makefile2:153: CMakeFiles/rby1_base_movement_subscriber.dir/all] Error 2
[13.273s] gmake: *** [Makefile:146: all] Error 2
[13.278s] Invoked command in '/home/nvidia/ros2_ws/src/rby1_base_movement/build/rby1_base_movement' returned '2': CMAKE_PREFIX_PATH=${CMAKE_PREFIX_PATH}:/home/nvidia/rby1_ros2_ws/install/rby1_subscriber_pkg:/home/nvidia/rby1_ros2_ws/install/rby1_mobile_control:/home/nvidia/ros2_ws/src/install/launch_param_builder:/home/nvidia/ros2_ws/src/install/keyboard_joy:/home/nvidia/ros2_ws/install/launch_param_builder:/home/nvidia/ros2_ws/install/keyboard_joy:/opt/ros/humble /usr/bin/cmake --build /home/nvidia/ros2_ws/src/rby1_base_movement/build/rby1_base_movement -- -j8 -l8
