[0.023s] Invoking command in '/home/nvidia/ros2_ws/src/rby1_movement/build/rby1_movement': CMAKE_PREFIX_PATH=${CMAKE_PREFIX_PATH}:/home/nvidia/ros2_ws/install/keyboard_joy:/opt/ros/humble /usr/bin/cmake --build /home/nvidia/ros2_ws/src/rby1_movement/build/rby1_movement -- -j8 -l8
[0.055s] -- Found ament_cmake: 1.3.11 (/opt/ros/humble/share/ament_cmake/cmake)
[0.490s] -- Found rclcpp: 16.0.12 (/opt/ros/humble/share/rclcpp/cmake)
[0.567s] -- Found rosidl_generator_c: 3.1.6 (/opt/ros/humble/share/rosidl_generator_c/cmake)
[0.571s] -- Found rosidl_adapter: 3.1.6 (/opt/ros/humble/share/rosidl_adapter/cmake)
[0.581s] -- Found rosidl_generator_cpp: 3.1.6 (/opt/ros/humble/share/rosidl_generator_cpp/cmake)
[0.598s] -- Using all available rosidl_typesupport_c: rosidl_typesupport_fastrtps_c;rosidl_typesupport_introspection_c
[0.620s] -- Using all available rosidl_typesupport_cpp: rosidl_typesupport_fastrtps_cpp;rosidl_typesupport_introspection_cpp
[0.676s] -- Found rmw_implementation_cmake: 6.1.2 (/opt/ros/humble/share/rmw_implementation_cmake/cmake)
[0.679s] -- Found rmw_cyclonedds_cpp: 1.3.4 (/opt/ros/humble/share/rmw_cyclonedds_cpp/cmake)
[0.709s] -- Using RMW implementation 'rmw_cyclonedds_cpp' as default
[0.794s] -- Found sensor_msgs: 4.8.0 (/opt/ros/humble/share/sensor_msgs/cmake)
[0.846s] -- Found rosidl_default_generators: 1.2.0 (/opt/ros/humble/share/rosidl_default_generators/cmake)
[1.799s] -- Found ament_cmake_ros: 0.10.0 (/opt/ros/humble/share/ament_cmake_ros/cmake)
[3.677s] -- Using all available rosidl_typesupport_c: rosidl_typesupport_fastrtps_c;rosidl_typesupport_introspection_c
[4.430s] -- Using all available rosidl_typesupport_cpp: rosidl_typesupport_fastrtps_cpp;rosidl_typesupport_introspection_cpp
[4.439s] [33mCMake Warning (dev) at /opt/ros/humble/share/rosidl_generator_py/cmake/rosidl_generator_py_generate_interfaces.cmake:20 (find_package):
[4.439s]   Policy CMP0148 is not set: The FindPythonInterp and FindPythonLibs modules
[4.439s]   are removed.  Run "cmake --help-policy CMP0148" for policy details.  Use
[4.439s]   the cmake_policy command to set the policy and suppress this warning.
[4.439s] 
[4.440s] Call Stack (most recent call first):
[4.440s]   /opt/ros/humble/share/ament_cmake_core/cmake/core/ament_execute_extensions.cmake:48 (include)
[4.440s]   /opt/ros/humble/share/rosidl_cmake/cmake/rosidl_generate_interfaces.cmake:286 (ament_execute_extensions)
[4.440s]   CMakeLists.txt:27 (rosidl_generate_interfaces)
[4.440s] This warning is for project developers.  Use -Wno-dev to suppress it.
[4.441s] [0m
[4.485s] -- Found python_cmake_module: 0.10.0 (/opt/ros/humble/share/python_cmake_module/cmake)
[4.488s] [33mCMake Warning (dev) at /opt/ros/humble/share/python_cmake_module/cmake/Modules/FindPythonExtra.cmake:52 (find_package):
[4.488s]   Policy CMP0148 is not set: The FindPythonInterp and FindPythonLibs modules
[4.489s]   are removed.  Run "cmake --help-policy CMP0148" for policy details.  Use
[4.489s]   the cmake_policy command to set the policy and suppress this warning.
[4.489s] 
[4.489s] Call Stack (most recent call first):
[4.489s]   /opt/ros/humble/share/rosidl_generator_py/cmake/rosidl_generator_py_generate_interfaces.cmake:23 (find_package)
[4.490s]   /opt/ros/humble/share/ament_cmake_core/cmake/core/ament_execute_extensions.cmake:48 (include)
[4.490s]   /opt/ros/humble/share/rosidl_cmake/cmake/rosidl_generate_interfaces.cmake:286 (ament_execute_extensions)
[4.490s]   CMakeLists.txt:27 (rosidl_generate_interfaces)
[4.490s] This warning is for project developers.  Use -Wno-dev to suppress it.
[4.490s] [0m
[4.533s] [33mCMake Warning (dev) at /opt/ros/humble/share/python_cmake_module/cmake/Modules/FindPythonExtra.cmake:140 (find_package):
[4.533s]   Policy CMP0148 is not set: The FindPythonInterp and FindPythonLibs modules
[4.534s]   are removed.  Run "cmake --help-policy CMP0148" for policy details.  Use
[4.534s]   the cmake_policy command to set the policy and suppress this warning.
[4.534s] 
[4.534s] Call Stack (most recent call first):
[4.535s]   /opt/ros/humble/share/rosidl_generator_py/cmake/rosidl_generator_py_generate_interfaces.cmake:23 (find_package)
[4.535s]   /opt/ros/humble/share/ament_cmake_core/cmake/core/ament_execute_extensions.cmake:48 (include)
[4.535s]   /opt/ros/humble/share/rosidl_cmake/cmake/rosidl_generate_interfaces.cmake:286 (ament_execute_extensions)
[4.535s]   CMakeLists.txt:27 (rosidl_generate_interfaces)
[4.535s] This warning is for project developers.  Use -Wno-dev to suppress it.
[4.536s] [0m
[4.540s] -- Using PYTHON_EXECUTABLE: /usr/bin/python3
[4.540s] -- Using PYTHON_INCLUDE_DIRS: /usr/include/python3.10
[4.541s] -- Using PYTHON_LIBRARIES: /usr/lib/aarch64-linux-gnu/libpython3.10.so
[4.677s] -- Found ament_lint_auto: 0.12.12 (/opt/ros/humble/share/ament_lint_auto/cmake)
[4.807s] -- Added test 'cppcheck' to perform static code analysis on C / C++ code
[4.812s] -- Configured cppcheck include dirs: $<BUILD_INTERFACE:/home/nvidia/ros2_ws/src/rby1_movement/build/rby1_movement/rosidl_generator_c>;$<BUILD_INTERFACE:/home/nvidia/ros2_ws/src/rby1_movement/build/rby1_movement/rosidl_typesupport_fastrtps_c>;$<BUILD_INTERFACE:/home/nvidia/ros2_ws/src/rby1_movement/build/rby1_movement/rosidl_generator_cpp>;$<BUILD_INTERFACE:/home/nvidia/ros2_ws/src/rby1_movement/build/rby1_movement/rosidl_typesupport_fastrtps_cpp>;$<BUILD_INTERFACE:/home/nvidia/ros2_ws/src/rby1_movement/build/rby1_movement/rosidl_typesupport_introspection_c>;$<BUILD_INTERFACE:/home/nvidia/ros2_ws/src/rby1_movement/build/rby1_movement/rosidl_typesupport_introspection_cpp>;/home/nvidia/ros2_ws/src/rby1_movement/build/rby1_movement/rosidl_generator_c;/home/nvidia/ros2_ws/src/rby1_movement/build/rby1_movement/rosidl_generator_py
[4.812s] -- Configured cppcheck exclude dirs and/or files: 
[4.827s] -- Added test 'flake8' to check Python code syntax and style conventions
[4.855s] -- Added test 'lint_cmake' to check CMake code style
[4.869s] -- Added test 'pep257' to check Python code against some of the docstring style conventions in PEP 257
[4.978s] -- Added test 'uncrustify' to check C / C++ code style
[4.978s] -- Configured uncrustify additional arguments: 
[4.994s] -- Added test 'xmllint' to check XML markup files
[4.997s] -- Configuring done (5.0s)
[5.099s] -- Generating done (0.1s)
[5.118s] -- Build files have been written to: /home/nvidia/ros2_ws/src/rby1_movement/build/rby1_movement
[5.180s] [  5%] Built target rby1_movement__cpp
[5.181s] [  5%] [32mBuilding CXX object CMakeFiles/speed_server.dir/src/rby1_movement_subscriber.cpp.o[0m
[5.181s] [  8%] [32mBuilding CXX object CMakeFiles/rby1_movement_subscriber.dir/src/rby1_movement_subscriber.cpp.o[0m
[5.183s] [ 17%] Built target rby1_movement__rosidl_generator_c
[5.191s] [ 17%] Built target ament_cmake_python_copy_rby1_movement
[5.211s] [ 25%] Built target rby1_movement__rosidl_typesupport_cpp
[5.211s] [ 48%] Built target rby1_movement__rosidl_typesupport_fastrtps_cpp
[5.211s] [ 48%] Built target rby1_movement__rosidl_typesupport_introspection_cpp
[5.211s] [ 60%] Built target rby1_movement__rosidl_typesupport_introspection_c
[5.211s] [ 60%] Built target rby1_movement__rosidl_typesupport_fastrtps_c
[5.218s] [ 68%] Built target rby1_movement__rosidl_typesupport_c
[5.237s] [ 68%] Built target rby1_movement
[5.257s] [ 71%] [34m[1mGenerating Python code for ROS interfaces[0m
[5.669s] running egg_info
[5.671s] writing rby1_movement.egg-info/PKG-INFO
[5.671s] writing dependency_links to rby1_movement.egg-info/dependency_links.txt
[5.672s] writing top-level names to rby1_movement.egg-info/top_level.txt
[5.676s] reading manifest file 'rby1_movement.egg-info/SOURCES.txt'
[5.677s] writing manifest file 'rby1_movement.egg-info/SOURCES.txt'
[5.745s] [ 71%] Built target ament_cmake_python_build_rby1_movement_egg
[5.875s] [ 71%] Built target rby1_movement__py
[5.896s] [ 74%] [32mBuilding C object CMakeFiles/rby1_movement__rosidl_generator_py.dir/rosidl_generator_py/rby1_movement/srv/_speed_control_s.c.o[0m
[6.091s] [ 77%] [32m[1mLinking C shared library rosidl_generator_py/rby1_movement/librby1_movement__rosidl_generator_py.so[0m
[6.148s] [ 77%] Built target rby1_movement__rosidl_generator_py
[6.172s] [ 85%] [32mBuilding C object CMakeFiles/rby1_movement__rosidl_typesupport_c__pyext.dir/rosidl_generator_py/rby1_movement/_rby1_movement_s.ep.rosidl_typesupport_c.c.o[0m
[6.172s] [ 85%] [32mBuilding C object CMakeFiles/rby1_movement__rosidl_typesupport_fastrtps_c__pyext.dir/rosidl_generator_py/rby1_movement/_rby1_movement_s.ep.rosidl_typesupport_fastrtps_c.c.o[0m
[6.172s] [ 85%] [32mBuilding C object CMakeFiles/rby1_movement__rosidl_typesupport_introspection_c__pyext.dir/rosidl_generator_py/rby1_movement/_rby1_movement_s.ep.rosidl_typesupport_introspection_c.c.o[0m
[6.364s] [ 94%] [32m[1mLinking C shared library rosidl_generator_py/rby1_movement/rby1_movement_s__rosidl_typesupport_fastrtps_c.cpython-310-aarch64-linux-gnu.so[0m
[6.364s] [ 94%] [32m[1mLinking C shared library rosidl_generator_py/rby1_movement/rby1_movement_s__rosidl_typesupport_introspection_c.cpython-310-aarch64-linux-gnu.so[0m
[6.364s] [ 94%] [32m[1mLinking C shared library rosidl_generator_py/rby1_movement/rby1_movement_s__rosidl_typesupport_c.cpython-310-aarch64-linux-gnu.so[0m
[6.425s] [ 94%] Built target rby1_movement__rosidl_typesupport_c__pyext
[6.426s] [ 94%] Built target rby1_movement__rosidl_typesupport_fastrtps_c__pyext
[6.427s] [ 94%] Built target rby1_movement__rosidl_typesupport_introspection_c__pyext
[10.498s] In file included from [01m[K/usr/include/eigen3/Eigen/Core:214[m[K,
[10.499s]                  from [01m[K/home/nvidia/rby1-sdk/include/rby1-sdk/dynamics/robot.h:3[m[K,
[10.499s]                  from [01m[K/home/nvidia/rby1-sdk/include/rby1-sdk/model.h:6[m[K,
[10.499s]                  from [01m[K/home/nvidia/ros2_ws/src/rby1_movement/src/rby1_movement_subscriber.cpp:7[m[K:
[10.499s] [01m[K/usr/include/eigen3/Eigen/src/Core/arch/NEON/PacketMath.h:[m[K In function â€˜[01m[KPacket Eigen::internal::pload(const typename Eigen::internal::unpacket_traits<T>::type*) [with Packet = Eigen::internal::eigen_packet_wrapper<int, 2>; typename Eigen::internal::unpacket_traits<T>::type = signed char][m[Kâ€™:
[10.499s] [01m[K/usr/include/eigen3/Eigen/src/Core/arch/NEON/PacketMath.h:1671:9:[m[K [01;35m[Kwarning: [m[Kâ€˜[01m[Kvoid* memcpy(void*, const void*, size_t)[m[Kâ€™ copying an object of non-trivial type â€˜[01m[KEigen::internal::Packet4c[m[Kâ€™ {aka â€˜[01m[Kstruct Eigen::internal::eigen_packet_wrapper<int, 2>[m[Kâ€™} from an array of â€˜[01m[Kconst int8_t[m[Kâ€™ {aka â€˜[01m[Kconst signed char[m[Kâ€™} [[01;35m[K]8;;https://gcc.gnu.org/onlinedocs/gcc/Warning-Options.html#index-Wclass-memaccess-Wclass-memaccess]8;;[m[K]
[10.499s]  1671 |   [01;35m[Kmemcpy(&res, from, sizeof(Packet4c))[m[K;
[10.499s]       |   [01;35m[K~~~~~~^~~~~~~~~~~~~~~~~~~~~~~~~~~~~~[m[K
[10.499s] In file included from [01m[K/usr/include/eigen3/Eigen/Core:172[m[K,
[10.500s]                  from [01m[K/home/nvidia/rby1-sdk/include/rby1-sdk/dynamics/robot.h:3[m[K,
[10.500s]                  from [01m[K/home/nvidia/rby1-sdk/include/rby1-sdk/model.h:6[m[K,
[10.500s]                  from [01m[K/home/nvidia/ros2_ws/src/rby1_movement/src/rby1_movement_subscriber.cpp:7[m[K:
[10.500s] [01m[K/usr/include/eigen3/Eigen/src/Core/GenericPacketMath.h:159:8:[m[K [01;36m[Knote: [m[Kâ€˜[01m[KEigen::internal::Packet4c[m[Kâ€™ {aka â€˜[01m[Kstruct Eigen::internal::eigen_packet_wrapper<int, 2>[m[Kâ€™} declared here
[10.500s]   159 | struct [01;36m[Keigen_packet_wrapper[m[K
[10.500s]       |        [01;36m[K^~~~~~~~~~~~~~~~~~~~[m[K
[10.501s] In file included from [01m[K/usr/include/eigen3/Eigen/Core:214[m[K,
[10.501s]                  from [01m[K/home/nvidia/rby1-sdk/include/rby1-sdk/dynamics/robot.h:3[m[K,
[10.501s]                  from [01m[K/home/nvidia/rby1-sdk/include/rby1-sdk/model.h:6[m[K,
[10.501s]                  from [01m[K/home/nvidia/ros2_ws/src/rby1_movement/src/rby1_movement_subscriber.cpp:7[m[K:
[10.501s] [01m[K/usr/include/eigen3/Eigen/src/Core/arch/NEON/PacketMath.h:[m[K In function â€˜[01m[KPacket Eigen::internal::ploadu(const typename Eigen::internal::unpacket_traits<T>::type*) [with Packet = Eigen::internal::eigen_packet_wrapper<int, 2>; typename Eigen::internal::unpacket_traits<T>::type = signed char][m[Kâ€™:
[10.502s] [01m[K/usr/include/eigen3/Eigen/src/Core/arch/NEON/PacketMath.h:1716:9:[m[K [01;35m[Kwarning: [m[Kâ€˜[01m[Kvoid* memcpy(void*, const void*, size_t)[m[Kâ€™ copying an object of non-trivial type â€˜[01m[KEigen::internal::Packet4c[m[Kâ€™ {aka â€˜[01m[Kstruct Eigen::internal::eigen_packet_wrapper<int, 2>[m[Kâ€™} from an array of â€˜[01m[Kconst int8_t[m[Kâ€™ {aka â€˜[01m[Kconst signed char[m[Kâ€™} [[01;35m[K]8;;https://gcc.gnu.org/onlinedocs/gcc/Warning-Options.html#index-Wclass-memaccess-Wclass-memaccess]8;;[m[K]
[10.502s]  1716 |   [01;35m[Kmemcpy(&res, from, sizeof(Packet4c))[m[K;
[10.502s]       |   [01;35m[K~~~~~~^~~~~~~~~~~~~~~~~~~~~~~~~~~~~~[m[K
[10.502s] In file included from [01m[K/usr/include/eigen3/Eigen/Core:172[m[K,
[10.502s]                  from [01m[K/home/nvidia/rby1-sdk/include/rby1-sdk/dynamics/robot.h:3[m[K,
[10.502s]                  from [01m[K/home/nvidia/rby1-sdk/include/rby1-sdk/model.h:6[m[K,
[10.502s]                  from [01m[K/home/nvidia/ros2_ws/src/rby1_movement/src/rby1_movement_subscriber.cpp:7[m[K:
[10.502s] [01m[K/usr/include/eigen3/Eigen/src/Core/GenericPacketMath.h:159:8:[m[K [01;36m[Knote: [m[Kâ€˜[01m[KEigen::internal::Packet4c[m[Kâ€™ {aka â€˜[01m[Kstruct Eigen::internal::eigen_packet_wrapper<int, 2>[m[Kâ€™} declared here
[10.502s]   159 | struct [01;36m[Keigen_packet_wrapper[m[K
[10.502s]       |        [01;36m[K^~~~~~~~~~~~~~~~~~~~[m[K
[12.768s] [01m[K/home/nvidia/ros2_ws/src/rby1_movement/src/rby1_movement_subscriber.cpp:[m[K At global scope:
[12.768s] [01m[K/home/nvidia/ros2_ws/src/rby1_movement/src/rby1_movement_subscriber.cpp:76:55:[m[K [01;31m[Kerror: [m[Kâ€˜[01m[Krby1_movement[m[Kâ€™ was not declared in this scope; did you mean â€˜[01m[KRBY1_Movement[m[Kâ€™?
[12.768s]    76 |     void speed_control_callback(const std::shared_ptr<[01;31m[Krby1_movement[m[K::srv::SpeedControl::Request> request,
[12.768s]       |                                                       [01;31m[K^~~~~~~~~~~~~[m[K
[12.768s]       |                                                       [32m[KRBY1_Movement[m[K
[12.769s] [01m[K/home/nvidia/ros2_ws/src/rby1_movement/src/rby1_movement_subscriber.cpp:76:96:[m[K [01;31m[Kerror: [m[Ktemplate argument 1 is invalid
[12.769s]    76 |     void speed_control_callback(const std::shared_ptr<rby1_movement::srv::SpeedControl::Request[01;31m[K>[m[K request,
[12.769s]       |                                                                                                [01;31m[K^[m[K
[12.792s] [01m[K/home/nvidia/ros2_ws/src/rby1_movement/src/rby1_movement_subscriber.cpp:76:55:[m[K [01;31m[Kerror: [m[Kâ€˜[01m[Krby1_movement[m[Kâ€™ was not declared in this scope; did you mean â€˜[01m[KRBY1_Movement[m[Kâ€™?
[12.792s]    76 |     void speed_control_callback(const std::shared_ptr<[01;31m[Krby1_movement[m[K::srv::SpeedControl::Request> request,
[12.792s]       |                                                       [01;31m[K^~~~~~~~~~~~~[m[K
[12.792s]       |                                                       [32m[KRBY1_Movement[m[K
[12.792s] [01m[K/home/nvidia/ros2_ws/src/rby1_movement/src/rby1_movement_subscriber.cpp:76:96:[m[K [01;31m[Kerror: [m[Ktemplate argument 1 is invalid
[12.792s]    76 |     void speed_control_callback(const std::shared_ptr<rby1_movement::srv::SpeedControl::Request[01;31m[K>[m[K request,
[12.793s]       |                                                                                                [01;31m[K^[m[K
[12.814s] [01m[K/home/nvidia/ros2_ws/src/rby1_movement/src/rby1_movement_subscriber.cpp:76:55:[m[K [01;31m[Kerror: [m[Kâ€˜[01m[Krby1_movement[m[Kâ€™ was not declared in this scope; did you mean â€˜[01m[KRBY1_Movement[m[Kâ€™?
[12.814s]    76 |     void speed_control_callback(const std::shared_ptr<[01;31m[Krby1_movement[m[K::srv::SpeedControl::Request> request,
[12.815s]       |                                                       [01;31m[K^~~~~~~~~~~~~[m[K
[12.815s]       |                                                       [32m[KRBY1_Movement[m[K
[12.815s] [01m[K/home/nvidia/ros2_ws/src/rby1_movement/src/rby1_movement_subscriber.cpp:76:96:[m[K [01;31m[Kerror: [m[Ktemplate argument 1 is invalid
[12.815s]    76 |     void speed_control_callback(const std::shared_ptr<rby1_movement::srv::SpeedControl::Request[01;31m[K>[m[K request,
[12.815s]       |                                                                                                [01;31m[K^[m[K
[12.815s] [01m[K/home/nvidia/ros2_ws/src/rby1_movement/src/rby1_movement_subscriber.cpp:76:39:[m[K [01;31m[Kerror: [m[Kinvalid template-id
[12.815s]    76 |     void speed_control_callback(const [01;31m[Kstd[m[K::shared_ptr<rby1_movement::srv::SpeedControl::Request> request,
[12.815s]       |                                       [01;31m[K^~~[m[K
[12.815s] [01m[K/home/nvidia/ros2_ws/src/rby1_movement/src/rby1_movement_subscriber.cpp:76:55:[m[K [01;31m[Kerror: [m[Kâ€˜[01m[Krby1_movement[m[Kâ€™ has not been declared
[12.815s]    76 |     void speed_control_callback(const std::shared_ptr<[01;31m[Krby1_movement[m[K::srv::SpeedControl::Request> request,
[12.816s]       |                                                       [01;31m[K^~~~~~~~~~~~~[m[K
[12.816s] [01m[K/home/nvidia/ros2_ws/src/rby1_movement/src/rby1_movement_subscriber.cpp:76:33:[m[K [01;31m[Kerror: [m[Kclass template placeholder â€˜[01m[Kstd::shared_ptr[m[Kâ€™ not permitted in this context
[12.816s]    76 |     void speed_control_callback([01;31m[Kconst[m[K std::shared_ptr<rby1_movement::srv::SpeedControl::Request> request,
[12.816s]       |                                 [01;31m[K^~~~~[m[K
[12.837s] [01m[K/home/nvidia/ros2_ws/src/rby1_movement/src/rby1_movement_subscriber.cpp:77:49:[m[K [01;31m[Kerror: [m[Kâ€˜[01m[Krby1_movement[m[Kâ€™ was not declared in this scope; did you mean â€˜[01m[KRBY1_Movement[m[Kâ€™?
[12.837s]    77 |                                 std::shared_ptr<[01;31m[Krby1_movement[m[K::srv::SpeedControl::Response> response) {
[12.837s]       |                                                 [01;31m[K^~~~~~~~~~~~~[m[K
[12.837s]       |                                                 [32m[KRBY1_Movement[m[K
[12.837s] [01m[K/home/nvidia/ros2_ws/src/rby1_movement/src/rby1_movement_subscriber.cpp:77:91:[m[K [01;31m[Kerror: [m[Ktemplate argument 1 is invalid
[12.837s]    77 |                                 std::shared_ptr<rby1_movement::srv::SpeedControl::Response[01;31m[K>[m[K response) {
[12.837s]       |                                                                                           [01;31m[K^[m[K
[12.839s] [01m[K/home/nvidia/ros2_ws/src/rby1_movement/src/rby1_movement_subscriber.cpp:76:55:[m[K [01;31m[Kerror: [m[Kâ€˜[01m[Krby1_movement[m[Kâ€™ was not declared in this scope; did you mean â€˜[01m[KRBY1_Movement[m[Kâ€™?
[12.839s]    76 |     void speed_control_callback(const std::shared_ptr<[01;31m[Krby1_movement[m[K::srv::SpeedControl::Request> request,
[12.839s]       |                                                       [01;31m[K^~~~~~~~~~~~~[m[K
[12.839s]       |                                                       [32m[KRBY1_Movement[m[K
[12.840s] [01m[K/home/nvidia/ros2_ws/src/rby1_movement/src/rby1_movement_subscriber.cpp:76:96:[m[K [01;31m[Kerror: [m[Ktemplate argument 1 is invalid
[12.840s]    76 |     void speed_control_callback(const std::shared_ptr<rby1_movement::srv::SpeedControl::Request[01;31m[K>[m[K request,
[12.840s]       |                                                                                                [01;31m[K^[m[K
[12.859s] [01m[K/home/nvidia/ros2_ws/src/rby1_movement/src/rby1_movement_subscriber.cpp:77:49:[m[K [01;31m[Kerror: [m[Kâ€˜[01m[Krby1_movement[m[Kâ€™ was not declared in this scope; did you mean â€˜[01m[KRBY1_Movement[m[Kâ€™?
[12.859s]    77 |                                 std::shared_ptr<[01;31m[Krby1_movement[m[K::srv::SpeedControl::Response> response) {
[12.859s]       |                                                 [01;31m[K^~~~~~~~~~~~~[m[K
[12.859s]       |                                                 [32m[KRBY1_Movement[m[K
[12.859s] [01m[K/home/nvidia/ros2_ws/src/rby1_movement/src/rby1_movement_subscriber.cpp:77:91:[m[K [01;31m[Kerror: [m[Ktemplate argument 1 is invalid
[12.859s]    77 |                                 std::shared_ptr<rby1_movement::srv::SpeedControl::Response[01;31m[K>[m[K response) {
[12.859s]       |                                                                                           [01;31m[K^[m[K
[12.862s] [01m[K/home/nvidia/ros2_ws/src/rby1_movement/src/rby1_movement_subscriber.cpp:76:55:[m[K [01;31m[Kerror: [m[Kâ€˜[01m[Krby1_movement[m[Kâ€™ was not declared in this scope; did you mean â€˜[01m[KRBY1_Movement[m[Kâ€™?
[12.862s]    76 |     void speed_control_callback(const std::shared_ptr<[01;31m[Krby1_movement[m[K::srv::SpeedControl::Request> request,
[12.862s]       |                                                       [01;31m[K^~~~~~~~~~~~~[m[K
[12.862s]       |                                                       [32m[KRBY1_Movement[m[K
[12.862s] [01m[K/home/nvidia/ros2_ws/src/rby1_movement/src/rby1_movement_subscriber.cpp:76:96:[m[K [01;31m[Kerror: [m[Ktemplate argument 1 is invalid
[12.862s]    76 |     void speed_control_callback(const std::shared_ptr<rby1_movement::srv::SpeedControl::Request[01;31m[K>[m[K request,
[12.862s]       |                                                                                                [01;31m[K^[m[K
[12.881s] [01m[K/home/nvidia/ros2_ws/src/rby1_movement/src/rby1_movement_subscriber.cpp:77:49:[m[K [01;31m[Kerror: [m[Kâ€˜[01m[Krby1_movement[m[Kâ€™ was not declared in this scope; did you mean â€˜[01m[KRBY1_Movement[m[Kâ€™?
[12.881s]    77 |                                 std::shared_ptr<[01;31m[Krby1_movement[m[K::srv::SpeedControl::Response> response) {
[12.881s]       |                                                 [01;31m[K^~~~~~~~~~~~~[m[K
[12.881s]       |                                                 [32m[KRBY1_Movement[m[K
[12.881s] [01m[K/home/nvidia/ros2_ws/src/rby1_movement/src/rby1_movement_subscriber.cpp:77:91:[m[K [01;31m[Kerror: [m[Ktemplate argument 1 is invalid
[12.881s]    77 |                                 std::shared_ptr<rby1_movement::srv::SpeedControl::Response[01;31m[K>[m[K response) {
[12.881s]       |                                                                                           [01;31m[K^[m[K
[12.881s] [01m[K/home/nvidia/ros2_ws/src/rby1_movement/src/rby1_movement_subscriber.cpp:77:33:[m[K [01;31m[Kerror: [m[Kinvalid template-id
[12.882s]    77 |                                 [01;31m[Kstd[m[K::shared_ptr<rby1_movement::srv::SpeedControl::Response> response) {
[12.882s]       |                                 [01;31m[K^~~[m[K
[12.882s] [01m[K/home/nvidia/ros2_ws/src/rby1_movement/src/rby1_movement_subscriber.cpp:77:49:[m[K [01;31m[Kerror: [m[Kâ€˜[01m[Krby1_movement[m[Kâ€™ has not been declared
[12.882s]    77 |                                 std::shared_ptr<[01;31m[Krby1_movement[m[K::srv::SpeedControl::Response> response) {
[12.882s]       |                                                 [01;31m[K^~~~~~~~~~~~~[m[K
[12.882s] [01m[K/home/nvidia/ros2_ws/src/rby1_movement/src/rby1_movement_subscriber.cpp:77:33:[m[K [01;31m[Kerror: [m[Kclass template placeholder â€˜[01m[Kstd::shared_ptr[m[Kâ€™ not permitted in this context
[12.882s]    77 |                                 [01;31m[Kstd[m[K::shared_ptr<rby1_movement::srv::SpeedControl::Response> response) {
[12.882s]       |                                 [01;31m[K^~~[m[K
[12.883s] [01m[K/home/nvidia/ros2_ws/src/rby1_movement/src/rby1_movement_subscriber.cpp:76:55:[m[K [01;31m[Kerror: [m[Kâ€˜[01m[Krby1_movement[m[Kâ€™ was not declared in this scope; did you mean â€˜[01m[KRBY1_Movement[m[Kâ€™?
[12.883s]    76 |     void speed_control_callback(const std::shared_ptr<[01;31m[Krby1_movement[m[K::srv::SpeedControl::Request> request,
[12.883s]       |                                                       [01;31m[K^~~~~~~~~~~~~[m[K
[12.883s]       |                                                       [32m[KRBY1_Movement[m[K
[12.883s] [01m[K/home/nvidia/ros2_ws/src/rby1_movement/src/rby1_movement_subscriber.cpp:76:96:[m[K [01;31m[Kerror: [m[Ktemplate argument 1 is invalid
[12.883s]    76 |     void speed_control_callback(const std::shared_ptr<rby1_movement::srv::SpeedControl::Request[01;31m[K>[m[K request,
[12.883s]       |                                                                                                [01;31m[K^[m[K
[12.883s] [01m[K/home/nvidia/ros2_ws/src/rby1_movement/src/rby1_movement_subscriber.cpp:76:39:[m[K [01;31m[Kerror: [m[Kinvalid template-id
[12.883s]    76 |     void speed_control_callback(const [01;31m[Kstd[m[K::shared_ptr<rby1_movement::srv::SpeedControl::Request> request,
[12.884s]       |                                       [01;31m[K^~~[m[K
[12.884s] [01m[K/home/nvidia/ros2_ws/src/rby1_movement/src/rby1_movement_subscriber.cpp:76:55:[m[K [01;31m[Kerror: [m[Kâ€˜[01m[Krby1_movement[m[Kâ€™ has not been declared
[12.884s]    76 |     void speed_control_callback(const std::shared_ptr<[01;31m[Krby1_movement[m[K::srv::SpeedControl::Request> request,
[12.884s]       |                                                       [01;31m[K^~~~~~~~~~~~~[m[K
[12.884s] [01m[K/home/nvidia/ros2_ws/src/rby1_movement/src/rby1_movement_subscriber.cpp:76:33:[m[K [01;31m[Kerror: [m[Kclass template placeholder â€˜[01m[Kstd::shared_ptr[m[Kâ€™ not permitted in this context
[12.884s]    76 |     void speed_control_callback([01;31m[Kconst[m[K std::shared_ptr<rby1_movement::srv::SpeedControl::Request> request,
[12.884s]       |                                 [01;31m[K^~~~~[m[K
[12.905s] [01m[K/home/nvidia/ros2_ws/src/rby1_movement/src/rby1_movement_subscriber.cpp:77:49:[m[K [01;31m[Kerror: [m[Kâ€˜[01m[Krby1_movement[m[Kâ€™ was not declared in this scope; did you mean â€˜[01m[KRBY1_Movement[m[Kâ€™?
[12.905s]    77 |                                 std::shared_ptr<[01;31m[Krby1_movement[m[K::srv::SpeedControl::Response> response) {
[12.905s]       |                                                 [01;31m[K^~~~~~~~~~~~~[m[K
[12.905s]       |                                                 [32m[KRBY1_Movement[m[K
[12.905s] [01m[K/home/nvidia/ros2_ws/src/rby1_movement/src/rby1_movement_subscriber.cpp:77:91:[m[K [01;31m[Kerror: [m[Ktemplate argument 1 is invalid
[12.905s]    77 |                                 std::shared_ptr<rby1_movement::srv::SpeedControl::Response[01;31m[K>[m[K response) {
[12.905s]       |                                                                                           [01;31m[K^[m[K
[12.925s] [01m[K/home/nvidia/ros2_ws/src/rby1_movement/src/rby1_movement_subscriber.cpp:77:49:[m[K [01;31m[Kerror: [m[Kâ€˜[01m[Krby1_movement[m[Kâ€™ was not declared in this scope; did you mean â€˜[01m[KRBY1_Movement[m[Kâ€™?
[12.925s]    77 |                                 std::shared_ptr<[01;31m[Krby1_movement[m[K::srv::SpeedControl::Response> response) {
[12.925s]       |                                                 [01;31m[K^~~~~~~~~~~~~[m[K
[12.926s]       |                                                 [32m[KRBY1_Movement[m[K
[12.926s] [01m[K/home/nvidia/ros2_ws/src/rby1_movement/src/rby1_movement_subscriber.cpp:77:91:[m[K [01;31m[Kerror: [m[Ktemplate argument 1 is invalid
[12.926s]    77 |                                 std::shared_ptr<rby1_movement::srv::SpeedControl::Response[01;31m[K>[m[K response) {
[12.926s]       |                                                                                           [01;31m[K^[m[K
[12.946s] [01m[K/home/nvidia/ros2_ws/src/rby1_movement/src/rby1_movement_subscriber.cpp:77:49:[m[K [01;31m[Kerror: [m[Kâ€˜[01m[Krby1_movement[m[Kâ€™ was not declared in this scope; did you mean â€˜[01m[KRBY1_Movement[m[Kâ€™?
[12.946s]    77 |                                 std::shared_ptr<[01;31m[Krby1_movement[m[K::srv::SpeedControl::Response> response) {
[12.946s]       |                                                 [01;31m[K^~~~~~~~~~~~~[m[K
[12.946s]       |                                                 [32m[KRBY1_Movement[m[K
[12.947s] [01m[K/home/nvidia/ros2_ws/src/rby1_movement/src/rby1_movement_subscriber.cpp:77:91:[m[K [01;31m[Kerror: [m[Ktemplate argument 1 is invalid
[12.947s]    77 |                                 std::shared_ptr<rby1_movement::srv::SpeedControl::Response[01;31m[K>[m[K response) {
[12.947s]       |                                                                                           [01;31m[K^[m[K
[12.947s] [01m[K/home/nvidia/ros2_ws/src/rby1_movement/src/rby1_movement_subscriber.cpp:77:33:[m[K [01;31m[Kerror: [m[Kinvalid template-id
[12.947s]    77 |                                 [01;31m[Kstd[m[K::shared_ptr<rby1_movement::srv::SpeedControl::Response> response) {
[12.947s]       |                                 [01;31m[K^~~[m[K
[12.947s] [01m[K/home/nvidia/ros2_ws/src/rby1_movement/src/rby1_movement_subscriber.cpp:77:49:[m[K [01;31m[Kerror: [m[Kâ€˜[01m[Krby1_movement[m[Kâ€™ has not been declared
[12.947s]    77 |                                 std::shared_ptr<[01;31m[Krby1_movement[m[K::srv::SpeedControl::Response> response) {
[12.947s]       |                                                 [01;31m[K^~~~~~~~~~~~~[m[K
[12.947s] [01m[K/home/nvidia/ros2_ws/src/rby1_movement/src/rby1_movement_subscriber.cpp:77:33:[m[K [01;31m[Kerror: [m[Kclass template placeholder â€˜[01m[Kstd::shared_ptr[m[Kâ€™ not permitted in this context
[12.947s]    77 |                                 [01;31m[Kstd[m[K::shared_ptr<rby1_movement::srv::SpeedControl::Response> response) {
[12.948s]       |                                 [01;31m[K^~~[m[K
[12.991s] [01m[K/home/nvidia/ros2_ws/src/rby1_movement/src/rby1_movement_subscriber.cpp:155:21:[m[K [01;31m[Kerror: [m[Kâ€˜[01m[Krby1_movement[m[Kâ€™ was not declared in this scope; did you mean â€˜[01m[KRBY1_Movement[m[Kâ€™?
[12.991s]   155 |     rclcpp::Service<[01;31m[Krby1_movement[m[K::srv::SpeedControl>::SharedPtr speed_service_;
[12.991s]       |                     [01;31m[K^~~~~~~~~~~~~[m[K
[12.991s]       |                     [32m[KRBY1_Movement[m[K
[12.991s] [01m[K/home/nvidia/ros2_ws/src/rby1_movement/src/rby1_movement_subscriber.cpp:155:53:[m[K [01;31m[Kerror: [m[Ktemplate argument 1 is invalid
[12.991s]   155 |     rclcpp::Service<rby1_movement::srv::SpeedControl[01;31m[K>[m[K::SharedPtr speed_service_;
[12.991s]       |                                                     [01;31m[K^[m[K
[12.991s] [01m[K/home/nvidia/ros2_ws/src/rby1_movement/src/rby1_movement_subscriber.cpp:155:56:[m[K [01;31m[Kerror: [m[Kexpected â€˜[01m[K;[m[Kâ€™ at end of member declaration
[12.992s]   155 |     rclcpp::Service<rby1_movement::srv::SpeedControl>::[01;31m[KSharedPtr[m[K speed_service_;
[12.992s]       |                                                        [01;31m[K^~~~~~~~~[m[K
[12.992s]       |                                                                 [32m[K;[m[K
[12.997s] [01m[K/home/nvidia/ros2_ws/src/rby1_movement/src/rby1_movement_subscriber.cpp:155:66:[m[K [01;31m[Kerror: [m[Kâ€˜[01m[Kspeed_service_[m[Kâ€™ does not name a type
[12.997s]   155 |     rclcpp::Service<rby1_movement::srv::SpeedControl>::SharedPtr [01;31m[Kspeed_service_[m[K;
[12.997s]       |                                                                  [01;31m[K^~~~~~~~~~~~~~[m[K
[13.033s] [01m[K/home/nvidia/ros2_ws/src/rby1_movement/src/rby1_movement_subscriber.cpp:[m[K In constructor â€˜[01m[KRBY1_Movement::RBY1_Movement(std::shared_ptr<rb::Robot<rb::y1_model::A> >, std::unique_ptr<rb::RobotCommandStreamHandler<rb::y1_model::A> >)[m[Kâ€™:
[13.033s] [01m[K/home/nvidia/ros2_ws/src/rby1_movement/src/rby1_movement_subscriber.cpp:45:9:[m[K [01;31m[Kerror: [m[Kâ€˜[01m[Kspeed_service_[m[Kâ€™ was not declared in this scope
[13.034s]    45 |         [01;31m[Kspeed_service_[m[K = this->create_service<rby1_movement::srv::SpeedControl>(
[13.034s]       |         [01;31m[K^~~~~~~~~~~~~~[m[K
[13.055s] [01m[K/home/nvidia/ros2_ws/src/rby1_movement/src/rby1_movement_subscriber.cpp:155:21:[m[K [01;31m[Kerror: [m[Kâ€˜[01m[Krby1_movement[m[Kâ€™ was not declared in this scope; did you mean â€˜[01m[KRBY1_Movement[m[Kâ€™?
[13.056s]   155 |     rclcpp::Service<[01;31m[Krby1_movement[m[K::srv::SpeedControl>::SharedPtr speed_service_;
[13.056s]       |                     [01;31m[K^~~~~~~~~~~~~[m[K
[13.056s]       |                     [32m[KRBY1_Movement[m[K
[13.056s] [01m[K/home/nvidia/ros2_ws/src/rby1_movement/src/rby1_movement_subscriber.cpp:155:53:[m[K [01;31m[Kerror: [m[Ktemplate argument 1 is invalid
[13.056s]   155 |     rclcpp::Service<rby1_movement::srv::SpeedControl[01;31m[K>[m[K::SharedPtr speed_service_;
[13.056s]       |                                                     [01;31m[K^[m[K
[13.056s] [01m[K/home/nvidia/ros2_ws/src/rby1_movement/src/rby1_movement_subscriber.cpp:155:56:[m[K [01;31m[Kerror: [m[Kexpected â€˜[01m[K;[m[Kâ€™ at end of member declaration
[13.056s]   155 |     rclcpp::Service<rby1_movement::srv::SpeedControl>::[01;31m[KSharedPtr[m[K speed_service_;
[13.056s]       |                                                        [01;31m[K^~~~~~~~~[m[K
[13.056s]       |                                                                 [32m[K;[m[K
[13.057s] [01m[K/home/nvidia/ros2_ws/src/rby1_movement/src/rby1_movement_subscriber.cpp:45:47:[m[K [01;31m[Kerror: [m[Kâ€˜[01m[Krby1_movement[m[Kâ€™ was not declared in this scope; did you mean â€˜[01m[KRBY1_Movement[m[Kâ€™?
[13.057s]    45 |         speed_service_ = this->create_service<[01;31m[Krby1_movement[m[K::srv::SpeedControl>(
[13.057s]       |                                               [01;31m[K^~~~~~~~~~~~~[m[K
[13.057s]       |                                               [32m[KRBY1_Movement[m[K
[13.057s] [01m[K/home/nvidia/ros2_ws/src/rby1_movement/src/rby1_movement_subscriber.cpp:45:32:[m[K [01;31m[Kerror: [m[Kparse error in template argument list
[13.057s]    45 |         speed_service_ = this->[01;31m[Kcreate_service<rby1_movement::srv::SpeedControl>[m[K(
[13.057s]       |                                [01;31m[K^~~~~~~~~~~~~~~~~~~~~~~~~~~~~~~~~~~~~~~~~~~~~~~~[m[K
[13.062s] [01m[K/home/nvidia/ros2_ws/src/rby1_movement/src/rby1_movement_subscriber.cpp:155:66:[m[K [01;31m[Kerror: [m[Kâ€˜[01m[Kspeed_service_[m[Kâ€™ does not name a type
[13.062s]   155 |     rclcpp::Service<rby1_movement::srv::SpeedControl>::SharedPtr [01;31m[Kspeed_service_[m[K;
[13.062s]       |                                                                  [01;31m[K^~~~~~~~~~~~~~[m[K
[13.069s] [01m[K/home/nvidia/ros2_ws/src/rby1_movement/src/rby1_movement_subscriber.cpp:45:80:[m[K [01;31m[Kerror: [m[Kno matching function for call to â€˜[01m[KRBY1_Movement::create_service<<expression error> >(const char [14], std::_Bind_helper<false, void (RBY1_Movement::*)(...), RBY1_Movement*, const std::_Placeholder<1>&, const std::_Placeholder<2>&>::type)[m[Kâ€™
[13.070s]    45 |         speed_service_ = [01;31m[Kthis->create_service<rby1_movement::srv::SpeedControl>([m[K
[13.070s]       |                          [01;31m[K~~~~~~~~~~~~~~~~~~~~~~~~~~~~~~~~~~~~~~~~~~~~~~~~~~~~~~^[m[K
[13.070s]    46 | [01;31m[K            "speed_control",[m[K
[13.070s]       |             [01;31m[K~~~~~~~~~~~~~~~~[m[K                                                    
[13.070s]    47 | [01;31m[K            std::bind(&RBY1_Movement::speed_control_callback, this,[m[K
[13.070s]       |             [01;31m[K~~~~~~~~~~~~~~~~~~~~~~~~~~~~~~~~~~~~~~~~~~~~~~~~~~~~~~~[m[K             
[13.070s]    48 | [01;31m[K                      std::placeholders::_1, std::placeholders::_2)[m[K
[13.070s]       |                       [01;31m[K~~~~~~~~~~~~~~~~~~~~~~~~~~~~~~~~~~~~~~~~~~~~~[m[K             
[13.070s]    49 | [01;31m[K        )[m[K;
[13.070s]       |         [01;31m[K~[m[K                                                                       
[13.071s] In file included from [01m[K/opt/ros/humble/include/rclcpp/rclcpp/executors/single_threaded_executor.hpp:28[m[K,
[13.071s]                  from [01m[K/opt/ros/humble/include/rclcpp/rclcpp/executors.hpp:22[m[K,
[13.071s]                  from [01m[K/opt/ros/humble/include/rclcpp/rclcpp/rclcpp.hpp:155[m[K,
[13.071s]                  from [01m[K/home/nvidia/ros2_ws/src/rby1_movement/src/rby1_movement_subscriber.cpp:5[m[K:
[13.071s] [01m[K/opt/ros/humble/include/rclcpp/rclcpp/node.hpp:267:3:[m[K [01;36m[Knote: [m[Kcandidate: â€˜[01m[Ktemplate<class ServiceT, class CallbackT> typename rclcpp::Service<ServiceT>::SharedPtr rclcpp::Node::create_service(const string&, CallbackT&&, const rmw_qos_profile_t&, rclcpp::CallbackGroup::SharedPtr)[m[Kâ€™
[13.071s]   267 |   [01;36m[Kcreate_service[m[K(
[13.071s]       |   [01;36m[K^~~~~~~~~~~~~~[m[K
[13.071s] [01m[K/opt/ros/humble/include/rclcpp/rclcpp/node.hpp:267:3:[m[K [01;36m[Knote: [m[K  template argument deduction/substitution failed:
[13.071s] [01m[K/home/nvidia/ros2_ws/src/rby1_movement/src/rby1_movement_subscriber.cpp:45:80:[m[K [01;31m[Kerror: [m[Ktemplate argument 1 is invalid
[13.071s]    45 |         speed_service_ = [01;31m[Kthis->create_service<rby1_movement::srv::SpeedControl>([m[K
[13.071s]       |                          [01;31m[K~~~~~~~~~~~~~~~~~~~~~~~~~~~~~~~~~~~~~~~~~~~~~~~~~~~~~~^[m[K
[13.072s]    46 | [01;31m[K            "speed_control",[m[K
[13.072s]       |             [01;31m[K~~~~~~~~~~~~~~~~[m[K                                                    
[13.072s]    47 | [01;31m[K            std::bind(&RBY1_Movement::speed_control_callback, this,[m[K
[13.072s]       |             [01;31m[K~~~~~~~~~~~~~~~~~~~~~~~~~~~~~~~~~~~~~~~~~~~~~~~~~~~~~~~[m[K             
[13.072s]    48 | [01;31m[K                      std::placeholders::_1, std::placeholders::_2)[m[K
[13.072s]       |                       [01;31m[K~~~~~~~~~~~~~~~~~~~~~~~~~~~~~~~~~~~~~~~~~~~~~[m[K             
[13.072s]    49 | [01;31m[K        )[m[K;
[13.072s]       |         [01;31m[K~[m[K                                                                       
[13.100s] [01m[K/home/nvidia/ros2_ws/src/rby1_movement/src/rby1_movement_subscriber.cpp:[m[K In constructor â€˜[01m[KRBY1_Movement::RBY1_Movement(std::shared_ptr<rb::Robot<rb::y1_model::A> >, std::unique_ptr<rb::RobotCommandStreamHandler<rb::y1_model::A> >)[m[Kâ€™:
[13.101s] [01m[K/home/nvidia/ros2_ws/src/rby1_movement/src/rby1_movement_subscriber.cpp:45:9:[m[K [01;31m[Kerror: [m[Kâ€˜[01m[Kspeed_service_[m[Kâ€™ was not declared in this scope
[13.101s]    45 |         [01;31m[Kspeed_service_[m[K = this->create_service<rby1_movement::srv::SpeedControl>(
[13.101s]       |         [01;31m[K^~~~~~~~~~~~~~[m[K
[13.111s] [01m[K/home/nvidia/ros2_ws/src/rby1_movement/src/rby1_movement_subscriber.cpp:[m[K In member function â€˜[01m[Kvoid RBY1_Movement::speed_control_callback(...)[m[Kâ€™:
[13.111s] [01m[K/home/nvidia/ros2_ws/src/rby1_movement/src/rby1_movement_subscriber.cpp:78:26:[m[K [01;31m[Kerror: [m[Kâ€˜[01m[Krequest[m[Kâ€™ was not declared in this scope
[13.111s]    78 |         current_speed_ = [01;31m[Krequest[m[K->speed_input;
[13.111s]       |                          [01;31m[K^~~~~~~[m[K
[13.121s] [01m[K/home/nvidia/ros2_ws/src/rby1_movement/src/rby1_movement_subscriber.cpp:45:47:[m[K [01;31m[Kerror: [m[Kâ€˜[01m[Krby1_movement[m[Kâ€™ was not declared in this scope; did you mean â€˜[01m[KRBY1_Movement[m[Kâ€™?
[13.121s]    45 |         speed_service_ = this->create_service<[01;31m[Krby1_movement[m[K::srv::SpeedControl>(
[13.122s]       |                                               [01;31m[K^~~~~~~~~~~~~[m[K
[13.122s]       |                                               [32m[KRBY1_Movement[m[K
[13.122s] [01m[K/home/nvidia/ros2_ws/src/rby1_movement/src/rby1_movement_subscriber.cpp:45:32:[m[K [01;31m[Kerror: [m[Kparse error in template argument list
[13.122s]    45 |         speed_service_ = this->[01;31m[Kcreate_service<rby1_movement::srv::SpeedControl>[m[K(
[13.122s]       |                                [01;31m[K^~~~~~~~~~~~~~~~~~~~~~~~~~~~~~~~~~~~~~~~~~~~~~~~[m[K
[13.135s] [01m[K/home/nvidia/ros2_ws/src/rby1_movement/src/rby1_movement_subscriber.cpp:79:9:[m[K [01;31m[Kerror: [m[Kâ€˜[01m[Kresponse[m[Kâ€™ was not declared in this scope
[13.135s]    79 |         [01;31m[Kresponse[m[K->success = true;
[13.135s]       |         [01;31m[K^~~~~~~~[m[K
[13.136s] [01m[K/home/nvidia/ros2_ws/src/rby1_movement/src/rby1_movement_subscriber.cpp:45:80:[m[K [01;31m[Kerror: [m[Kno matching function for call to â€˜[01m[KRBY1_Movement::create_service<<expression error> >(const char [14], std::_Bind_helper<false, void (RBY1_Movement::*)(...), RBY1_Movement*, const std::_Placeholder<1>&, const std::_Placeholder<2>&>::type)[m[Kâ€™
[13.136s]    45 |         speed_service_ = [01;31m[Kthis->create_service<rby1_movement::srv::SpeedControl>([m[K
[13.136s]       |                          [01;31m[K~~~~~~~~~~~~~~~~~~~~~~~~~~~~~~~~~~~~~~~~~~~~~~~~~~~~~~^[m[K
[13.136s]    46 | [01;31m[K            "speed_control",[m[K
[13.136s]       |             [01;31m[K~~~~~~~~~~~~~~~~[m[K                                                    
[13.136s]    47 | [01;31m[K            std::bind(&RBY1_Movement::speed_control_callback, this,[m[K
[13.136s]       |             [01;31m[K~~~~~~~~~~~~~~~~~~~~~~~~~~~~~~~~~~~~~~~~~~~~~~~~~~~~~~~[m[K             
[13.136s]    48 | [01;31m[K                      std::placeholders::_1, std::placeholders::_2)[m[K
[13.136s]       |                       [01;31m[K~~~~~~~~~~~~~~~~~~~~~~~~~~~~~~~~~~~~~~~~~~~~~[m[K             
[13.136s]    49 | [01;31m[K        )[m[K;
[13.137s]       |         [01;31m[K~[m[K                                                                       
[13.137s] In file included from [01m[K/opt/ros/humble/include/rclcpp/rclcpp/executors/single_threaded_executor.hpp:28[m[K,
[13.137s]                  from [01m[K/opt/ros/humble/include/rclcpp/rclcpp/executors.hpp:22[m[K,
[13.137s]                  from [01m[K/opt/ros/humble/include/rclcpp/rclcpp/rclcpp.hpp:155[m[K,
[13.137s]                  from [01m[K/home/nvidia/ros2_ws/src/rby1_movement/src/rby1_movement_subscriber.cpp:5[m[K:
[13.137s] [01m[K/opt/ros/humble/include/rclcpp/rclcpp/node.hpp:267:3:[m[K [01;36m[Knote: [m[Kcandidate: â€˜[01m[Ktemplate<class ServiceT, class CallbackT> typename rclcpp::Service<ServiceT>::SharedPtr rclcpp::Node::create_service(const string&, CallbackT&&, const rmw_qos_profile_t&, rclcpp::CallbackGroup::SharedPtr)[m[Kâ€™
[13.137s]   267 |   [01;36m[Kcreate_service[m[K(
[13.137s]       |   [01;36m[K^~~~~~~~~~~~~~[m[K
[13.137s] [01m[K/opt/ros/humble/include/rclcpp/rclcpp/node.hpp:267:3:[m[K [01;36m[Knote: [m[K  template argument deduction/substitution failed:
[13.137s] [01m[K/home/nvidia/ros2_ws/src/rby1_movement/src/rby1_movement_subscriber.cpp:45:80:[m[K [01;31m[Kerror: [m[Ktemplate argument 1 is invalid
[13.137s]    45 |         speed_service_ = [01;31m[Kthis->create_service<rby1_movement::srv::SpeedControl>([m[K
[13.138s]       |                          [01;31m[K~~~~~~~~~~~~~~~~~~~~~~~~~~~~~~~~~~~~~~~~~~~~~~~~~~~~~~^[m[K
[13.138s]    46 | [01;31m[K            "speed_control",[m[K
[13.138s]       |             [01;31m[K~~~~~~~~~~~~~~~~[m[K                                                    
[13.138s]    47 | [01;31m[K            std::bind(&RBY1_Movement::speed_control_callback, this,[m[K
[13.138s]       |             [01;31m[K~~~~~~~~~~~~~~~~~~~~~~~~~~~~~~~~~~~~~~~~~~~~~~~~~~~~~~~[m[K             
[13.138s]    48 | [01;31m[K                      std::placeholders::_1, std::placeholders::_2)[m[K
[13.138s]       |                       [01;31m[K~~~~~~~~~~~~~~~~~~~~~~~~~~~~~~~~~~~~~~~~~~~~~[m[K             
[13.138s]    49 | [01;31m[K        )[m[K;
[13.138s]       |         [01;31m[K~[m[K                                                                       
[13.178s] [01m[K/home/nvidia/ros2_ws/src/rby1_movement/src/rby1_movement_subscriber.cpp:[m[K In member function â€˜[01m[Kvoid RBY1_Movement::speed_control_callback(...)[m[Kâ€™:
[13.178s] [01m[K/home/nvidia/ros2_ws/src/rby1_movement/src/rby1_movement_subscriber.cpp:78:26:[m[K [01;31m[Kerror: [m[Kâ€˜[01m[Krequest[m[Kâ€™ was not declared in this scope
[13.178s]    78 |         current_speed_ = [01;31m[Krequest[m[K->speed_input;
[13.178s]       |                          [01;31m[K^~~~~~~[m[K
[13.201s] [01m[K/home/nvidia/ros2_ws/src/rby1_movement/src/rby1_movement_subscriber.cpp:79:9:[m[K [01;31m[Kerror: [m[Kâ€˜[01m[Kresponse[m[Kâ€™ was not declared in this scope
[13.201s]    79 |         [01;31m[Kresponse[m[K->success = true;
[13.201s]       |         [01;31m[K^~~~~~~~[m[K
[14.744s] In file included from [01m[K/usr/include/aarch64-linux-gnu/c++/11/bits/c++allocator.h:33[m[K,
[14.744s]                  from [01m[K/usr/include/c++/11/bits/allocator.h:46[m[K,
[14.744s]                  from [01m[K/usr/include/c++/11/string:41[m[K,
[14.745s]                  from [01m[K/usr/include/c++/11/bits/locale_classes.h:40[m[K,
[14.745s]                  from [01m[K/usr/include/c++/11/bits/ios_base.h:41[m[K,
[14.745s]                  from [01m[K/usr/include/c++/11/iomanip:40[m[K,
[14.745s]                  from [01m[K/home/nvidia/ros2_ws/src/rby1_movement/src/rby1_movement_subscriber.cpp:1[m[K:
[14.745s] /usr/include/c++/11/ext/new_allocator.h: In instantiation of â€˜[01m[Kvoid __gnu_cxx::new_allocator<_Tp>::construct(_Up*, _Args&& ...) [with _Up = RBY1_Movement; _Args = {std::shared_ptr<rb::Robot<rb::y1_model::A> >&, std::unique_ptr<rb::RobotCommandStreamHandler<rb::y1_model::A>, std::default_delete<rb::RobotCommandStreamHandler<rb::y1_model::A> > >, int&}; _Tp = RBY1_Movement][m[Kâ€™:
[14.745s] [01m[K/usr/include/c++/11/bits/alloc_traits.h:516:17:[m[K   required from â€˜[01m[Kstatic void std::allocator_traits<std::allocator<_CharT> >::construct(std::allocator_traits<std::allocator<_CharT> >::allocator_type&, _Up*, _Args&& ...) [with _Up = RBY1_Movement; _Args = {std::shared_ptr<rb::Robot<rb::y1_model::A> >&, std::unique_ptr<rb::RobotCommandStreamHandler<rb::y1_model::A>, std::default_delete<rb::RobotCommandStreamHandler<rb::y1_model::A> > >, int&}; _Tp = RBY1_Movement; std::allocator_traits<std::allocator<_CharT> >::allocator_type = std::allocator<RBY1_Movement>][m[Kâ€™
[14.745s] [01m[K/usr/include/c++/11/bits/shared_ptr_base.h:519:39:[m[K   required from â€˜[01m[Kstd::_Sp_counted_ptr_inplace<_Tp, _Alloc, _Lp>::_Sp_counted_ptr_inplace(_Alloc, _Args&& ...) [with _Args = {std::shared_ptr<rb::Robot<rb::y1_model::A> >&, std::unique_ptr<rb::RobotCommandStreamHandler<rb::y1_model::A>, std::default_delete<rb::RobotCommandStreamHandler<rb::y1_model::A> > >, int&}; _Tp = RBY1_Movement; _Alloc = std::allocator<RBY1_Movement>; __gnu_cxx::_Lock_policy _Lp = __gnu_cxx::_S_atomic][m[Kâ€™
[14.745s] [01m[K/usr/include/c++/11/bits/shared_ptr_base.h:650:16:[m[K   required from â€˜[01m[Kstd::__shared_count<_Lp>::__shared_count(_Tp*&, std::_Sp_alloc_shared_tag<_Alloc>, _Args&& ...) [with _Tp = RBY1_Movement; _Alloc = std::allocator<RBY1_Movement>; _Args = {std::shared_ptr<rb::Robot<rb::y1_model::A> >&, std::unique_ptr<rb::RobotCommandStreamHandler<rb::y1_model::A>, std::default_delete<rb::RobotCommandStreamHandler<rb::y1_model::A> > >, int&}; __gnu_cxx::_Lock_policy _Lp = __gnu_cxx::_S_atomic][m[Kâ€™
[14.745s] [01m[K/usr/include/c++/11/bits/shared_ptr_base.h:1342:14:[m[K   required from â€˜[01m[Kstd::__shared_ptr<_Tp, _Lp>::__shared_ptr(std::_Sp_alloc_shared_tag<_Tp>, _Args&& ...) [with _Alloc = std::allocator<RBY1_Movement>; _Args = {std::shared_ptr<rb::Robot<rb::y1_model::A> >&, std::unique_ptr<rb::RobotCommandStreamHandler<rb::y1_model::A>, std::default_delete<rb::RobotCommandStreamHandler<rb::y1_model::A> > >, int&}; _Tp = RBY1_Movement; __gnu_cxx::_Lock_policy _Lp = __gnu_cxx::_S_atomic][m[Kâ€™
[14.745s] [01m[K/usr/include/c++/11/bits/shared_ptr.h:409:59:[m[K   required from â€˜[01m[Kstd::shared_ptr<_Tp>::shared_ptr(std::_Sp_alloc_shared_tag<_Tp>, _Args&& ...) [with _Alloc = std::allocator<RBY1_Movement>; _Args = {std::shared_ptr<rb::Robot<rb::y1_model::A> >&, std::unique_ptr<rb::RobotCommandStreamHandler<rb::y1_model::A>, std::default_delete<rb::RobotCommandStreamHandler<rb::y1_model::A> > >, int&}; _Tp = RBY1_Movement][m[Kâ€™
[14.746s] [01m[K/usr/include/c++/11/bits/shared_ptr.h:862:14:[m[K   required from â€˜[01m[Kstd::shared_ptr<_Tp> std::allocate_shared(const _Alloc&, _Args&& ...) [with _Tp = RBY1_Movement; _Alloc = std::allocator<RBY1_Movement>; _Args = {std::shared_ptr<rb::Robot<rb::y1_model::A> >&, std::unique_ptr<rb::RobotCommandStreamHandler<rb::y1_model::A>, std::default_delete<rb::RobotCommandStreamHandler<rb::y1_model::A> > >, int&}][m[Kâ€™
[14.746s] [01m[K/usr/include/c++/11/bits/shared_ptr.h:878:39:[m[K   required from â€˜[01m[Kstd::shared_ptr<_Tp> std::make_shared(_Args&& ...) [with _Tp = RBY1_Movement; _Args = {std::shared_ptr<rb::Robot<rb::y1_model::A> >&, std::unique_ptr<rb::RobotCommandStreamHandler<rb::y1_model::A>, std::default_delete<rb::RobotCommandStreamHandler<rb::y1_model::A> > >, int&}][m[Kâ€™
[14.746s] [01m[K/home/nvidia/ros2_ws/src/rby1_movement/src/rby1_movement_subscriber.cpp:181:49:[m[K   required from here
[14.746s] [01m[K/usr/include/c++/11/ext/new_allocator.h:162:11:[m[K [01;31m[Kerror: [m[Kno matching function for call to â€˜[01m[KRBY1_Movement::RBY1_Movement(std::shared_ptr<rb::Robot<rb::y1_model::A> >&, std::unique_ptr<rb::RobotCommandStreamHandler<rb::y1_model::A> >, int&)[m[Kâ€™
[14.746s]   162 |         { [01;31m[K::new((void *)__p) _Up(std::forward<_Args>(__args)...)[m[K; }
[14.746s]       |           [01;31m[K^~~~~~~~~~~~~~~~~~~~~~~~~~~~~~~~~~~~~~~~~~~~~~~~~~~~~~[m[K
[14.746s] [01m[K/home/nvidia/ros2_ws/src/rby1_movement/src/rby1_movement_subscriber.cpp:23:5:[m[K [01;36m[Knote: [m[Kcandidate: â€˜[01m[KRBY1_Movement::RBY1_Movement(std::shared_ptr<rb::Robot<rb::y1_model::A> >, std::unique_ptr<rb::RobotCommandStreamHandler<rb::y1_model::A> >)[m[Kâ€™
[14.746s]    23 |     [01;36m[KRBY1_Movement[m[K(std::shared_ptr<rb::Robot<rb::y1_model::A>> robot_,
[14.746s]       |     [01;36m[K^~~~~~~~~~~~~[m[K
[14.746s] [01m[K/home/nvidia/ros2_ws/src/rby1_movement/src/rby1_movement_subscriber.cpp:23:5:[m[K [01;36m[Knote: [m[K  candidate expects 2 arguments, 3 provided
[14.827s] In file included from [01m[K/usr/include/aarch64-linux-gnu/c++/11/bits/c++allocator.h:33[m[K,
[14.827s]                  from [01m[K/usr/include/c++/11/bits/allocator.h:46[m[K,
[14.827s]                  from [01m[K/usr/include/c++/11/string:41[m[K,
[14.828s]                  from [01m[K/usr/include/c++/11/bits/locale_classes.h:40[m[K,
[14.828s]                  from [01m[K/usr/include/c++/11/bits/ios_base.h:41[m[K,
[14.828s]                  from [01m[K/usr/include/c++/11/iomanip:40[m[K,
[14.828s]                  from [01m[K/home/nvidia/ros2_ws/src/rby1_movement/src/rby1_movement_subscriber.cpp:1[m[K:
[14.828s] /usr/include/c++/11/ext/new_allocator.h: In instantiation of â€˜[01m[Kvoid __gnu_cxx::new_allocator<_Tp>::construct(_Up*, _Args&& ...) [with _Up = RBY1_Movement; _Args = {std::shared_ptr<rb::Robot<rb::y1_model::A> >&, std::unique_ptr<rb::RobotCommandStreamHandler<rb::y1_model::A>, std::default_delete<rb::RobotCommandStreamHandler<rb::y1_model::A> > >, int&}; _Tp = RBY1_Movement][m[Kâ€™:
[14.828s] [01m[K/usr/include/c++/11/bits/alloc_traits.h:516:17:[m[K   required from â€˜[01m[Kstatic void std::allocator_traits<std::allocator<_CharT> >::construct(std::allocator_traits<std::allocator<_CharT> >::allocator_type&, _Up*, _Args&& ...) [with _Up = RBY1_Movement; _Args = {std::shared_ptr<rb::Robot<rb::y1_model::A> >&, std::unique_ptr<rb::RobotCommandStreamHandler<rb::y1_model::A>, std::default_delete<rb::RobotCommandStreamHandler<rb::y1_model::A> > >, int&}; _Tp = RBY1_Movement; std::allocator_traits<std::allocator<_CharT> >::allocator_type = std::allocator<RBY1_Movement>][m[Kâ€™
[14.828s] [01m[K/usr/include/c++/11/bits/shared_ptr_base.h:519:39:[m[K   required from â€˜[01m[Kstd::_Sp_counted_ptr_inplace<_Tp, _Alloc, _Lp>::_Sp_counted_ptr_inplace(_Alloc, _Args&& ...) [with _Args = {std::shared_ptr<rb::Robot<rb::y1_model::A> >&, std::unique_ptr<rb::RobotCommandStreamHandler<rb::y1_model::A>, std::default_delete<rb::RobotCommandStreamHandler<rb::y1_model::A> > >, int&}; _Tp = RBY1_Movement; _Alloc = std::allocator<RBY1_Movement>; __gnu_cxx::_Lock_policy _Lp = __gnu_cxx::_S_atomic][m[Kâ€™
[14.828s] [01m[K/usr/include/c++/11/bits/shared_ptr_base.h:650:16:[m[K   required from â€˜[01m[Kstd::__shared_count<_Lp>::__shared_count(_Tp*&, std::_Sp_alloc_shared_tag<_Alloc>, _Args&& ...) [with _Tp = RBY1_Movement; _Alloc = std::allocator<RBY1_Movement>; _Args = {std::shared_ptr<rb::Robot<rb::y1_model::A> >&, std::unique_ptr<rb::RobotCommandStreamHandler<rb::y1_model::A>, std::default_delete<rb::RobotCommandStreamHandler<rb::y1_model::A> > >, int&}; __gnu_cxx::_Lock_policy _Lp = __gnu_cxx::_S_atomic][m[Kâ€™
[14.829s] [01m[K/usr/include/c++/11/bits/shared_ptr_base.h:1342:14:[m[K   required from â€˜[01m[Kstd::__shared_ptr<_Tp, _Lp>::__shared_ptr(std::_Sp_alloc_shared_tag<_Tp>, _Args&& ...) [with _Alloc = std::allocator<RBY1_Movement>; _Args = {std::shared_ptr<rb::Robot<rb::y1_model::A> >&, std::unique_ptr<rb::RobotCommandStreamHandler<rb::y1_model::A>, std::default_delete<rb::RobotCommandStreamHandler<rb::y1_model::A> > >, int&}; _Tp = RBY1_Movement; __gnu_cxx::_Lock_policy _Lp = __gnu_cxx::_S_atomic][m[Kâ€™
[14.829s] [01m[K/usr/include/c++/11/bits/shared_ptr.h:409:59:[m[K   required from â€˜[01m[Kstd::shared_ptr<_Tp>::shared_ptr(std::_Sp_alloc_shared_tag<_Tp>, _Args&& ...) [with _Alloc = std::allocator<RBY1_Movement>; _Args = {std::shared_ptr<rb::Robot<rb::y1_model::A> >&, std::unique_ptr<rb::RobotCommandStreamHandler<rb::y1_model::A>, std::default_delete<rb::RobotCommandStreamHandler<rb::y1_model::A> > >, int&}; _Tp = RBY1_Movement][m[Kâ€™
[14.829s] [01m[K/usr/include/c++/11/bits/shared_ptr.h:862:14:[m[K   required from â€˜[01m[Kstd::shared_ptr<_Tp> std::allocate_shared(const _Alloc&, _Args&& ...) [with _Tp = RBY1_Movement; _Alloc = std::allocator<RBY1_Movement>; _Args = {std::shared_ptr<rb::Robot<rb::y1_model::A> >&, std::unique_ptr<rb::RobotCommandStreamHandler<rb::y1_model::A>, std::default_delete<rb::RobotCommandStreamHandler<rb::y1_model::A> > >, int&}][m[Kâ€™
[14.829s] [01m[K/usr/include/c++/11/bits/shared_ptr.h:878:39:[m[K   required from â€˜[01m[Kstd::shared_ptr<_Tp> std::make_shared(_Args&& ...) [with _Tp = RBY1_Movement; _Args = {std::shared_ptr<rb::Robot<rb::y1_model::A> >&, std::unique_ptr<rb::RobotCommandStreamHandler<rb::y1_model::A>, std::default_delete<rb::RobotCommandStreamHandler<rb::y1_model::A> > >, int&}][m[Kâ€™
[14.829s] [01m[K/home/nvidia/ros2_ws/src/rby1_movement/src/rby1_movement_subscriber.cpp:181:49:[m[K   required from here
[14.829s] [01m[K/usr/include/c++/11/ext/new_allocator.h:162:11:[m[K [01;31m[Kerror: [m[Kno matching function for call to â€˜[01m[KRBY1_Movement::RBY1_Movement(std::shared_ptr<rb::Robot<rb::y1_model::A> >&, std::unique_ptr<rb::RobotCommandStreamHandler<rb::y1_model::A> >, int&)[m[Kâ€™
[14.829s]   162 |         { [01;31m[K::new((void *)__p) _Up(std::forward<_Args>(__args)...)[m[K; }
[14.829s]       |           [01;31m[K^~~~~~~~~~~~~~~~~~~~~~~~~~~~~~~~~~~~~~~~~~~~~~~~~~~~~~[m[K
[14.829s] [01m[K/home/nvidia/ros2_ws/src/rby1_movement/src/rby1_movement_subscriber.cpp:23:5:[m[K [01;36m[Knote: [m[Kcandidate: â€˜[01m[KRBY1_Movement::RBY1_Movement(std::shared_ptr<rb::Robot<rb::y1_model::A> >, std::unique_ptr<rb::RobotCommandStreamHandler<rb::y1_model::A> >)[m[Kâ€™
[14.829s]    23 |     [01;36m[KRBY1_Movement[m[K(std::shared_ptr<rb::Robot<rb::y1_model::A>> robot_,
[14.830s]       |     [01;36m[K^~~~~~~~~~~~~[m[K
[14.830s] [01m[K/home/nvidia/ros2_ws/src/rby1_movement/src/rby1_movement_subscriber.cpp:23:5:[m[K [01;36m[Knote: [m[K  candidate expects 2 arguments, 3 provided
[18.318s] gmake[2]: *** [CMakeFiles/speed_server.dir/build.make:79: CMakeFiles/speed_server.dir/src/rby1_movement_subscriber.cpp.o] Error 1
[18.319s] gmake[1]: *** [CMakeFiles/Makefile2:763: CMakeFiles/speed_server.dir/all] Error 2
[18.319s] gmake[1]: *** Waiting for unfinished jobs....
[18.429s] gmake[2]: *** [CMakeFiles/rby1_movement_subscriber.dir/build.make:79: CMakeFiles/rby1_movement_subscriber.dir/src/rby1_movement_subscriber.cpp.o] Error 1
[18.430s] gmake[1]: *** [CMakeFiles/Makefile2:731: CMakeFiles/rby1_movement_subscriber.dir/all] Error 2
[18.430s] gmake: *** [Makefile:146: all] Error 2
[18.434s] Invoked command in '/home/nvidia/ros2_ws/src/rby1_movement/build/rby1_movement' returned '2': CMAKE_PREFIX_PATH=${CMAKE_PREFIX_PATH}:/home/nvidia/ros2_ws/install/keyboard_joy:/opt/ros/humble /usr/bin/cmake --build /home/nvidia/ros2_ws/src/rby1_movement/build/rby1_movement -- -j8 -l8
