[0.019s] Invoking command in '/home/nvidia/ros2_ws/src/rby1_movement/build/rby1_movement': CMAKE_PREFIX_PATH=${CMAKE_PREFIX_PATH}:/home/nvidia/ros2_ws/install/keyboard_joy:/opt/ros/humble /usr/bin/cmake /home/nvidia/ros2_ws/src/rby1_movement -DCMAKE_INSTALL_PREFIX=/home/nvidia/ros2_ws/src/rby1_movement/install/rby1_movement
[0.118s] -- The C compiler identification is GNU 11.4.0
[0.252s] -- The CXX compiler identification is GNU 11.4.0
[0.270s] -- Detecting C compiler ABI info
[0.411s] -- Detecting C compiler ABI info - done
[0.457s] -- Check for working C compiler: /usr/bin/cc - skipped
[0.458s] -- Detecting C compile features
[0.460s] -- Detecting C compile features - done
[0.494s] -- Detecting CXX compiler ABI info
[0.641s] -- Detecting CXX compiler ABI info - done
[0.688s] -- Check for working CXX compiler: /usr/bin/c++ - skipped
[0.689s] -- Detecting CXX compile features
[0.691s] -- Detecting CXX compile features - done
[0.736s] -- Found ament_cmake: 1.3.11 (/opt/ros/humble/share/ament_cmake/cmake)
[1.044s] -- Found Python3: /usr/bin/python3 (found version "3.10.12") found components: Interpreter
[1.369s] -- Found rclcpp: 16.0.12 (/opt/ros/humble/share/rclcpp/cmake)
[1.516s] -- Found rosidl_generator_c: 3.1.6 (/opt/ros/humble/share/rosidl_generator_c/cmake)
[1.538s] -- Found rosidl_adapter: 3.1.6 (/opt/ros/humble/share/rosidl_adapter/cmake)
[1.566s] -- Found rosidl_generator_cpp: 3.1.6 (/opt/ros/humble/share/rosidl_generator_cpp/cmake)
[1.602s] -- Using all available rosidl_typesupport_c: rosidl_typesupport_fastrtps_c;rosidl_typesupport_introspection_c
[1.651s] -- Using all available rosidl_typesupport_cpp: rosidl_typesupport_fastrtps_cpp;rosidl_typesupport_introspection_cpp
[1.795s] -- Found rmw_implementation_cmake: 6.1.2 (/opt/ros/humble/share/rmw_implementation_cmake/cmake)
[1.807s] -- Found rmw_cyclonedds_cpp: 1.3.4 (/opt/ros/humble/share/rmw_cyclonedds_cpp/cmake)
[1.875s] -- Using RMW implementation 'rmw_cyclonedds_cpp' as default
[1.912s] -- Performing Test CMAKE_HAVE_LIBC_PTHREAD
[2.033s] -- Performing Test CMAKE_HAVE_LIBC_PTHREAD - Success
[2.035s] -- Found Threads: TRUE
[2.173s] -- Found sensor_msgs: 4.8.0 (/opt/ros/humble/share/sensor_msgs/cmake)
[2.298s] -- Found rosidl_default_generators: 1.2.0 (/opt/ros/humble/share/rosidl_default_generators/cmake)
[3.291s] -- Found ament_cmake_ros: 0.10.0 (/opt/ros/humble/share/ament_cmake_ros/cmake)
[5.216s] -- Using all available rosidl_typesupport_c: rosidl_typesupport_fastrtps_c;rosidl_typesupport_introspection_c
[5.972s] -- Using all available rosidl_typesupport_cpp: rosidl_typesupport_fastrtps_cpp;rosidl_typesupport_introspection_cpp
[5.980s] [33mCMake Warning (dev) at /opt/ros/humble/share/rosidl_generator_py/cmake/rosidl_generator_py_generate_interfaces.cmake:20 (find_package):
[5.981s]   Policy CMP0148 is not set: The FindPythonInterp and FindPythonLibs modules
[5.981s]   are removed.  Run "cmake --help-policy CMP0148" for policy details.  Use
[5.981s]   the cmake_policy command to set the policy and suppress this warning.
[5.981s] 
[5.981s] Call Stack (most recent call first):
[5.982s]   /opt/ros/humble/share/ament_cmake_core/cmake/core/ament_execute_extensions.cmake:48 (include)
[5.982s]   /opt/ros/humble/share/rosidl_cmake/cmake/rosidl_generate_interfaces.cmake:286 (ament_execute_extensions)
[5.982s]   CMakeLists.txt:27 (rosidl_generate_interfaces)
[5.982s] This warning is for project developers.  Use -Wno-dev to suppress it.
[5.982s] [0m
[6.027s] -- Found PythonInterp: /usr/bin/python3 (found suitable version "3.10.12", minimum required is "3.6")
[6.052s] -- Found python_cmake_module: 0.10.0 (/opt/ros/humble/share/python_cmake_module/cmake)
[6.054s] [33mCMake Warning (dev) at /opt/ros/humble/share/python_cmake_module/cmake/Modules/FindPythonExtra.cmake:52 (find_package):
[6.054s]   Policy CMP0148 is not set: The FindPythonInterp and FindPythonLibs modules
[6.055s]   are removed.  Run "cmake --help-policy CMP0148" for policy details.  Use
[6.055s]   the cmake_policy command to set the policy and suppress this warning.
[6.055s] 
[6.055s] Call Stack (most recent call first):
[6.056s]   /opt/ros/humble/share/rosidl_generator_py/cmake/rosidl_generator_py_generate_interfaces.cmake:23 (find_package)
[6.056s]   /opt/ros/humble/share/ament_cmake_core/cmake/core/ament_execute_extensions.cmake:48 (include)
[6.056s]   /opt/ros/humble/share/rosidl_cmake/cmake/rosidl_generate_interfaces.cmake:286 (ament_execute_extensions)
[6.056s]   CMakeLists.txt:27 (rosidl_generate_interfaces)
[6.057s] This warning is for project developers.  Use -Wno-dev to suppress it.
[6.057s] [0m
[6.100s] [33mCMake Warning (dev) at /opt/ros/humble/share/python_cmake_module/cmake/Modules/FindPythonExtra.cmake:140 (find_package):
[6.100s]   Policy CMP0148 is not set: The FindPythonInterp and FindPythonLibs modules
[6.101s]   are removed.  Run "cmake --help-policy CMP0148" for policy details.  Use
[6.101s]   the cmake_policy command to set the policy and suppress this warning.
[6.101s] 
[6.101s] Call Stack (most recent call first):
[6.102s]   /opt/ros/humble/share/rosidl_generator_py/cmake/rosidl_generator_py_generate_interfaces.cmake:23 (find_package)
[6.102s]   /opt/ros/humble/share/ament_cmake_core/cmake/core/ament_execute_extensions.cmake:48 (include)
[6.102s]   /opt/ros/humble/share/rosidl_cmake/cmake/rosidl_generate_interfaces.cmake:286 (ament_execute_extensions)
[6.102s]   CMakeLists.txt:27 (rosidl_generate_interfaces)
[6.102s] This warning is for project developers.  Use -Wno-dev to suppress it.
[6.103s] [0m
[6.132s] -- Found PythonLibs: /usr/lib/aarch64-linux-gnu/libpython3.10.so (found suitable version "3.10.12", minimum required is "3.5")
[6.133s] -- Using PYTHON_EXECUTABLE: /usr/bin/python3
[6.133s] -- Using PYTHON_INCLUDE_DIRS: /usr/include/python3.10
[6.133s] -- Using PYTHON_LIBRARIES: /usr/lib/aarch64-linux-gnu/libpython3.10.so
[6.178s] -- Found PythonExtra: .so
[6.383s] -- Found ament_lint_auto: 0.12.12 (/opt/ros/humble/share/ament_lint_auto/cmake)
[6.546s] -- Added test 'cppcheck' to perform static code analysis on C / C++ code
[6.551s] -- Configured cppcheck include dirs: $<BUILD_INTERFACE:/home/nvidia/ros2_ws/src/rby1_movement/build/rby1_movement/rosidl_generator_c>;$<BUILD_INTERFACE:/home/nvidia/ros2_ws/src/rby1_movement/build/rby1_movement/rosidl_typesupport_fastrtps_c>;$<BUILD_INTERFACE:/home/nvidia/ros2_ws/src/rby1_movement/build/rby1_movement/rosidl_generator_cpp>;$<BUILD_INTERFACE:/home/nvidia/ros2_ws/src/rby1_movement/build/rby1_movement/rosidl_typesupport_fastrtps_cpp>;$<BUILD_INTERFACE:/home/nvidia/ros2_ws/src/rby1_movement/build/rby1_movement/rosidl_typesupport_introspection_c>;$<BUILD_INTERFACE:/home/nvidia/ros2_ws/src/rby1_movement/build/rby1_movement/rosidl_typesupport_introspection_cpp>;/home/nvidia/ros2_ws/src/rby1_movement/build/rby1_movement/rosidl_generator_c;/home/nvidia/ros2_ws/src/rby1_movement/build/rby1_movement/rosidl_generator_py
[6.551s] -- Configured cppcheck exclude dirs and/or files: 
[6.563s] -- Added test 'flake8' to check Python code syntax and style conventions
[6.585s] -- Added test 'lint_cmake' to check CMake code style
[6.596s] -- Added test 'pep257' to check Python code against some of the docstring style conventions in PEP 257
[6.678s] -- Added test 'uncrustify' to check C / C++ code style
[6.678s] -- Configured uncrustify additional arguments: 
[6.689s] -- Added test 'xmllint' to check XML markup files
[6.695s] -- Configuring done (6.7s)
[6.789s] -- Generating done (0.1s)
[6.809s] -- Build files have been written to: /home/nvidia/ros2_ws/src/rby1_movement/build/rby1_movement
[6.838s] Invoked command in '/home/nvidia/ros2_ws/src/rby1_movement/build/rby1_movement' returned '0': CMAKE_PREFIX_PATH=${CMAKE_PREFIX_PATH}:/home/nvidia/ros2_ws/install/keyboard_joy:/opt/ros/humble /usr/bin/cmake /home/nvidia/ros2_ws/src/rby1_movement -DCMAKE_INSTALL_PREFIX=/home/nvidia/ros2_ws/src/rby1_movement/install/rby1_movement
[6.841s] Invoking command in '/home/nvidia/ros2_ws/src/rby1_movement/build/rby1_movement': CMAKE_PREFIX_PATH=${CMAKE_PREFIX_PATH}:/home/nvidia/ros2_ws/install/keyboard_joy:/opt/ros/humble /usr/bin/cmake --build /home/nvidia/ros2_ws/src/rby1_movement/build/rby1_movement -- -j8 -l8
[6.894s] [  2%] [34m[1mGenerating C code for ROS interfaces[0m
[6.905s] [  8%] [32mBuilding CXX object CMakeFiles/rby1_movement_subscriber.dir/src/rby1_movement_subscriber.cpp.o[0m
[6.905s] [  8%] [32mBuilding CXX object CMakeFiles/speed_server.dir/src/rby1_movement_subscriber.cpp.o[0m
[6.905s] [ 11%] [34m[1mGenerating C++ code for ROS interfaces[0m
[6.912s] [ 11%] Built target ament_cmake_python_copy_rby1_movement
[7.375s] running egg_info
[7.377s] creating rby1_movement.egg-info
[7.378s] writing rby1_movement.egg-info/PKG-INFO
[7.378s] writing dependency_links to rby1_movement.egg-info/dependency_links.txt
[7.379s] writing top-level names to rby1_movement.egg-info/top_level.txt
[7.379s] writing manifest file 'rby1_movement.egg-info/SOURCES.txt'
[7.384s] reading manifest file 'rby1_movement.egg-info/SOURCES.txt'
[7.385s] writing manifest file 'rby1_movement.egg-info/SOURCES.txt'
[7.387s] [ 11%] Built target rby1_movement__cpp
[7.389s] [ 14%] [32mBuilding C object CMakeFiles/rby1_movement__rosidl_generator_c.dir/rosidl_generator_c/rby1_movement/srv/detail/speed_control__functions.c.o[0m
[7.398s] [ 22%] [34m[1mGenerating C++ type support dispatch for ROS interfaces[0m
[7.399s] [ 22%] [34m[1mGenerating C++ type support for eProsima Fast-RTPS[0m
[7.399s] [ 22%] [34m[1mGenerating C++ introspection for ROS interfaces[0m
[7.468s] [ 22%] Built target ament_cmake_python_build_rby1_movement_egg
[7.506s] [ 25%] [32m[1mLinking C shared library librby1_movement__rosidl_generator_c.so[0m
[7.556s] [ 25%] Built target rby1_movement__rosidl_generator_c
[7.569s] [ 34%] [34m[1mGenerating C introspection for ROS interfaces[0m
[7.569s] [ 34%] [34m[1mGenerating C type support dispatch for ROS interfaces[0m
[7.569s] [ 34%] [34m[1mGenerating C type support for eProsima Fast-RTPS[0m
[7.583s] [01m[K/home/nvidia/ros2_ws/src/rby1_movement/src/rby1_movement_subscriber.cpp:10:10:[m[K [01;31m[Kfatal error: [m[Krby1_movement/srv/speed_control.hpp: No such file or directory
[7.583s]    10 | #include [01;31m[K"rby1_movement/srv/speed_control.hpp"[m[K
[7.583s]       |          [01;31m[K^~~~~~~~~~~~~~~~~~~~~~~~~~~~~~~~~~~~~[m[K
[7.584s] [01m[K/home/nvidia/ros2_ws/src/rby1_movement/src/rby1_movement_subscriber.cpp:10:10:[m[K [01;31m[Kfatal error: [m[Krby1_movement/srv/speed_control.hpp: No such file or directory
[7.584s]    10 | #include [01;31m[K"rby1_movement/srv/speed_control.hpp"[m[K
[7.584s]       |          [01;31m[K^~~~~~~~~~~~~~~~~~~~~~~~~~~~~~~~~~~~~[m[K
[7.584s] compilation terminated.
[7.584s] compilation terminated.
[7.593s] gmake[2]: *** [CMakeFiles/rby1_movement_subscriber.dir/build.make:79: CMakeFiles/rby1_movement_subscriber.dir/src/rby1_movement_subscriber.cpp.o] Error 1
[7.593s] gmake[2]: *** [CMakeFiles/speed_server.dir/build.make:79: CMakeFiles/speed_server.dir/src/rby1_movement_subscriber.cpp.o] Error 1
[7.594s] gmake[1]: *** [CMakeFiles/Makefile2:731: CMakeFiles/rby1_movement_subscriber.dir/all] Error 2
[7.594s] gmake[1]: *** Waiting for unfinished jobs....
[7.594s] gmake[1]: *** [CMakeFiles/Makefile2:763: CMakeFiles/speed_server.dir/all] Error 2
[7.829s] [ 37%] [32mBuilding CXX object CMakeFiles/rby1_movement__rosidl_typesupport_cpp.dir/rosidl_typesupport_cpp/rby1_movement/srv/speed_control__type_support.cpp.o[0m
[7.864s] [ 40%] [32mBuilding CXX object CMakeFiles/rby1_movement__rosidl_typesupport_introspection_cpp.dir/rosidl_typesupport_introspection_cpp/rby1_movement/srv/detail/speed_control__type_support.cpp.o[0m
[7.884s] [ 42%] [32mBuilding CXX object CMakeFiles/rby1_movement__rosidl_typesupport_fastrtps_cpp.dir/rosidl_typesupport_fastrtps_cpp/rby1_movement/srv/detail/dds_fastrtps/speed_control__type_support.cpp.o[0m
[7.988s] [ 45%] [32mBuilding CXX object CMakeFiles/rby1_movement__rosidl_typesupport_c.dir/rosidl_typesupport_c/rby1_movement/srv/speed_control__type_support.cpp.o[0m
[8.040s] [ 48%] [32mBuilding C object CMakeFiles/rby1_movement__rosidl_typesupport_introspection_c.dir/rosidl_typesupport_introspection_c/rby1_movement/srv/detail/speed_control__type_support.c.o[0m
[8.044s] [ 54%] [32mBuilding CXX object CMakeFiles/rby1_movement__rosidl_typesupport_fastrtps_c.dir/rosidl_typesupport_fastrtps_c/rby1_movement/srv/detail/speed_control__type_support_c.cpp.o[0m
[8.044s] [ 54%] [32m[1mLinking CXX shared library librby1_movement__rosidl_typesupport_c.so[0m
[8.099s] [ 54%] Built target rby1_movement__rosidl_typesupport_c
[8.107s] [ 57%] [32m[1mLinking C shared library librby1_movement__rosidl_typesupport_introspection_c.so[0m
[8.145s] [ 57%] Built target rby1_movement__rosidl_typesupport_introspection_c
[8.361s] [ 60%] [32m[1mLinking CXX shared library librby1_movement__rosidl_typesupport_cpp.so[0m
[8.414s] [ 60%] Built target rby1_movement__rosidl_typesupport_cpp
[8.606s] [ 62%] [32m[1mLinking CXX shared library librby1_movement__rosidl_typesupport_introspection_cpp.so[0m
[8.660s] [ 62%] Built target rby1_movement__rosidl_typesupport_introspection_cpp
[8.677s] [ 65%] [32m[1mLinking CXX shared library librby1_movement__rosidl_typesupport_fastrtps_cpp.so[0m
[8.713s] [ 68%] [32m[1mLinking CXX shared library librby1_movement__rosidl_typesupport_fastrtps_c.so[0m
[8.807s] [ 68%] Built target rby1_movement__rosidl_typesupport_fastrtps_cpp
[8.840s] [ 68%] Built target rby1_movement__rosidl_typesupport_fastrtps_c
[8.842s] gmake: *** [Makefile:146: all] Error 2
[8.847s] Invoked command in '/home/nvidia/ros2_ws/src/rby1_movement/build/rby1_movement' returned '2': CMAKE_PREFIX_PATH=${CMAKE_PREFIX_PATH}:/home/nvidia/ros2_ws/install/keyboard_joy:/opt/ros/humble /usr/bin/cmake --build /home/nvidia/ros2_ws/src/rby1_movement/build/rby1_movement -- -j8 -l8
