[0.019s] Invoking command in '/home/nvidia/ros2_ws/src/rby1_movement/build/rby1_movement': CMAKE_PREFIX_PATH=${CMAKE_PREFIX_PATH}:/opt/ros/humble /usr/bin/cmake /home/nvidia/ros2_ws/src/rby1_movement -DCMAKE_INSTALL_PREFIX=/home/nvidia/ros2_ws/src/rby1_movement/install/rby1_movement
[0.049s] -- Found ament_cmake: 1.3.11 (/opt/ros/humble/share/ament_cmake/cmake)
[0.501s] -- Found rclcpp: 16.0.12 (/opt/ros/humble/share/rclcpp/cmake)
[0.578s] -- Found rosidl_generator_c: 3.1.6 (/opt/ros/humble/share/rosidl_generator_c/cmake)
[0.583s] -- Found rosidl_adapter: 3.1.6 (/opt/ros/humble/share/rosidl_adapter/cmake)
[0.592s] -- Found rosidl_generator_cpp: 3.1.6 (/opt/ros/humble/share/rosidl_generator_cpp/cmake)
[0.609s] -- Using all available rosidl_typesupport_c: rosidl_typesupport_fastrtps_c;rosidl_typesupport_introspection_c
[0.631s] -- Using all available rosidl_typesupport_cpp: rosidl_typesupport_fastrtps_cpp;rosidl_typesupport_introspection_cpp
[0.686s] -- Found rmw_implementation_cmake: 6.1.2 (/opt/ros/humble/share/rmw_implementation_cmake/cmake)
[0.689s] -- Found rmw_cyclonedds_cpp: 1.3.4 (/opt/ros/humble/share/rmw_cyclonedds_cpp/cmake)
[0.720s] -- Using RMW implementation 'rmw_cyclonedds_cpp' as default
[0.804s] -- Found sensor_msgs: 4.8.0 (/opt/ros/humble/share/sensor_msgs/cmake)
[0.859s] -- Found ament_lint_auto: 0.12.12 (/opt/ros/humble/share/ament_lint_auto/cmake)
[1.058s] -- Added test 'cppcheck' to perform static code analysis on C / C++ code
[1.058s] -- Configured cppcheck include dirs: 
[1.059s] -- Configured cppcheck exclude dirs and/or files: 
[1.060s] -- Added test 'flake8' to check Python code syntax and style conventions
[1.063s] -- Added test 'lint_cmake' to check CMake code style
[1.065s] -- Added test 'pep257' to check Python code against some of the docstring style conventions in PEP 257
[1.074s] -- Added test 'uncrustify' to check C / C++ code style
[1.074s] -- Configured uncrustify additional arguments: 
[1.076s] -- Added test 'xmllint' to check XML markup files
[1.078s] -- Configuring done (1.0s)
[1.101s] -- Generating done (0.0s)
[1.105s] -- Build files have been written to: /home/nvidia/ros2_ws/src/rby1_movement/build/rby1_movement
[1.119s] Invoked command in '/home/nvidia/ros2_ws/src/rby1_movement/build/rby1_movement' returned '0': CMAKE_PREFIX_PATH=${CMAKE_PREFIX_PATH}:/opt/ros/humble /usr/bin/cmake /home/nvidia/ros2_ws/src/rby1_movement -DCMAKE_INSTALL_PREFIX=/home/nvidia/ros2_ws/src/rby1_movement/install/rby1_movement
[1.123s] Invoking command in '/home/nvidia/ros2_ws/src/rby1_movement/build/rby1_movement': CMAKE_PREFIX_PATH=${CMAKE_PREFIX_PATH}:/opt/ros/humble /usr/bin/cmake --build /home/nvidia/ros2_ws/src/rby1_movement/build/rby1_movement -- -j8 -l8
[1.181s] [ 50%] [32mBuilding CXX object CMakeFiles/rby1_movement_subscriber.dir/src/rby1_movement_subscriber.cpp.o[0m
[1.839s] [01m[K/home/nvidia/ros2_ws/src/rby1_movement/src/rby1_movement_subscriber.cpp:19:28:[m[K [01;35m[Kwarning: [m[Kcharacter constant too long for its type
[1.839s]    19 |     RBY1_Movement() : Node([01;35m[K'rby1_movement_subscriber'[m[K) {
[1.839s]       |                            [01;35m[K^~~~~~~~~~~~~~~~~~~~~~~~~~[m[K
[8.560s] [01m[K/home/nvidia/ros2_ws/src/rby1_movement/src/rby1_movement_subscriber.cpp:50:2:[m[K [01;31m[Kerror: [m[Kexpected â€˜[01m[K;[m[Kâ€™ after class definition
[8.561s]    50 | }
[8.561s]       |  [01;31m[K^[m[K
[8.561s]       |  [32m[K;[m[K
[8.561s] [01m[K/home/nvidia/ros2_ws/src/rby1_movement/src/rby1_movement_subscriber.cpp:49:5:[m[K [01;31m[Kerror: [m[Kexpected â€˜[01m[K;[m[Kâ€™ before â€˜[01m[Krclcpp[m[Kâ€™
[8.561s]    49 |     [01;31m[Krclcpp[m[K::Subscription<sensor_msgs::msg::Joy>::SharedPtr joy_sub_;
[8.561s]       |     [01;31m[K^~~~~~[m[K
[8.561s] [01m[K/home/nvidia/ros2_ws/src/rby1_movement/src/rby1_movement_subscriber.cpp:[m[K In constructor â€˜[01m[KRBY1_Movement::RBY1_Movement()[m[Kâ€™:
[8.561s] [01m[K/home/nvidia/ros2_ws/src/rby1_movement/src/rby1_movement_subscriber.cpp:19:54:[m[K [01;31m[Kerror: [m[Kno matching function for call to â€˜[01m[Krclcpp::Node::Node(int)[m[Kâ€™
[8.561s]    19 |     RBY1_Movement() : Node('rby1_movement_subscriber'[01;31m[K)[m[K {
[8.562s]       |                                                      [01;31m[K^[m[K
[8.562s] In file included from [01m[K/opt/ros/humble/include/rclcpp/rclcpp/executors/single_threaded_executor.hpp:28[m[K,
[8.562s]                  from [01m[K/opt/ros/humble/include/rclcpp/rclcpp/executors.hpp:22[m[K,
[8.562s]                  from [01m[K/opt/ros/humble/include/rclcpp/rclcpp/rclcpp.hpp:155[m[K,
[8.562s]                  from [01m[K/home/nvidia/ros2_ws/src/rby1_movement/src/rby1_movement_subscriber.cpp:4[m[K:
[8.562s] [01m[K/opt/ros/humble/include/rclcpp/rclcpp/node.hpp:1294:3:[m[K [01;36m[Knote: [m[Kcandidate: â€˜[01m[Krclcpp::Node::Node(const rclcpp::Node&, const string&)[m[Kâ€™
[8.562s]  1294 |   [01;36m[KNode[m[K(
[8.562s]       |   [01;36m[K^~~~[m[K
[8.562s] [01m[K/opt/ros/humble/include/rclcpp/rclcpp/node.hpp:1294:3:[m[K [01;36m[Knote: [m[K  candidate expects 2 arguments, 1 provided
[8.562s] [01m[K/opt/ros/humble/include/rclcpp/rclcpp/node.hpp:101:12:[m[K [01;36m[Knote: [m[Kcandidate: â€˜[01m[Krclcpp::Node::Node(const string&, const string&, const rclcpp::NodeOptions&)[m[Kâ€™
[8.563s]   101 |   explicit [01;36m[KNode[m[K(
[8.563s]       |            [01;36m[K^~~~[m[K
[8.563s] [01m[K/opt/ros/humble/include/rclcpp/rclcpp/node.hpp:101:12:[m[K [01;36m[Knote: [m[K  candidate expects 3 arguments, 1 provided
[8.563s] [01m[K/opt/ros/humble/include/rclcpp/rclcpp/node.hpp:89:12:[m[K [01;36m[Knote: [m[Kcandidate: â€˜[01m[Krclcpp::Node::Node(const string&, const rclcpp::NodeOptions&)[m[Kâ€™
[8.563s]    89 |   explicit [01;36m[KNode[m[K(
[8.563s]       |            [01;36m[K^~~~[m[K
[8.563s] [01m[K/opt/ros/humble/include/rclcpp/rclcpp/node.hpp:90:25:[m[K [01;36m[Knote: [m[K  no known conversion for argument 1 from â€˜[01m[Kint[m[Kâ€™ to â€˜[01m[Kconst string&[m[Kâ€™ {aka â€˜[01m[Kconst std::__cxx11::basic_string<char>&[m[Kâ€™}
[8.563s]    90 |     [01;36m[Kconst std::string & node_name[m[K,
[8.563s]       |     [01;36m[K~~~~~~~~~~~~~~~~~~~~^~~~~~~~~[m[K
[8.759s] [01m[K/home/nvidia/ros2_ws/src/rby1_movement/src/rby1_movement_subscriber.cpp:46:5:[m[K [01;31m[Kerror: [m[Kexpected â€˜[01m[K,[m[Kâ€™ or â€˜[01m[K;[m[Kâ€™ before â€˜[01m[K}[m[Kâ€™ token
[8.759s]    46 |     [01;31m[K}[m[K
[8.759s]       |     [01;31m[K^[m[K
[8.759s] [01m[K/home/nvidia/ros2_ws/src/rby1_movement/src/rby1_movement_subscriber.cpp:[m[K In function â€˜[01m[Kint main(int, char**)[m[Kâ€™:
[8.759s] [01m[K/home/nvidia/ros2_ws/src/rby1_movement/src/rby1_movement_subscriber.cpp:53:27:[m[K [01;31m[Kerror: [m[Kexpected unqualified-id before â€˜[01m[K<[m[Kâ€™ token
[8.759s]    53 |         rclcpp::spin(std::[01;31m[K<[m[KRBY1_Movement()>);
[8.759s]       |                           [01;31m[K^[m[K
[8.760s] [01m[K/home/nvidia/ros2_ws/src/rby1_movement/src/rby1_movement_subscriber.cpp:53:44:[m[K [01;31m[Kerror: [m[Kexpected primary-expression before â€˜[01m[K)[m[Kâ€™ token
[8.760s]    53 |         rclcpp::spin(std::<RBY1_Movement()>[01;31m[K)[m[K;
[8.760s]       |                                            [01;31m[K^[m[K
[13.824s] gmake[2]: *** [CMakeFiles/rby1_movement_subscriber.dir/build.make:79: CMakeFiles/rby1_movement_subscriber.dir/src/rby1_movement_subscriber.cpp.o] Error 1
[13.825s] gmake[1]: *** [CMakeFiles/Makefile2:153: CMakeFiles/rby1_movement_subscriber.dir/all] Error 2
[13.826s] gmake: *** [Makefile:146: all] Error 2
[13.831s] Invoked command in '/home/nvidia/ros2_ws/src/rby1_movement/build/rby1_movement' returned '2': CMAKE_PREFIX_PATH=${CMAKE_PREFIX_PATH}:/opt/ros/humble /usr/bin/cmake --build /home/nvidia/ros2_ws/src/rby1_movement/build/rby1_movement -- -j8 -l8
