[0.024s] Invoking command in '/home/nvidia/ros2_ws/src/rby1_movement/build/rby1_movement': CMAKE_PREFIX_PATH=${CMAKE_PREFIX_PATH}:/home/nvidia/ros2_ws/install/keyboard_joy:/opt/ros/humble /usr/bin/cmake --build /home/nvidia/ros2_ws/src/rby1_movement/build/rby1_movement -- -j8 -l8
[0.082s] [  2%] Built target rby1_movement__cpp
[0.083s] [ 11%] Built target rby1_movement__rosidl_generator_c
[0.091s] [ 11%] Built target ament_cmake_python_copy_rby1_movement
[0.102s] [ 14%] [32mBuilding CXX object CMakeFiles/speed_server.dir/src/rby1_movement_subscriber.cpp.o[0m
[0.103s] [ 17%] [32mBuilding CXX object CMakeFiles/rby1_movement_subscriber.dir/src/rby1_movement_subscriber.cpp.o[0m
[0.109s] [ 34%] Built target rby1_movement__rosidl_typesupport_introspection_c
[0.109s] [ 34%] Built target rby1_movement__rosidl_typesupport_fastrtps_c
[0.109s] [ 42%] Built target rby1_movement__rosidl_typesupport_fastrtps_cpp
[0.111s] [ 60%] Built target rby1_movement__rosidl_typesupport_introspection_cpp
[0.111s] [ 60%] Built target rby1_movement__rosidl_typesupport_c
[0.118s] [ 68%] Built target rby1_movement__rosidl_typesupport_cpp
[0.138s] [ 68%] Built target rby1_movement
[0.160s] [ 71%] Built target rby1_movement__py
[0.186s] [ 77%] Built target rby1_movement__rosidl_generator_py
[0.213s] [ 94%] Built target rby1_movement__rosidl_typesupport_c__pyext
[0.214s] [ 94%] Built target rby1_movement__rosidl_typesupport_fastrtps_c__pyext
[0.214s] [ 94%] Built target rby1_movement__rosidl_typesupport_introspection_c__pyext
[0.565s] running egg_info
[0.566s] writing rby1_movement.egg-info/PKG-INFO
[0.567s] writing dependency_links to rby1_movement.egg-info/dependency_links.txt
[0.567s] writing top-level names to rby1_movement.egg-info/top_level.txt
[0.571s] reading manifest file 'rby1_movement.egg-info/SOURCES.txt'
[0.572s] writing manifest file 'rby1_movement.egg-info/SOURCES.txt'
[0.635s] [ 94%] Built target ament_cmake_python_build_rby1_movement_egg
[5.409s] In file included from [01m[K/usr/include/eigen3/Eigen/Core:214[m[K,
[5.409s]                  from [01m[K/home/nvidia/rby1-sdk/include/rby1-sdk/dynamics/robot.h:3[m[K,
[5.409s]                  from [01m[K/home/nvidia/rby1-sdk/include/rby1-sdk/model.h:6[m[K,
[5.409s]                  from [01m[K/home/nvidia/ros2_ws/src/rby1_movement/src/rby1_movement_subscriber.cpp:7[m[K:
[5.409s] [01m[K/usr/include/eigen3/Eigen/src/Core/arch/NEON/PacketMath.h:[m[K In function â€˜[01m[KPacket Eigen::internal::pload(const typename Eigen::internal::unpacket_traits<T>::type*) [with Packet = Eigen::internal::eigen_packet_wrapper<int, 2>; typename Eigen::internal::unpacket_traits<T>::type = signed char][m[Kâ€™:
[5.409s] [01m[K/usr/include/eigen3/Eigen/src/Core/arch/NEON/PacketMath.h:1671:9:[m[K [01;35m[Kwarning: [m[Kâ€˜[01m[Kvoid* memcpy(void*, const void*, size_t)[m[Kâ€™ copying an object of non-trivial type â€˜[01m[KEigen::internal::Packet4c[m[Kâ€™ {aka â€˜[01m[Kstruct Eigen::internal::eigen_packet_wrapper<int, 2>[m[Kâ€™} from an array of â€˜[01m[Kconst int8_t[m[Kâ€™ {aka â€˜[01m[Kconst signed char[m[Kâ€™} [[01;35m[K]8;;https://gcc.gnu.org/onlinedocs/gcc/Warning-Options.html#index-Wclass-memaccess-Wclass-memaccess]8;;[m[K]
[5.410s]  1671 |   [01;35m[Kmemcpy(&res, from, sizeof(Packet4c))[m[K;
[5.410s]       |   [01;35m[K~~~~~~^~~~~~~~~~~~~~~~~~~~~~~~~~~~~~[m[K
[5.410s] In file included from [01m[K/usr/include/eigen3/Eigen/Core:172[m[K,
[5.410s]                  from [01m[K/home/nvidia/rby1-sdk/include/rby1-sdk/dynamics/robot.h:3[m[K,
[5.410s]                  from [01m[K/home/nvidia/rby1-sdk/include/rby1-sdk/model.h:6[m[K,
[5.410s]                  from [01m[K/home/nvidia/ros2_ws/src/rby1_movement/src/rby1_movement_subscriber.cpp:7[m[K:
[5.410s] [01m[K/usr/include/eigen3/Eigen/src/Core/GenericPacketMath.h:159:8:[m[K [01;36m[Knote: [m[Kâ€˜[01m[KEigen::internal::Packet4c[m[Kâ€™ {aka â€˜[01m[Kstruct Eigen::internal::eigen_packet_wrapper<int, 2>[m[Kâ€™} declared here
[5.410s]   159 | struct [01;36m[Keigen_packet_wrapper[m[K
[5.410s]       |        [01;36m[K^~~~~~~~~~~~~~~~~~~~[m[K
[5.411s] In file included from [01m[K/usr/include/eigen3/Eigen/Core:214[m[K,
[5.411s]                  from [01m[K/home/nvidia/rby1-sdk/include/rby1-sdk/dynamics/robot.h:3[m[K,
[5.411s]                  from [01m[K/home/nvidia/rby1-sdk/include/rby1-sdk/model.h:6[m[K,
[5.412s]                  from [01m[K/home/nvidia/ros2_ws/src/rby1_movement/src/rby1_movement_subscriber.cpp:7[m[K:
[5.412s] [01m[K/usr/include/eigen3/Eigen/src/Core/arch/NEON/PacketMath.h:[m[K In function â€˜[01m[KPacket Eigen::internal::ploadu(const typename Eigen::internal::unpacket_traits<T>::type*) [with Packet = Eigen::internal::eigen_packet_wrapper<int, 2>; typename Eigen::internal::unpacket_traits<T>::type = signed char][m[Kâ€™:
[5.412s] [01m[K/usr/include/eigen3/Eigen/src/Core/arch/NEON/PacketMath.h:1716:9:[m[K [01;35m[Kwarning: [m[Kâ€˜[01m[Kvoid* memcpy(void*, const void*, size_t)[m[Kâ€™ copying an object of non-trivial type â€˜[01m[KEigen::internal::Packet4c[m[Kâ€™ {aka â€˜[01m[Kstruct Eigen::internal::eigen_packet_wrapper<int, 2>[m[Kâ€™} from an array of â€˜[01m[Kconst int8_t[m[Kâ€™ {aka â€˜[01m[Kconst signed char[m[Kâ€™} [[01;35m[K]8;;https://gcc.gnu.org/onlinedocs/gcc/Warning-Options.html#index-Wclass-memaccess-Wclass-memaccess]8;;[m[K]
[5.412s]  1716 |   [01;35m[Kmemcpy(&res, from, sizeof(Packet4c))[m[K;
[5.412s]       |   [01;35m[K~~~~~~^~~~~~~~~~~~~~~~~~~~~~~~~~~~~~[m[K
[5.412s] In file included from [01m[K/usr/include/eigen3/Eigen/Core:172[m[K,
[5.412s]                  from [01m[K/home/nvidia/rby1-sdk/include/rby1-sdk/dynamics/robot.h:3[m[K,
[5.412s]                  from [01m[K/home/nvidia/rby1-sdk/include/rby1-sdk/model.h:6[m[K,
[5.412s]                  from [01m[K/home/nvidia/ros2_ws/src/rby1_movement/src/rby1_movement_subscriber.cpp:7[m[K:
[5.412s] [01m[K/usr/include/eigen3/Eigen/src/Core/GenericPacketMath.h:159:8:[m[K [01;36m[Knote: [m[Kâ€˜[01m[KEigen::internal::Packet4c[m[Kâ€™ {aka â€˜[01m[Kstruct Eigen::internal::eigen_packet_wrapper<int, 2>[m[Kâ€™} declared here
[5.413s]   159 | struct [01;36m[Keigen_packet_wrapper[m[K
[5.413s]       |        [01;36m[K^~~~~~~~~~~~~~~~~~~~[m[K
[7.690s] [01m[K/home/nvidia/ros2_ws/src/rby1_movement/src/rby1_movement_subscriber.cpp:76:70:[m[K [01;31m[Kerror: [m[Kincomplete type â€˜[01m[KRBY1_Movement[m[Kâ€™ used in nested name specifier
[7.690s]    76 |     void speed_control_callback(const std::shared_ptr<RBY1_Movement::[01;31m[Ksrv[m[K::SpeedControl::Request> request,
[7.690s]       |                                                                      [01;31m[K^~~[m[K
[7.690s] [01m[K/home/nvidia/ros2_ws/src/rby1_movement/src/rby1_movement_subscriber.cpp:76:96:[m[K [01;31m[Kerror: [m[Ktemplate argument 1 is invalid
[7.690s]    76 |     void speed_control_callback(const std::shared_ptr<RBY1_Movement::srv::SpeedControl::Request[01;31m[K>[m[K request,
[7.690s]       |                                                                                                [01;31m[K^[m[K
[7.691s] [01m[K/home/nvidia/ros2_ws/src/rby1_movement/src/rby1_movement_subscriber.cpp:76:70:[m[K [01;31m[Kerror: [m[Kincomplete type â€˜[01m[KRBY1_Movement[m[Kâ€™ used in nested name specifier
[7.691s]    76 |     void speed_control_callback(const std::shared_ptr<RBY1_Movement::[01;31m[Ksrv[m[K::SpeedControl::Request> request,
[7.691s]       |                                                                      [01;31m[K^~~[m[K
[7.691s] [01m[K/home/nvidia/ros2_ws/src/rby1_movement/src/rby1_movement_subscriber.cpp:76:96:[m[K [01;31m[Kerror: [m[Ktemplate argument 1 is invalid
[7.691s]    76 |     void speed_control_callback(const std::shared_ptr<RBY1_Movement::srv::SpeedControl::Request[01;31m[K>[m[K request,
[7.691s]       |                                                                                                [01;31m[K^[m[K
[7.691s] [01m[K/home/nvidia/ros2_ws/src/rby1_movement/src/rby1_movement_subscriber.cpp:76:70:[m[K [01;31m[Kerror: [m[Kincomplete type â€˜[01m[KRBY1_Movement[m[Kâ€™ used in nested name specifier
[7.691s]    76 |     void speed_control_callback(const std::shared_ptr<RBY1_Movement::[01;31m[Ksrv[m[K::SpeedControl::Request> request,
[7.691s]       |                                                                      [01;31m[K^~~[m[K
[7.692s] [01m[K/home/nvidia/ros2_ws/src/rby1_movement/src/rby1_movement_subscriber.cpp:76:96:[m[K [01;31m[Kerror: [m[Ktemplate argument 1 is invalid
[7.692s]    76 |     void speed_control_callback(const std::shared_ptr<RBY1_Movement::srv::SpeedControl::Request[01;31m[K>[m[K request,
[7.692s]       |                                                                                                [01;31m[K^[m[K
[7.692s] [01m[K/home/nvidia/ros2_ws/src/rby1_movement/src/rby1_movement_subscriber.cpp:76:39:[m[K [01;31m[Kerror: [m[Kinvalid template-id
[7.692s]    76 |     void speed_control_callback(const [01;31m[Kstd[m[K::shared_ptr<RBY1_Movement::srv::SpeedControl::Request> request,
[7.692s]       |                                       [01;31m[K^~~[m[K
[7.692s] [01m[K/home/nvidia/ros2_ws/src/rby1_movement/src/rby1_movement_subscriber.cpp:76:70:[m[K [01;31m[Kerror: [m[Kâ€˜[01m[KRBY1_Movement::srv[m[Kâ€™ has not been declared
[7.692s]    76 |     void speed_control_callback(const std::shared_ptr<RBY1_Movement::[01;31m[Ksrv[m[K::SpeedControl::Request> request,
[7.692s]       |                                                                      [01;31m[K^~~[m[K
[7.692s] [01m[K/home/nvidia/ros2_ws/src/rby1_movement/src/rby1_movement_subscriber.cpp:76:33:[m[K [01;31m[Kerror: [m[Kclass template placeholder â€˜[01m[Kstd::shared_ptr[m[Kâ€™ not permitted in this context
[7.692s]    76 |     void speed_control_callback([01;31m[Kconst[m[K std::shared_ptr<RBY1_Movement::srv::SpeedControl::Request> request,
[7.693s]       |                                 [01;31m[K^~~~~[m[K
[7.693s] [01m[K/home/nvidia/ros2_ws/src/rby1_movement/src/rby1_movement_subscriber.cpp:77:64:[m[K [01;31m[Kerror: [m[Kincomplete type â€˜[01m[KRBY1_Movement[m[Kâ€™ used in nested name specifier
[7.693s]    77 |                                 std::shared_ptr<RBY1_Movement::[01;31m[Ksrv[m[K::SpeedControl::Response> response) {
[7.693s]       |                                                                [01;31m[K^~~[m[K
[7.693s] [01m[K/home/nvidia/ros2_ws/src/rby1_movement/src/rby1_movement_subscriber.cpp:77:91:[m[K [01;31m[Kerror: [m[Ktemplate argument 1 is invalid
[7.693s]    77 |                                 std::shared_ptr<RBY1_Movement::srv::SpeedControl::Response[01;31m[K>[m[K response) {
[7.693s]       |                                                                                           [01;31m[K^[m[K
[7.693s] [01m[K/home/nvidia/ros2_ws/src/rby1_movement/src/rby1_movement_subscriber.cpp:77:64:[m[K [01;31m[Kerror: [m[Kincomplete type â€˜[01m[KRBY1_Movement[m[Kâ€™ used in nested name specifier
[7.693s]    77 |                                 std::shared_ptr<RBY1_Movement::[01;31m[Ksrv[m[K::SpeedControl::Response> response) {
[7.693s]       |                                                                [01;31m[K^~~[m[K
[7.694s] [01m[K/home/nvidia/ros2_ws/src/rby1_movement/src/rby1_movement_subscriber.cpp:77:91:[m[K [01;31m[Kerror: [m[Ktemplate argument 1 is invalid
[7.694s]    77 |                                 std::shared_ptr<RBY1_Movement::srv::SpeedControl::Response[01;31m[K>[m[K response) {
[7.694s]       |                                                                                           [01;31m[K^[m[K
[7.694s] [01m[K/home/nvidia/ros2_ws/src/rby1_movement/src/rby1_movement_subscriber.cpp:77:64:[m[K [01;31m[Kerror: [m[Kincomplete type â€˜[01m[KRBY1_Movement[m[Kâ€™ used in nested name specifier
[7.694s]    77 |                                 std::shared_ptr<RBY1_Movement::[01;31m[Ksrv[m[K::SpeedControl::Response> response) {
[7.694s]       |                                                                [01;31m[K^~~[m[K
[7.694s] [01m[K/home/nvidia/ros2_ws/src/rby1_movement/src/rby1_movement_subscriber.cpp:77:91:[m[K [01;31m[Kerror: [m[Ktemplate argument 1 is invalid
[7.694s]    77 |                                 std::shared_ptr<RBY1_Movement::srv::SpeedControl::Response[01;31m[K>[m[K response) {
[7.694s]       |                                                                                           [01;31m[K^[m[K
[7.694s] [01m[K/home/nvidia/ros2_ws/src/rby1_movement/src/rby1_movement_subscriber.cpp:77:33:[m[K [01;31m[Kerror: [m[Kinvalid template-id
[7.694s]    77 |                                 [01;31m[Kstd[m[K::shared_ptr<RBY1_Movement::srv::SpeedControl::Response> response) {
[7.695s]       |                                 [01;31m[K^~~[m[K
[7.695s] [01m[K/home/nvidia/ros2_ws/src/rby1_movement/src/rby1_movement_subscriber.cpp:77:64:[m[K [01;31m[Kerror: [m[Kâ€˜[01m[KRBY1_Movement::srv[m[Kâ€™ has not been declared
[7.695s]    77 |                                 std::shared_ptr<RBY1_Movement::[01;31m[Ksrv[m[K::SpeedControl::Response> response) {
[7.695s]       |                                                                [01;31m[K^~~[m[K
[7.695s] [01m[K/home/nvidia/ros2_ws/src/rby1_movement/src/rby1_movement_subscriber.cpp:77:33:[m[K [01;31m[Kerror: [m[Kclass template placeholder â€˜[01m[Kstd::shared_ptr[m[Kâ€™ not permitted in this context
[7.695s]    77 |                                 [01;31m[Kstd[m[K::shared_ptr<RBY1_Movement::srv::SpeedControl::Response> response) {
[7.695s]       |                                 [01;31m[K^~~[m[K
[7.702s] [01m[K/home/nvidia/ros2_ws/src/rby1_movement/src/rby1_movement_subscriber.cpp:[m[K At global scope:
[7.702s] [01m[K/home/nvidia/ros2_ws/src/rby1_movement/src/rby1_movement_subscriber.cpp:76:70:[m[K [01;31m[Kerror: [m[Kincomplete type â€˜[01m[KRBY1_Movement[m[Kâ€™ used in nested name specifier
[7.702s]    76 |     void speed_control_callback(const std::shared_ptr<RBY1_Movement::[01;31m[Ksrv[m[K::SpeedControl::Request> request,
[7.702s]       |                                                                      [01;31m[K^~~[m[K
[7.703s] [01m[K/home/nvidia/ros2_ws/src/rby1_movement/src/rby1_movement_subscriber.cpp:76:96:[m[K [01;31m[Kerror: [m[Ktemplate argument 1 is invalid
[7.703s]    76 |     void speed_control_callback(const std::shared_ptr<RBY1_Movement::srv::SpeedControl::Request[01;31m[K>[m[K request,
[7.703s]       |                                                                                                [01;31m[K^[m[K
[7.703s] [01m[K/home/nvidia/ros2_ws/src/rby1_movement/src/rby1_movement_subscriber.cpp:76:70:[m[K [01;31m[Kerror: [m[Kincomplete type â€˜[01m[KRBY1_Movement[m[Kâ€™ used in nested name specifier
[7.703s]    76 |     void speed_control_callback(const std::shared_ptr<RBY1_Movement::[01;31m[Ksrv[m[K::SpeedControl::Request> request,
[7.703s]       |                                                                      [01;31m[K^~~[m[K
[7.703s] [01m[K/home/nvidia/ros2_ws/src/rby1_movement/src/rby1_movement_subscriber.cpp:76:96:[m[K [01;31m[Kerror: [m[Ktemplate argument 1 is invalid
[7.703s]    76 |     void speed_control_callback(const std::shared_ptr<RBY1_Movement::srv::SpeedControl::Request[01;31m[K>[m[K request,
[7.703s]       |                                                                                                [01;31m[K^[m[K
[7.703s] [01m[K/home/nvidia/ros2_ws/src/rby1_movement/src/rby1_movement_subscriber.cpp:76:70:[m[K [01;31m[Kerror: [m[Kincomplete type â€˜[01m[KRBY1_Movement[m[Kâ€™ used in nested name specifier
[7.704s]    76 |     void speed_control_callback(const std::shared_ptr<RBY1_Movement::[01;31m[Ksrv[m[K::SpeedControl::Request> request,
[7.704s]       |                                                                      [01;31m[K^~~[m[K
[7.704s] [01m[K/home/nvidia/ros2_ws/src/rby1_movement/src/rby1_movement_subscriber.cpp:76:96:[m[K [01;31m[Kerror: [m[Ktemplate argument 1 is invalid
[7.704s]    76 |     void speed_control_callback(const std::shared_ptr<RBY1_Movement::srv::SpeedControl::Request[01;31m[K>[m[K request,
[7.704s]       |                                                                                                [01;31m[K^[m[K
[7.704s] [01m[K/home/nvidia/ros2_ws/src/rby1_movement/src/rby1_movement_subscriber.cpp:76:39:[m[K [01;31m[Kerror: [m[Kinvalid template-id
[7.704s]    76 |     void speed_control_callback(const [01;31m[Kstd[m[K::shared_ptr<RBY1_Movement::srv::SpeedControl::Request> request,
[7.704s]       |                                       [01;31m[K^~~[m[K
[7.704s] [01m[K/home/nvidia/ros2_ws/src/rby1_movement/src/rby1_movement_subscriber.cpp:76:70:[m[K [01;31m[Kerror: [m[Kâ€˜[01m[KRBY1_Movement::srv[m[Kâ€™ has not been declared
[7.704s]    76 |     void speed_control_callback(const std::shared_ptr<RBY1_Movement::[01;31m[Ksrv[m[K::SpeedControl::Request> request,
[7.705s]       |                                                                      [01;31m[K^~~[m[K
[7.705s] [01m[K/home/nvidia/ros2_ws/src/rby1_movement/src/rby1_movement_subscriber.cpp:76:33:[m[K [01;31m[Kerror: [m[Kclass template placeholder â€˜[01m[Kstd::shared_ptr[m[Kâ€™ not permitted in this context
[7.705s]    76 |     void speed_control_callback([01;31m[Kconst[m[K std::shared_ptr<RBY1_Movement::srv::SpeedControl::Request> request,
[7.705s]       |                                 [01;31m[K^~~~~[m[K
[7.705s] [01m[K/home/nvidia/ros2_ws/src/rby1_movement/src/rby1_movement_subscriber.cpp:77:64:[m[K [01;31m[Kerror: [m[Kincomplete type â€˜[01m[KRBY1_Movement[m[Kâ€™ used in nested name specifier
[7.705s]    77 |                                 std::shared_ptr<RBY1_Movement::[01;31m[Ksrv[m[K::SpeedControl::Response> response) {
[7.705s]       |                                                                [01;31m[K^~~[m[K
[7.705s] [01m[K/home/nvidia/ros2_ws/src/rby1_movement/src/rby1_movement_subscriber.cpp:77:91:[m[K [01;31m[Kerror: [m[Ktemplate argument 1 is invalid
[7.705s]    77 |                                 std::shared_ptr<RBY1_Movement::srv::SpeedControl::Response[01;31m[K>[m[K response) {
[7.705s]       |                                                                                           [01;31m[K^[m[K
[7.705s] [01m[K/home/nvidia/ros2_ws/src/rby1_movement/src/rby1_movement_subscriber.cpp:77:64:[m[K [01;31m[Kerror: [m[Kincomplete type â€˜[01m[KRBY1_Movement[m[Kâ€™ used in nested name specifier
[7.706s]    77 |                                 std::shared_ptr<RBY1_Movement::[01;31m[Ksrv[m[K::SpeedControl::Response> response) {
[7.706s]       |                                                                [01;31m[K^~~[m[K
[7.706s] [01m[K/home/nvidia/ros2_ws/src/rby1_movement/src/rby1_movement_subscriber.cpp:77:91:[m[K [01;31m[Kerror: [m[Ktemplate argument 1 is invalid
[7.706s]    77 |                                 std::shared_ptr<RBY1_Movement::srv::SpeedControl::Response[01;31m[K>[m[K response) {
[7.706s]       |                                                                                           [01;31m[K^[m[K
[7.706s] [01m[K/home/nvidia/ros2_ws/src/rby1_movement/src/rby1_movement_subscriber.cpp:77:64:[m[K [01;31m[Kerror: [m[Kincomplete type â€˜[01m[KRBY1_Movement[m[Kâ€™ used in nested name specifier
[7.706s]    77 |                                 std::shared_ptr<RBY1_Movement::[01;31m[Ksrv[m[K::SpeedControl::Response> response) {
[7.706s]       |                                                                [01;31m[K^~~[m[K
[7.706s] [01m[K/home/nvidia/ros2_ws/src/rby1_movement/src/rby1_movement_subscriber.cpp:77:91:[m[K [01;31m[Kerror: [m[Ktemplate argument 1 is invalid
[7.706s]    77 |                                 std::shared_ptr<RBY1_Movement::srv::SpeedControl::Response[01;31m[K>[m[K response) {
[7.707s]       |                                                                                           [01;31m[K^[m[K
[7.707s] [01m[K/home/nvidia/ros2_ws/src/rby1_movement/src/rby1_movement_subscriber.cpp:77:33:[m[K [01;31m[Kerror: [m[Kinvalid template-id
[7.707s]    77 |                                 [01;31m[Kstd[m[K::shared_ptr<RBY1_Movement::srv::SpeedControl::Response> response) {
[7.707s]       |                                 [01;31m[K^~~[m[K
[7.707s] [01m[K/home/nvidia/ros2_ws/src/rby1_movement/src/rby1_movement_subscriber.cpp:77:64:[m[K [01;31m[Kerror: [m[Kâ€˜[01m[KRBY1_Movement::srv[m[Kâ€™ has not been declared
[7.707s]    77 |                                 std::shared_ptr<RBY1_Movement::[01;31m[Ksrv[m[K::SpeedControl::Response> response) {
[7.707s]       |                                                                [01;31m[K^~~[m[K
[7.707s] [01m[K/home/nvidia/ros2_ws/src/rby1_movement/src/rby1_movement_subscriber.cpp:77:33:[m[K [01;31m[Kerror: [m[Kclass template placeholder â€˜[01m[Kstd::shared_ptr[m[Kâ€™ not permitted in this context
[7.707s]    77 |                                 [01;31m[Kstd[m[K::shared_ptr<RBY1_Movement::srv::SpeedControl::Response> response) {
[7.707s]       |                                 [01;31m[K^~~[m[K
[7.769s] [01m[K/home/nvidia/ros2_ws/src/rby1_movement/src/rby1_movement_subscriber.cpp:155:36:[m[K [01;31m[Kerror: [m[Kincomplete type â€˜[01m[KRBY1_Movement[m[Kâ€™ used in nested name specifier
[7.769s]   155 |     rclcpp::Service<RBY1_Movement::[01;31m[Ksrv[m[K::SpeedControl>::SharedPtr speed_service_;
[7.769s]       |                                    [01;31m[K^~~[m[K
[7.769s] [01m[K/home/nvidia/ros2_ws/src/rby1_movement/src/rby1_movement_subscriber.cpp:155:53:[m[K [01;31m[Kerror: [m[Ktemplate argument 1 is invalid
[7.769s]   155 |     rclcpp::Service<RBY1_Movement::srv::SpeedControl[01;31m[K>[m[K::SharedPtr speed_service_;
[7.769s]       |                                                     [01;31m[K^[m[K
[7.770s] [01m[K/home/nvidia/ros2_ws/src/rby1_movement/src/rby1_movement_subscriber.cpp:155:56:[m[K [01;31m[Kerror: [m[Kexpected â€˜[01m[K;[m[Kâ€™ at end of member declaration
[7.770s]   155 |     rclcpp::Service<RBY1_Movement::srv::SpeedControl>::[01;31m[KSharedPtr[m[K speed_service_;
[7.770s]       |                                                        [01;31m[K^~~~~~~~~[m[K
[7.770s]       |                                                                 [32m[K;[m[K
[7.777s] [01m[K/home/nvidia/ros2_ws/src/rby1_movement/src/rby1_movement_subscriber.cpp:155:66:[m[K [01;31m[Kerror: [m[Kâ€˜[01m[Kspeed_service_[m[Kâ€™ does not name a type
[7.777s]   155 |     rclcpp::Service<RBY1_Movement::srv::SpeedControl>::SharedPtr [01;31m[Kspeed_service_[m[K;
[7.777s]       |                                                                  [01;31m[K^~~~~~~~~~~~~~[m[K
[7.782s] [01m[K/home/nvidia/ros2_ws/src/rby1_movement/src/rby1_movement_subscriber.cpp:155:36:[m[K [01;31m[Kerror: [m[Kincomplete type â€˜[01m[KRBY1_Movement[m[Kâ€™ used in nested name specifier
[7.782s]   155 |     rclcpp::Service<RBY1_Movement::[01;31m[Ksrv[m[K::SpeedControl>::SharedPtr speed_service_;
[7.782s]       |                                    [01;31m[K^~~[m[K
[7.782s] [01m[K/home/nvidia/ros2_ws/src/rby1_movement/src/rby1_movement_subscriber.cpp:155:53:[m[K [01;31m[Kerror: [m[Ktemplate argument 1 is invalid
[7.782s]   155 |     rclcpp::Service<RBY1_Movement::srv::SpeedControl[01;31m[K>[m[K::SharedPtr speed_service_;
[7.783s]       |                                                     [01;31m[K^[m[K
[7.783s] [01m[K/home/nvidia/ros2_ws/src/rby1_movement/src/rby1_movement_subscriber.cpp:155:56:[m[K [01;31m[Kerror: [m[Kexpected â€˜[01m[K;[m[Kâ€™ at end of member declaration
[7.783s]   155 |     rclcpp::Service<RBY1_Movement::srv::SpeedControl>::[01;31m[KSharedPtr[m[K speed_service_;
[7.783s]       |                                                        [01;31m[K^~~~~~~~~[m[K
[7.783s]       |                                                                 [32m[K;[m[K
[7.790s] [01m[K/home/nvidia/ros2_ws/src/rby1_movement/src/rby1_movement_subscriber.cpp:155:66:[m[K [01;31m[Kerror: [m[Kâ€˜[01m[Kspeed_service_[m[Kâ€™ does not name a type
[7.790s]   155 |     rclcpp::Service<RBY1_Movement::srv::SpeedControl>::SharedPtr [01;31m[Kspeed_service_[m[K;
[7.790s]       |                                                                  [01;31m[K^~~~~~~~~~~~~~[m[K
[7.816s] [01m[K/home/nvidia/ros2_ws/src/rby1_movement/src/rby1_movement_subscriber.cpp:[m[K In constructor â€˜[01m[KRBY1_Movement::RBY1_Movement(std::shared_ptr<rb::Robot<rb::y1_model::A> >, std::unique_ptr<rb::RobotCommandStreamHandler<rb::y1_model::A> >)[m[Kâ€™:
[7.816s] [01m[K/home/nvidia/ros2_ws/src/rby1_movement/src/rby1_movement_subscriber.cpp:45:9:[m[K [01;31m[Kerror: [m[Kâ€˜[01m[Kspeed_service_[m[Kâ€™ was not declared in this scope
[7.816s]    45 |         [01;31m[Kspeed_service_[m[K = this->create_service<rby1_movement::srv::SpeedControl>(
[7.816s]       |         [01;31m[K^~~~~~~~~~~~~~[m[K
[7.828s] [01m[K/home/nvidia/ros2_ws/src/rby1_movement/src/rby1_movement_subscriber.cpp:[m[K In constructor â€˜[01m[KRBY1_Movement::RBY1_Movement(std::shared_ptr<rb::Robot<rb::y1_model::A> >, std::unique_ptr<rb::RobotCommandStreamHandler<rb::y1_model::A> >)[m[Kâ€™:
[7.828s] [01m[K/home/nvidia/ros2_ws/src/rby1_movement/src/rby1_movement_subscriber.cpp:45:9:[m[K [01;31m[Kerror: [m[Kâ€˜[01m[Kspeed_service_[m[Kâ€™ was not declared in this scope
[7.829s]    45 |         [01;31m[Kspeed_service_[m[K = this->create_service<rby1_movement::srv::SpeedControl>(
[7.829s]       |         [01;31m[K^~~~~~~~~~~~~~[m[K
[7.837s] [01m[K/home/nvidia/ros2_ws/src/rby1_movement/src/rby1_movement_subscriber.cpp:45:47:[m[K [01;31m[Kerror: [m[Kâ€˜[01m[Krby1_movement[m[Kâ€™ was not declared in this scope; did you mean â€˜[01m[KRBY1_Movement[m[Kâ€™?
[7.837s]    45 |         speed_service_ = this->create_service<[01;31m[Krby1_movement[m[K::srv::SpeedControl>(
[7.838s]       |                                               [01;31m[K^~~~~~~~~~~~~[m[K
[7.838s]       |                                               [32m[KRBY1_Movement[m[K
[7.838s] [01m[K/home/nvidia/ros2_ws/src/rby1_movement/src/rby1_movement_subscriber.cpp:45:32:[m[K [01;31m[Kerror: [m[Kparse error in template argument list
[7.838s]    45 |         speed_service_ = this->[01;31m[Kcreate_service<rby1_movement::srv::SpeedControl>[m[K(
[7.838s]       |                                [01;31m[K^~~~~~~~~~~~~~~~~~~~~~~~~~~~~~~~~~~~~~~~~~~~~~~~[m[K
[7.851s] [01m[K/home/nvidia/ros2_ws/src/rby1_movement/src/rby1_movement_subscriber.cpp:45:80:[m[K [01;31m[Kerror: [m[Kno matching function for call to â€˜[01m[KRBY1_Movement::create_service<<expression error> >(const char [14], std::_Bind_helper<false, void (RBY1_Movement::*)(...), RBY1_Movement*, const std::_Placeholder<1>&, const std::_Placeholder<2>&>::type)[m[Kâ€™
[7.851s]    45 |         speed_service_ = [01;31m[Kthis->create_service<rby1_movement::srv::SpeedControl>([m[K
[7.851s]       |                          [01;31m[K~~~~~~~~~~~~~~~~~~~~~~~~~~~~~~~~~~~~~~~~~~~~~~~~~~~~~~^[m[K
[7.852s]    46 | [01;31m[K            "speed_control",[m[K
[7.852s]       |             [01;31m[K~~~~~~~~~~~~~~~~[m[K                                                    
[7.852s]    47 | [01;31m[K            std::bind(&RBY1_Movement::speed_control_callback, this,[m[K
[7.852s]       |             [01;31m[K~~~~~~~~~~~~~~~~~~~~~~~~~~~~~~~~~~~~~~~~~~~~~~~~~~~~~~~[m[K             
[7.852s]    48 | [01;31m[K                      std::placeholders::_1, std::placeholders::_2)[m[K
[7.852s]       |                       [01;31m[K~~~~~~~~~~~~~~~~~~~~~~~~~~~~~~~~~~~~~~~~~~~~~[m[K             
[7.852s]    49 | [01;31m[K        )[m[K;
[7.852s]       |         [01;31m[K~[m[K                                                                       
[7.852s] In file included from [01m[K/opt/ros/humble/include/rclcpp/rclcpp/executors/single_threaded_executor.hpp:28[m[K,
[7.852s]                  from [01m[K/opt/ros/humble/include/rclcpp/rclcpp/executors.hpp:22[m[K,
[7.853s]                  from [01m[K/opt/ros/humble/include/rclcpp/rclcpp/rclcpp.hpp:155[m[K,
[7.853s]                  from [01m[K/home/nvidia/ros2_ws/src/rby1_movement/src/rby1_movement_subscriber.cpp:5[m[K:
[7.853s] [01m[K/opt/ros/humble/include/rclcpp/rclcpp/node.hpp:267:3:[m[K [01;36m[Knote: [m[Kcandidate: â€˜[01m[Ktemplate<class ServiceT, class CallbackT> typename rclcpp::Service<ServiceT>::SharedPtr rclcpp::Node::create_service(const string&, CallbackT&&, const rmw_qos_profile_t&, rclcpp::CallbackGroup::SharedPtr)[m[Kâ€™
[7.853s]   267 |   [01;36m[Kcreate_service[m[K(
[7.853s]       |   [01;36m[K^~~~~~~~~~~~~~[m[K
[7.853s] [01m[K/opt/ros/humble/include/rclcpp/rclcpp/node.hpp:267:3:[m[K [01;36m[Knote: [m[K  template argument deduction/substitution failed:
[7.853s] [01m[K/home/nvidia/ros2_ws/src/rby1_movement/src/rby1_movement_subscriber.cpp:45:80:[m[K [01;31m[Kerror: [m[Ktemplate argument 1 is invalid
[7.853s]    45 |         speed_service_ = [01;31m[Kthis->create_service<rby1_movement::srv::SpeedControl>([m[K
[7.853s]       |                          [01;31m[K~~~~~~~~~~~~~~~~~~~~~~~~~~~~~~~~~~~~~~~~~~~~~~~~~~~~~~^[m[K
[7.853s]    46 | [01;31m[K            "speed_control",[m[K
[7.854s]       |             [01;31m[K~~~~~~~~~~~~~~~~[m[K                                                    
[7.854s]    47 | [01;31m[K            std::bind(&RBY1_Movement::speed_control_callback, this,[m[K
[7.854s]       |             [01;31m[K~~~~~~~~~~~~~~~~~~~~~~~~~~~~~~~~~~~~~~~~~~~~~~~~~~~~~~~[m[K             
[7.854s]    48 | [01;31m[K                      std::placeholders::_1, std::placeholders::_2)[m[K
[7.854s]       |                       [01;31m[K~~~~~~~~~~~~~~~~~~~~~~~~~~~~~~~~~~~~~~~~~~~~~[m[K             
[7.854s]    49 | [01;31m[K        )[m[K;
[7.854s]       |         [01;31m[K~[m[K                                                                       
[7.854s] [01m[K/home/nvidia/ros2_ws/src/rby1_movement/src/rby1_movement_subscriber.cpp:45:47:[m[K [01;31m[Kerror: [m[Kâ€˜[01m[Krby1_movement[m[Kâ€™ was not declared in this scope; did you mean â€˜[01m[KRBY1_Movement[m[Kâ€™?
[7.854s]    45 |         speed_service_ = this->create_service<[01;31m[Krby1_movement[m[K::srv::SpeedControl>(
[7.854s]       |                                               [01;31m[K^~~~~~~~~~~~~[m[K
[7.854s]       |                                               [32m[KRBY1_Movement[m[K
[7.855s] [01m[K/home/nvidia/ros2_ws/src/rby1_movement/src/rby1_movement_subscriber.cpp:45:32:[m[K [01;31m[Kerror: [m[Kparse error in template argument list
[7.855s]    45 |         speed_service_ = this->[01;31m[Kcreate_service<rby1_movement::srv::SpeedControl>[m[K(
[7.855s]       |                                [01;31m[K^~~~~~~~~~~~~~~~~~~~~~~~~~~~~~~~~~~~~~~~~~~~~~~~[m[K
[7.866s] [01m[K/home/nvidia/ros2_ws/src/rby1_movement/src/rby1_movement_subscriber.cpp:45:80:[m[K [01;31m[Kerror: [m[Kno matching function for call to â€˜[01m[KRBY1_Movement::create_service<<expression error> >(const char [14], std::_Bind_helper<false, void (RBY1_Movement::*)(...), RBY1_Movement*, const std::_Placeholder<1>&, const std::_Placeholder<2>&>::type)[m[Kâ€™
[7.866s]    45 |         speed_service_ = [01;31m[Kthis->create_service<rby1_movement::srv::SpeedControl>([m[K
[7.866s]       |                          [01;31m[K~~~~~~~~~~~~~~~~~~~~~~~~~~~~~~~~~~~~~~~~~~~~~~~~~~~~~~^[m[K
[7.866s]    46 | [01;31m[K            "speed_control",[m[K
[7.866s]       |             [01;31m[K~~~~~~~~~~~~~~~~[m[K                                                    
[7.866s]    47 | [01;31m[K            std::bind(&RBY1_Movement::speed_control_callback, this,[m[K
[7.866s]       |             [01;31m[K~~~~~~~~~~~~~~~~~~~~~~~~~~~~~~~~~~~~~~~~~~~~~~~~~~~~~~~[m[K             
[7.867s]    48 | [01;31m[K                      std::placeholders::_1, std::placeholders::_2)[m[K
[7.867s]       |                       [01;31m[K~~~~~~~~~~~~~~~~~~~~~~~~~~~~~~~~~~~~~~~~~~~~~[m[K             
[7.867s]    49 | [01;31m[K        )[m[K;
[7.867s]       |         [01;31m[K~[m[K                                                                       
[7.867s] In file included from [01m[K/opt/ros/humble/include/rclcpp/rclcpp/executors/single_threaded_executor.hpp:28[m[K,
[7.867s]                  from [01m[K/opt/ros/humble/include/rclcpp/rclcpp/executors.hpp:22[m[K,
[7.867s]                  from [01m[K/opt/ros/humble/include/rclcpp/rclcpp/rclcpp.hpp:155[m[K,
[7.867s]                  from [01m[K/home/nvidia/ros2_ws/src/rby1_movement/src/rby1_movement_subscriber.cpp:5[m[K:
[7.867s] [01m[K/opt/ros/humble/include/rclcpp/rclcpp/node.hpp:267:3:[m[K [01;36m[Knote: [m[Kcandidate: â€˜[01m[Ktemplate<class ServiceT, class CallbackT> typename rclcpp::Service<ServiceT>::SharedPtr rclcpp::Node::create_service(const string&, CallbackT&&, const rmw_qos_profile_t&, rclcpp::CallbackGroup::SharedPtr)[m[Kâ€™
[7.868s]   267 |   [01;36m[Kcreate_service[m[K(
[7.868s]       |   [01;36m[K^~~~~~~~~~~~~~[m[K
[7.868s] [01m[K/opt/ros/humble/include/rclcpp/rclcpp/node.hpp:267:3:[m[K [01;36m[Knote: [m[K  template argument deduction/substitution failed:
[7.868s] [01m[K/home/nvidia/ros2_ws/src/rby1_movement/src/rby1_movement_subscriber.cpp:45:80:[m[K [01;31m[Kerror: [m[Ktemplate argument 1 is invalid
[7.868s]    45 |         speed_service_ = [01;31m[Kthis->create_service<rby1_movement::srv::SpeedControl>([m[K
[7.868s]       |                          [01;31m[K~~~~~~~~~~~~~~~~~~~~~~~~~~~~~~~~~~~~~~~~~~~~~~~~~~~~~~^[m[K
[7.868s]    46 | [01;31m[K            "speed_control",[m[K
[7.868s]       |             [01;31m[K~~~~~~~~~~~~~~~~[m[K                                                    
[7.868s]    47 | [01;31m[K            std::bind(&RBY1_Movement::speed_control_callback, this,[m[K
[7.868s]       |             [01;31m[K~~~~~~~~~~~~~~~~~~~~~~~~~~~~~~~~~~~~~~~~~~~~~~~~~~~~~~~[m[K             
[7.868s]    48 | [01;31m[K                      std::placeholders::_1, std::placeholders::_2)[m[K
[7.869s]       |                       [01;31m[K~~~~~~~~~~~~~~~~~~~~~~~~~~~~~~~~~~~~~~~~~~~~~[m[K             
[7.869s]    49 | [01;31m[K        )[m[K;
[7.869s]       |         [01;31m[K~[m[K                                                                       
[7.894s] [01m[K/home/nvidia/ros2_ws/src/rby1_movement/src/rby1_movement_subscriber.cpp:[m[K In member function â€˜[01m[Kvoid RBY1_Movement::speed_control_callback(...)[m[Kâ€™:
[7.894s] [01m[K/home/nvidia/ros2_ws/src/rby1_movement/src/rby1_movement_subscriber.cpp:78:26:[m[K [01;31m[Kerror: [m[Kâ€˜[01m[Krequest[m[Kâ€™ was not declared in this scope
[7.894s]    78 |         current_speed_ = [01;31m[Krequest[m[K->speed_input;
[7.894s]       |                          [01;31m[K^~~~~~~[m[K
[7.909s] [01m[K/home/nvidia/ros2_ws/src/rby1_movement/src/rby1_movement_subscriber.cpp:[m[K In member function â€˜[01m[Kvoid RBY1_Movement::speed_control_callback(...)[m[Kâ€™:
[7.909s] [01m[K/home/nvidia/ros2_ws/src/rby1_movement/src/rby1_movement_subscriber.cpp:78:26:[m[K [01;31m[Kerror: [m[Kâ€˜[01m[Krequest[m[Kâ€™ was not declared in this scope
[7.909s]    78 |         current_speed_ = [01;31m[Krequest[m[K->speed_input;
[7.909s]       |                          [01;31m[K^~~~~~~[m[K
[7.916s] [01m[K/home/nvidia/ros2_ws/src/rby1_movement/src/rby1_movement_subscriber.cpp:79:9:[m[K [01;31m[Kerror: [m[Kâ€˜[01m[Kresponse[m[Kâ€™ was not declared in this scope
[7.916s]    79 |         [01;31m[Kresponse[m[K->success = true;
[7.916s]       |         [01;31m[K^~~~~~~~[m[K
[7.933s] [01m[K/home/nvidia/ros2_ws/src/rby1_movement/src/rby1_movement_subscriber.cpp:79:9:[m[K [01;31m[Kerror: [m[Kâ€˜[01m[Kresponse[m[Kâ€™ was not declared in this scope
[7.933s]    79 |         [01;31m[Kresponse[m[K->success = true;
[7.933s]       |         [01;31m[K^~~~~~~~[m[K
[9.620s] In file included from [01m[K/usr/include/aarch64-linux-gnu/c++/11/bits/c++allocator.h:33[m[K,
[9.621s]                  from [01m[K/usr/include/c++/11/bits/allocator.h:46[m[K,
[9.621s]                  from [01m[K/usr/include/c++/11/string:41[m[K,
[9.621s]                  from [01m[K/usr/include/c++/11/bits/locale_classes.h:40[m[K,
[9.621s]                  from [01m[K/usr/include/c++/11/bits/ios_base.h:41[m[K,
[9.621s]                  from [01m[K/usr/include/c++/11/iomanip:40[m[K,
[9.621s]                  from [01m[K/home/nvidia/ros2_ws/src/rby1_movement/src/rby1_movement_subscriber.cpp:1[m[K:
[9.621s] /usr/include/c++/11/ext/new_allocator.h: In instantiation of â€˜[01m[Kvoid __gnu_cxx::new_allocator<_Tp>::construct(_Up*, _Args&& ...) [with _Up = RBY1_Movement; _Args = {std::shared_ptr<rb::Robot<rb::y1_model::A> >&, std::unique_ptr<rb::RobotCommandStreamHandler<rb::y1_model::A>, std::default_delete<rb::RobotCommandStreamHandler<rb::y1_model::A> > >, int&}; _Tp = RBY1_Movement][m[Kâ€™:
[9.621s] [01m[K/usr/include/c++/11/bits/alloc_traits.h:516:17:[m[K   required from â€˜[01m[Kstatic void std::allocator_traits<std::allocator<_CharT> >::construct(std::allocator_traits<std::allocator<_CharT> >::allocator_type&, _Up*, _Args&& ...) [with _Up = RBY1_Movement; _Args = {std::shared_ptr<rb::Robot<rb::y1_model::A> >&, std::unique_ptr<rb::RobotCommandStreamHandler<rb::y1_model::A>, std::default_delete<rb::RobotCommandStreamHandler<rb::y1_model::A> > >, int&}; _Tp = RBY1_Movement; std::allocator_traits<std::allocator<_CharT> >::allocator_type = std::allocator<RBY1_Movement>][m[Kâ€™
[9.622s] [01m[K/usr/include/c++/11/bits/shared_ptr_base.h:519:39:[m[K   required from â€˜[01m[Kstd::_Sp_counted_ptr_inplace<_Tp, _Alloc, _Lp>::_Sp_counted_ptr_inplace(_Alloc, _Args&& ...) [with _Args = {std::shared_ptr<rb::Robot<rb::y1_model::A> >&, std::unique_ptr<rb::RobotCommandStreamHandler<rb::y1_model::A>, std::default_delete<rb::RobotCommandStreamHandler<rb::y1_model::A> > >, int&}; _Tp = RBY1_Movement; _Alloc = std::allocator<RBY1_Movement>; __gnu_cxx::_Lock_policy _Lp = __gnu_cxx::_S_atomic][m[Kâ€™
[9.622s] [01m[K/usr/include/c++/11/bits/shared_ptr_base.h:650:16:[m[K   required from â€˜[01m[Kstd::__shared_count<_Lp>::__shared_count(_Tp*&, std::_Sp_alloc_shared_tag<_Alloc>, _Args&& ...) [with _Tp = RBY1_Movement; _Alloc = std::allocator<RBY1_Movement>; _Args = {std::shared_ptr<rb::Robot<rb::y1_model::A> >&, std::unique_ptr<rb::RobotCommandStreamHandler<rb::y1_model::A>, std::default_delete<rb::RobotCommandStreamHandler<rb::y1_model::A> > >, int&}; __gnu_cxx::_Lock_policy _Lp = __gnu_cxx::_S_atomic][m[Kâ€™
[9.622s] [01m[K/usr/include/c++/11/bits/shared_ptr_base.h:1342:14:[m[K   required from â€˜[01m[Kstd::__shared_ptr<_Tp, _Lp>::__shared_ptr(std::_Sp_alloc_shared_tag<_Tp>, _Args&& ...) [with _Alloc = std::allocator<RBY1_Movement>; _Args = {std::shared_ptr<rb::Robot<rb::y1_model::A> >&, std::unique_ptr<rb::RobotCommandStreamHandler<rb::y1_model::A>, std::default_delete<rb::RobotCommandStreamHandler<rb::y1_model::A> > >, int&}; _Tp = RBY1_Movement; __gnu_cxx::_Lock_policy _Lp = __gnu_cxx::_S_atomic][m[Kâ€™
[9.622s] [01m[K/usr/include/c++/11/bits/shared_ptr.h:409:59:[m[K   required from â€˜[01m[Kstd::shared_ptr<_Tp>::shared_ptr(std::_Sp_alloc_shared_tag<_Tp>, _Args&& ...) [with _Alloc = std::allocator<RBY1_Movement>; _Args = {std::shared_ptr<rb::Robot<rb::y1_model::A> >&, std::unique_ptr<rb::RobotCommandStreamHandler<rb::y1_model::A>, std::default_delete<rb::RobotCommandStreamHandler<rb::y1_model::A> > >, int&}; _Tp = RBY1_Movement][m[Kâ€™
[9.622s] [01m[K/usr/include/c++/11/bits/shared_ptr.h:862:14:[m[K   required from â€˜[01m[Kstd::shared_ptr<_Tp> std::allocate_shared(const _Alloc&, _Args&& ...) [with _Tp = RBY1_Movement; _Alloc = std::allocator<RBY1_Movement>; _Args = {std::shared_ptr<rb::Robot<rb::y1_model::A> >&, std::unique_ptr<rb::RobotCommandStreamHandler<rb::y1_model::A>, std::default_delete<rb::RobotCommandStreamHandler<rb::y1_model::A> > >, int&}][m[Kâ€™
[9.622s] [01m[K/usr/include/c++/11/bits/shared_ptr.h:878:39:[m[K   required from â€˜[01m[Kstd::shared_ptr<_Tp> std::make_shared(_Args&& ...) [with _Tp = RBY1_Movement; _Args = {std::shared_ptr<rb::Robot<rb::y1_model::A> >&, std::unique_ptr<rb::RobotCommandStreamHandler<rb::y1_model::A>, std::default_delete<rb::RobotCommandStreamHandler<rb::y1_model::A> > >, int&}][m[Kâ€™
[9.622s] [01m[K/home/nvidia/ros2_ws/src/rby1_movement/src/rby1_movement_subscriber.cpp:181:49:[m[K   required from here
[9.622s] [01m[K/usr/include/c++/11/ext/new_allocator.h:162:11:[m[K [01;31m[Kerror: [m[Kno matching function for call to â€˜[01m[KRBY1_Movement::RBY1_Movement(std::shared_ptr<rb::Robot<rb::y1_model::A> >&, std::unique_ptr<rb::RobotCommandStreamHandler<rb::y1_model::A> >, int&)[m[Kâ€™
[9.622s]   162 |         { [01;31m[K::new((void *)__p) _Up(std::forward<_Args>(__args)...)[m[K; }
[9.622s]       |           [01;31m[K^~~~~~~~~~~~~~~~~~~~~~~~~~~~~~~~~~~~~~~~~~~~~~~~~~~~~~[m[K
[9.623s] [01m[K/home/nvidia/ros2_ws/src/rby1_movement/src/rby1_movement_subscriber.cpp:23:5:[m[K [01;36m[Knote: [m[Kcandidate: â€˜[01m[KRBY1_Movement::RBY1_Movement(std::shared_ptr<rb::Robot<rb::y1_model::A> >, std::unique_ptr<rb::RobotCommandStreamHandler<rb::y1_model::A> >)[m[Kâ€™
[9.623s]    23 |     [01;36m[KRBY1_Movement[m[K(std::shared_ptr<rb::Robot<rb::y1_model::A>> robot_,
[9.623s]       |     [01;36m[K^~~~~~~~~~~~~[m[K
[9.623s] [01m[K/home/nvidia/ros2_ws/src/rby1_movement/src/rby1_movement_subscriber.cpp:23:5:[m[K [01;36m[Knote: [m[K  candidate expects 2 arguments, 3 provided
[9.639s] In file included from [01m[K/usr/include/aarch64-linux-gnu/c++/11/bits/c++allocator.h:33[m[K,
[9.639s]                  from [01m[K/usr/include/c++/11/bits/allocator.h:46[m[K,
[9.639s]                  from [01m[K/usr/include/c++/11/string:41[m[K,
[9.639s]                  from [01m[K/usr/include/c++/11/bits/locale_classes.h:40[m[K,
[9.639s]                  from [01m[K/usr/include/c++/11/bits/ios_base.h:41[m[K,
[9.640s]                  from [01m[K/usr/include/c++/11/iomanip:40[m[K,
[9.640s]                  from [01m[K/home/nvidia/ros2_ws/src/rby1_movement/src/rby1_movement_subscriber.cpp:1[m[K:
[9.640s] /usr/include/c++/11/ext/new_allocator.h: In instantiation of â€˜[01m[Kvoid __gnu_cxx::new_allocator<_Tp>::construct(_Up*, _Args&& ...) [with _Up = RBY1_Movement; _Args = {std::shared_ptr<rb::Robot<rb::y1_model::A> >&, std::unique_ptr<rb::RobotCommandStreamHandler<rb::y1_model::A>, std::default_delete<rb::RobotCommandStreamHandler<rb::y1_model::A> > >, int&}; _Tp = RBY1_Movement][m[Kâ€™:
[9.640s] [01m[K/usr/include/c++/11/bits/alloc_traits.h:516:17:[m[K   required from â€˜[01m[Kstatic void std::allocator_traits<std::allocator<_CharT> >::construct(std::allocator_traits<std::allocator<_CharT> >::allocator_type&, _Up*, _Args&& ...) [with _Up = RBY1_Movement; _Args = {std::shared_ptr<rb::Robot<rb::y1_model::A> >&, std::unique_ptr<rb::RobotCommandStreamHandler<rb::y1_model::A>, std::default_delete<rb::RobotCommandStreamHandler<rb::y1_model::A> > >, int&}; _Tp = RBY1_Movement; std::allocator_traits<std::allocator<_CharT> >::allocator_type = std::allocator<RBY1_Movement>][m[Kâ€™
[9.640s] [01m[K/usr/include/c++/11/bits/shared_ptr_base.h:519:39:[m[K   required from â€˜[01m[Kstd::_Sp_counted_ptr_inplace<_Tp, _Alloc, _Lp>::_Sp_counted_ptr_inplace(_Alloc, _Args&& ...) [with _Args = {std::shared_ptr<rb::Robot<rb::y1_model::A> >&, std::unique_ptr<rb::RobotCommandStreamHandler<rb::y1_model::A>, std::default_delete<rb::RobotCommandStreamHandler<rb::y1_model::A> > >, int&}; _Tp = RBY1_Movement; _Alloc = std::allocator<RBY1_Movement>; __gnu_cxx::_Lock_policy _Lp = __gnu_cxx::_S_atomic][m[Kâ€™
[9.640s] [01m[K/usr/include/c++/11/bits/shared_ptr_base.h:650:16:[m[K   required from â€˜[01m[Kstd::__shared_count<_Lp>::__shared_count(_Tp*&, std::_Sp_alloc_shared_tag<_Alloc>, _Args&& ...) [with _Tp = RBY1_Movement; _Alloc = std::allocator<RBY1_Movement>; _Args = {std::shared_ptr<rb::Robot<rb::y1_model::A> >&, std::unique_ptr<rb::RobotCommandStreamHandler<rb::y1_model::A>, std::default_delete<rb::RobotCommandStreamHandler<rb::y1_model::A> > >, int&}; __gnu_cxx::_Lock_policy _Lp = __gnu_cxx::_S_atomic][m[Kâ€™
[9.640s] [01m[K/usr/include/c++/11/bits/shared_ptr_base.h:1342:14:[m[K   required from â€˜[01m[Kstd::__shared_ptr<_Tp, _Lp>::__shared_ptr(std::_Sp_alloc_shared_tag<_Tp>, _Args&& ...) [with _Alloc = std::allocator<RBY1_Movement>; _Args = {std::shared_ptr<rb::Robot<rb::y1_model::A> >&, std::unique_ptr<rb::RobotCommandStreamHandler<rb::y1_model::A>, std::default_delete<rb::RobotCommandStreamHandler<rb::y1_model::A> > >, int&}; _Tp = RBY1_Movement; __gnu_cxx::_Lock_policy _Lp = __gnu_cxx::_S_atomic][m[Kâ€™
[9.640s] [01m[K/usr/include/c++/11/bits/shared_ptr.h:409:59:[m[K   required from â€˜[01m[Kstd::shared_ptr<_Tp>::shared_ptr(std::_Sp_alloc_shared_tag<_Tp>, _Args&& ...) [with _Alloc = std::allocator<RBY1_Movement>; _Args = {std::shared_ptr<rb::Robot<rb::y1_model::A> >&, std::unique_ptr<rb::RobotCommandStreamHandler<rb::y1_model::A>, std::default_delete<rb::RobotCommandStreamHandler<rb::y1_model::A> > >, int&}; _Tp = RBY1_Movement][m[Kâ€™
[9.640s] [01m[K/usr/include/c++/11/bits/shared_ptr.h:862:14:[m[K   required from â€˜[01m[Kstd::shared_ptr<_Tp> std::allocate_shared(const _Alloc&, _Args&& ...) [with _Tp = RBY1_Movement; _Alloc = std::allocator<RBY1_Movement>; _Args = {std::shared_ptr<rb::Robot<rb::y1_model::A> >&, std::unique_ptr<rb::RobotCommandStreamHandler<rb::y1_model::A>, std::default_delete<rb::RobotCommandStreamHandler<rb::y1_model::A> > >, int&}][m[Kâ€™
[9.641s] [01m[K/usr/include/c++/11/bits/shared_ptr.h:878:39:[m[K   required from â€˜[01m[Kstd::shared_ptr<_Tp> std::make_shared(_Args&& ...) [with _Tp = RBY1_Movement; _Args = {std::shared_ptr<rb::Robot<rb::y1_model::A> >&, std::unique_ptr<rb::RobotCommandStreamHandler<rb::y1_model::A>, std::default_delete<rb::RobotCommandStreamHandler<rb::y1_model::A> > >, int&}][m[Kâ€™
[9.641s] [01m[K/home/nvidia/ros2_ws/src/rby1_movement/src/rby1_movement_subscriber.cpp:181:49:[m[K   required from here
[9.641s] [01m[K/usr/include/c++/11/ext/new_allocator.h:162:11:[m[K [01;31m[Kerror: [m[Kno matching function for call to â€˜[01m[KRBY1_Movement::RBY1_Movement(std::shared_ptr<rb::Robot<rb::y1_model::A> >&, std::unique_ptr<rb::RobotCommandStreamHandler<rb::y1_model::A> >, int&)[m[Kâ€™
[9.641s]   162 |         { [01;31m[K::new((void *)__p) _Up(std::forward<_Args>(__args)...)[m[K; }
[9.641s]       |           [01;31m[K^~~~~~~~~~~~~~~~~~~~~~~~~~~~~~~~~~~~~~~~~~~~~~~~~~~~~~[m[K
[9.641s] [01m[K/home/nvidia/ros2_ws/src/rby1_movement/src/rby1_movement_subscriber.cpp:23:5:[m[K [01;36m[Knote: [m[Kcandidate: â€˜[01m[KRBY1_Movement::RBY1_Movement(std::shared_ptr<rb::Robot<rb::y1_model::A> >, std::unique_ptr<rb::RobotCommandStreamHandler<rb::y1_model::A> >)[m[Kâ€™
[9.641s]    23 |     [01;36m[KRBY1_Movement[m[K(std::shared_ptr<rb::Robot<rb::y1_model::A>> robot_,
[9.641s]       |     [01;36m[K^~~~~~~~~~~~~[m[K
[9.641s] [01m[K/home/nvidia/ros2_ws/src/rby1_movement/src/rby1_movement_subscriber.cpp:23:5:[m[K [01;36m[Knote: [m[K  candidate expects 2 arguments, 3 provided
[13.381s] gmake[2]: *** [CMakeFiles/rby1_movement_subscriber.dir/build.make:79: CMakeFiles/rby1_movement_subscriber.dir/src/rby1_movement_subscriber.cpp.o] Error 1
[13.381s] gmake[1]: *** [CMakeFiles/Makefile2:731: CMakeFiles/rby1_movement_subscriber.dir/all] Error 2
[13.382s] gmake[1]: *** Waiting for unfinished jobs....
[13.389s] gmake[2]: *** [CMakeFiles/speed_server.dir/build.make:79: CMakeFiles/speed_server.dir/src/rby1_movement_subscriber.cpp.o] Error 1
[13.390s] gmake[1]: *** [CMakeFiles/Makefile2:763: CMakeFiles/speed_server.dir/all] Error 2
[13.391s] gmake: *** [Makefile:146: all] Error 2
[13.397s] Invoked command in '/home/nvidia/ros2_ws/src/rby1_movement/build/rby1_movement' returned '2': CMAKE_PREFIX_PATH=${CMAKE_PREFIX_PATH}:/home/nvidia/ros2_ws/install/keyboard_joy:/opt/ros/humble /usr/bin/cmake --build /home/nvidia/ros2_ws/src/rby1_movement/build/rby1_movement -- -j8 -l8
