[0.022s] Invoking command in '/home/nvidia/ros2_ws/src/rby1_movement/build/rby1_movement': CMAKE_PREFIX_PATH=${CMAKE_PREFIX_PATH}:/opt/ros/humble /usr/bin/cmake --build /home/nvidia/ros2_ws/src/rby1_movement/build/rby1_movement -- -j8 -l8
[0.092s] [ 50%] [32mBuilding CXX object CMakeFiles/rby1_movement_subscriber.dir/src/rby1_movement_subscriber.cpp.o[0m
[7.410s] [01m[K/home/nvidia/ros2_ws/src/rby1_movement/src/rby1_movement_subscriber.cpp:59:5:[m[K [01;31m[Kerror: [m[Knon-static data member declared with placeholder â€˜[01m[Kauto[m[Kâ€™
[7.410s]    59 |     [01;31m[Kauto[m[K robot = rb::Robot<rb::y1_model::A>::Create(robot_ip_);
[7.410s]       |     [01;31m[K^~~~[m[K
[7.420s] [01m[K/home/nvidia/ros2_ws/src/rby1_movement/src/rby1_movement_subscriber.cpp:60:5:[m[K [01;31m[Kerror: [m[Kâ€˜[01m[Kwheel_acceleration_limit[m[Kâ€™ does not name a type
[7.421s]    60 |     [01;31m[Kwheel_acceleration_limit[m[K << 100, 100;
[7.421s]       |     [01;31m[K^~~~~~~~~~~~~~~~~~~~~~~~[m[K
[7.525s] [01m[K/home/nvidia/ros2_ws/src/rby1_movement/src/rby1_movement_subscriber.cpp:[m[K In member function â€˜[01m[Kvoid RBY1_Movement::joy_callback(sensor_msgs::msg::Joy_<std::allocator<void> >::SharedPtr)[m[Kâ€™:
[7.525s] [01m[K/home/nvidia/ros2_ws/src/rby1_movement/src/rby1_movement_subscriber.cpp:63:35:[m[K [01;31m[Kerror: [m[Kexpected primary-expression before â€˜[01m[K:[m[Kâ€™ token
[7.525s]    63 |             if (msg->axes[0] == 1)[01;31m[K:[m[K
[7.525s]       |                                   [01;31m[K^[m[K
[7.526s] [01m[K/home/nvidia/ros2_ws/src/rby1_movement/src/rby1_movement_subscriber.cpp:65:40:[m[K [01;31m[Kerror: [m[Kexpected primary-expression before â€˜[01m[K:[m[Kâ€™ token
[7.526s]    65 |             else if (msg->axes[0] == 0)[01;31m[K:[m[K
[7.526s]       |                                        [01;31m[K^[m[K
[7.526s] [01m[K/home/nvidia/ros2_ws/src/rby1_movement/src/rby1_movement_subscriber.cpp:67:17:[m[K [01;31m[Kerror: [m[Kexpected primary-expression before â€˜[01m[K:[m[Kâ€™ token
[7.526s]    67 |             else[01;31m[K:[m[K
[7.526s]       |                 [01;31m[K^[m[K
[7.526s] [01m[K/home/nvidia/ros2_ws/src/rby1_movement/src/rby1_movement_subscriber.cpp:67:13:[m[K [01;35m[Kwarning: [m[Kthis â€˜[01m[Kelse[m[Kâ€™ clause does not guard... [[01;35m[K]8;;https://gcc.gnu.org/onlinedocs/gcc/Warning-Options.html#index-Wmisleading-indentation-Wmisleading-indentation]8;;[m[K]
[7.526s]    67 |             [01;35m[Kelse[m[K:
[7.526s]       |             [01;35m[K^~~~[m[K
[7.526s] [01m[K/home/nvidia/ros2_ws/src/rby1_movement/src/rby1_movement_subscriber.cpp:69:17:[m[K [01;36m[Knote: [m[K...this statement, but the latter is misleadingly indented as if it were guarded by the â€˜[01m[Kelse[m[Kâ€™
[7.527s]    69 |                 [01;36m[Kauto[m[K rv = robot
[7.527s]       |                 [01;36m[K^~~~[m[K
[13.063s] gmake[2]: *** [CMakeFiles/rby1_movement_subscriber.dir/build.make:79: CMakeFiles/rby1_movement_subscriber.dir/src/rby1_movement_subscriber.cpp.o] Error 1
[13.064s] gmake[1]: *** [CMakeFiles/Makefile2:153: CMakeFiles/rby1_movement_subscriber.dir/all] Error 2
[13.064s] gmake: *** [Makefile:146: all] Error 2
[13.070s] Invoked command in '/home/nvidia/ros2_ws/src/rby1_movement/build/rby1_movement' returned '2': CMAKE_PREFIX_PATH=${CMAKE_PREFIX_PATH}:/opt/ros/humble /usr/bin/cmake --build /home/nvidia/ros2_ws/src/rby1_movement/build/rby1_movement -- -j8 -l8
