[0.022s] Invoking command in '/home/nvidia/ros2_ws/src/rby1_movement/build/rby1_movement': CMAKE_PREFIX_PATH=${CMAKE_PREFIX_PATH}:/opt/ros/humble /usr/bin/cmake --build /home/nvidia/ros2_ws/src/rby1_movement/build/rby1_movement -- -j8 -l8
[0.093s] [ 50%] [32mBuilding CXX object CMakeFiles/rby1_movement_subscriber.dir/src/rby1_movement_subscriber.cpp.o[0m
[7.467s] [01m[K/home/nvidia/ros2_ws/src/rby1_movement/src/rby1_movement_subscriber.cpp:[m[K In lambda function:
[7.467s] [01m[K/home/nvidia/ros2_ws/src/rby1_movement/src/rby1_movement_subscriber.cpp:22:9:[m[K [01;31m[Kerror: [m[Kâ€˜[01m[Krobot[m[Kâ€™ is not captured
[7.467s]    22 |         [01;31m[Krobot[m[K->Connect();
[7.467s]       |         [01;31m[K^~~~~[m[K
[7.467s] [01m[K/home/nvidia/ros2_ws/src/rby1_movement/src/rby1_movement_subscriber.cpp:21:46:[m[K [01;36m[Knote: [m[Kthe lambda has no capture-default
[7.467s]    21 |             robot_thread_ = std::thread([this[01;36m[K][m[K() {
[7.468s]       |                                              [01;36m[K^[m[K
[7.468s] [01m[K/home/nvidia/ros2_ws/src/rby1_movement/src/rby1_movement_subscriber.cpp:20:18:[m[K [01;36m[Knote: [m[Kâ€˜[01m[Kstd::shared_ptr<rb::Robot<rb::y1_model::A> > robot[m[Kâ€™ declared here
[7.468s]    20 |             auto [01;36m[Krobot[m[K = rb::Robot<rb::y1_model::A>::Create("192.168.30.1:50051");
[7.468s]       |                  [01;36m[K^~~~~[m[K
[7.468s] [01m[K/home/nvidia/ros2_ws/src/rby1_movement/src/rby1_movement_subscriber.cpp:23:22:[m[K [01;31m[Kerror: [m[Kâ€˜[01m[Krobot[m[Kâ€™ is not captured
[7.468s]    23 |         std::cout << [01;31m[Krobot[m[K->GetRobotInfo().robot_version << std::endl;
[7.468s]       |                      [01;31m[K^~~~~[m[K
[7.468s] [01m[K/home/nvidia/ros2_ws/src/rby1_movement/src/rby1_movement_subscriber.cpp:21:46:[m[K [01;36m[Knote: [m[Kthe lambda has no capture-default
[7.468s]    21 |             robot_thread_ = std::thread([this[01;36m[K][m[K() {
[7.468s]       |                                              [01;36m[K^[m[K
[7.468s] [01m[K/home/nvidia/ros2_ws/src/rby1_movement/src/rby1_movement_subscriber.cpp:20:18:[m[K [01;36m[Knote: [m[Kâ€˜[01m[Kstd::shared_ptr<rb::Robot<rb::y1_model::A> > robot[m[Kâ€™ declared here
[7.469s]    20 |             auto [01;36m[Krobot[m[K = rb::Robot<rb::y1_model::A>::Create("192.168.30.1:50051");
[7.469s]       |                  [01;36m[K^~~~~[m[K
[7.516s] [01m[K/home/nvidia/ros2_ws/src/rby1_movement/src/rby1_movement_subscriber.cpp:[m[K In member function â€˜[01m[Kvoid RBY1_Movement::joy_callback(sensor_msgs::msg::Joy_<std::allocator<void> >::SharedPtr)[m[Kâ€™:
[7.516s] [01m[K/home/nvidia/ros2_ws/src/rby1_movement/src/rby1_movement_subscriber.cpp:72:27:[m[K [01;31m[Kerror: [m[Kâ€˜[01m[Krobot[m[Kâ€™ was not declared in this scope
[7.516s]    72 |                 auto rv = [01;31m[Krobot[m[K
[7.516s]       |                           [01;31m[K^~~~~[m[K
[13.037s] gmake[2]: *** [CMakeFiles/rby1_movement_subscriber.dir/build.make:79: CMakeFiles/rby1_movement_subscriber.dir/src/rby1_movement_subscriber.cpp.o] Error 1
[13.038s] gmake[1]: *** [CMakeFiles/Makefile2:153: CMakeFiles/rby1_movement_subscriber.dir/all] Error 2
[13.038s] gmake: *** [Makefile:146: all] Error 2
[13.044s] Invoked command in '/home/nvidia/ros2_ws/src/rby1_movement/build/rby1_movement' returned '2': CMAKE_PREFIX_PATH=${CMAKE_PREFIX_PATH}:/opt/ros/humble /usr/bin/cmake --build /home/nvidia/ros2_ws/src/rby1_movement/build/rby1_movement -- -j8 -l8
