[0.023s] Invoking command in '/home/nvidia/ros2_ws/src/rby1_movement/build/rby1_movement': CMAKE_PREFIX_PATH=${CMAKE_PREFIX_PATH}:/opt/ros/humble /usr/bin/cmake --build /home/nvidia/ros2_ws/src/rby1_movement/build/rby1_movement -- -j8 -l8
[0.105s] [ 50%] [32mBuilding CXX object CMakeFiles/rby1_movement_subscriber.dir/src/rby1_movement_subscriber.cpp.o[0m
[7.462s] [01m[K/home/nvidia/ros2_ws/src/rby1_movement/src/rby1_movement_subscriber.cpp:[m[K In constructor â€˜[01m[KRBY1_Movement::RBY1_Movement()[m[Kâ€™:
[7.463s] [01m[K/home/nvidia/ros2_ws/src/rby1_movement/src/rby1_movement_subscriber.cpp:20:40:[m[K [01;31m[Kerror: [m[Kâ€˜[01m[Kyb1_model[m[Kâ€™ is not a member of â€˜[01m[Krb[m[Kâ€™; did you mean â€˜[01m[Ky1_model[m[Kâ€™?
[7.463s]    20 |             auto robot = rb::Robot<rb::[01;31m[Kyb1_model[m[K::A>::Create("192.168.30.1:50051")
[7.463s]       |                                        [01;31m[K^~~~~~~~~[m[K
[7.463s]       |                                        [32m[Ky1_model[m[K
[7.464s] [01m[K/home/nvidia/ros2_ws/src/rby1_movement/src/rby1_movement_subscriber.cpp:20:52:[m[K [01;31m[Kerror: [m[Ktemplate argument 1 is invalid
[7.464s]    20 |             auto robot = rb::Robot<rb::yb1_model::A[01;31m[K>[m[K::Create("192.168.30.1:50051")
[7.464s]       |                                                    [01;31m[K^[m[K
[7.464s] [01m[K/home/nvidia/ros2_ws/src/rby1_movement/src/rby1_movement_subscriber.cpp:25:10:[m[K [01;31m[Kerror: [m[Kexpected â€˜[01m[K,[m[Kâ€™ or â€˜[01m[K;[m[Kâ€™ before â€˜[01m[K)[m[Kâ€™ token
[7.465s]    25 |         }[01;31m[K)[m[K;
[7.465s]       |          [01;31m[K^[m[K
[7.508s] [01m[K/home/nvidia/ros2_ws/src/rby1_movement/src/rby1_movement_subscriber.cpp:[m[K In member function â€˜[01m[Kvoid RBY1_Movement::joy_callback(sensor_msgs::msg::Joy_<std::allocator<void> >::SharedPtr)[m[Kâ€™:
[7.509s] [01m[K/home/nvidia/ros2_ws/src/rby1_movement/src/rby1_movement_subscriber.cpp:72:27:[m[K [01;31m[Kerror: [m[Kâ€˜[01m[Krobot[m[Kâ€™ was not declared in this scope
[7.509s]    72 |                 auto rv = [01;31m[Krobot[m[K
[7.509s]       |                           [01;31m[K^~~~~[m[K
[12.984s] gmake[2]: *** [CMakeFiles/rby1_movement_subscriber.dir/build.make:79: CMakeFiles/rby1_movement_subscriber.dir/src/rby1_movement_subscriber.cpp.o] Error 1
[12.985s] gmake[1]: *** [CMakeFiles/Makefile2:153: CMakeFiles/rby1_movement_subscriber.dir/all] Error 2
[12.985s] gmake: *** [Makefile:146: all] Error 2
[12.991s] Invoked command in '/home/nvidia/ros2_ws/src/rby1_movement/build/rby1_movement' returned '2': CMAKE_PREFIX_PATH=${CMAKE_PREFIX_PATH}:/opt/ros/humble /usr/bin/cmake --build /home/nvidia/ros2_ws/src/rby1_movement/build/rby1_movement -- -j8 -l8
