[  2%] Built target rby1_movement__cpp
[ 11%] Built target rby1_movement__rosidl_generator_c
[ 11%] Built target ament_cmake_python_copy_rby1_movement
[ 17%] [32mBuilding CXX object CMakeFiles/rby1_movement_subscriber.dir/src/rby1_movement_subscriber.cpp.o[0m
[ 17%] [32mBuilding CXX object CMakeFiles/speed_server.dir/src/rby1_movement_subscriber.cpp.o[0m
[ 51%] Built target rby1_movement__rosidl_typesupport_introspection_c
[ 51%] Built target rby1_movement__rosidl_typesupport_introspection_cpp
[ 51%] Built target rby1_movement__rosidl_typesupport_cpp
[ 51%] Built target rby1_movement__rosidl_typesupport_fastrtps_c
[ 60%] Built target rby1_movement__rosidl_typesupport_fastrtps_cpp
[ 68%] Built target rby1_movement__rosidl_typesupport_c
[ 68%] Built target rby1_movement
[ 71%] Built target rby1_movement__py
[ 77%] Built target rby1_movement__rosidl_generator_py
[ 94%] Built target rby1_movement__rosidl_typesupport_c__pyext
[ 94%] Built target rby1_movement__rosidl_typesupport_introspection_c__pyext
[ 94%] Built target rby1_movement__rosidl_typesupport_fastrtps_c__pyext
running egg_info
writing rby1_movement.egg-info/PKG-INFO
writing dependency_links to rby1_movement.egg-info/dependency_links.txt
writing top-level names to rby1_movement.egg-info/top_level.txt
reading manifest file 'rby1_movement.egg-info/SOURCES.txt'
writing manifest file 'rby1_movement.egg-info/SOURCES.txt'
[ 94%] Built target ament_cmake_python_build_rby1_movement_egg
[01m[K/home/nvidia/ros2_ws/src/rby1_movement/src/rby1_movement_subscriber.cpp:10:10:[m[K [01;31m[Kfatal error: [m[Krby1_movement/srv/speedcontrol.hpp: No such file or directory
   10 | #include [01;31m[K"rby1_movement/srv/speedcontrol.hpp"[m[K
      |          [01;31m[K^~~~~~~~~~~~~~~~~~~~~~~~~~~~~~~~~~~~[m[K
compilation terminated.
gmake[2]: *** [CMakeFiles/rby1_movement_subscriber.dir/build.make:79: CMakeFiles/rby1_movement_subscriber.dir/src/rby1_movement_subscriber.cpp.o] Error 1
[01m[K/home/nvidia/ros2_ws/src/rby1_movement/src/rby1_movement_subscriber.cpp:10:10:[m[K [01;31m[Kfatal error: [m[Krby1_movement/srv/speedcontrol.hpp: No such file or directory
   10 | #include [01;31m[K"rby1_movement/srv/speedcontrol.hpp"[m[K
      |          [01;31m[K^~~~~~~~~~~~~~~~~~~~~~~~~~~~~~~~~~~~[m[K
compilation terminated.
gmake[1]: *** [CMakeFiles/Makefile2:731: CMakeFiles/rby1_movement_subscriber.dir/all] Error 2
gmake[1]: *** Waiting for unfinished jobs....
gmake[2]: *** [CMakeFiles/speed_server.dir/build.make:79: CMakeFiles/speed_server.dir/src/rby1_movement_subscriber.cpp.o] Error 1
gmake[1]: *** [CMakeFiles/Makefile2:763: CMakeFiles/speed_server.dir/all] Error 2
gmake: *** [Makefile:146: all] Error 2
