[0.022s] Invoking command in '/home/nvidia/ros2_ws/src/rby1_movement/build/rby1_movement': CMAKE_PREFIX_PATH=${CMAKE_PREFIX_PATH}:/opt/ros/humble /usr/bin/cmake --build /home/nvidia/ros2_ws/src/rby1_movement/build/rby1_movement -- -j8 -l8
[0.096s] [ 50%] [32mBuilding CXX object CMakeFiles/rby1_movement_subscriber.dir/src/rby1_movement_subscriber.cpp.o[0m
[7.503s] [01m[K/home/nvidia/ros2_ws/src/rby1_movement/src/rby1_movement_subscriber.cpp:[m[K In member function â€˜[01m[Kvoid RBY1_Movement::joy_callback(sensor_msgs::msg::Joy_<std::allocator<void> >::SharedPtr)[m[Kâ€™:
[7.503s] [01m[K/home/nvidia/ros2_ws/src/rby1_movement/src/rby1_movement_subscriber.cpp:67:27:[m[K [01;31m[Kerror: [m[Kâ€˜[01m[Krobot[m[Kâ€™ was not declared in this scope; did you mean â€˜[01m[Krobot_[m[Kâ€™?
[7.503s]    67 |                 auto rv = [01;31m[Krobot[m[K
[7.503s]       |                           [01;31m[K^~~~~[m[K
[7.503s]       |                           [32m[Krobot_[m[K
[7.527s] [01m[K/home/nvidia/ros2_ws/src/rby1_movement/src/rby1_movement_subscriber.cpp:[m[K In function â€˜[01m[Kint main(int, char**)[m[Kâ€™:
[7.527s] [01m[K/home/nvidia/ros2_ws/src/rby1_movement/src/rby1_movement_subscriber.cpp:78:18:[m[K [01;31m[Kerror: [m[Kâ€˜[01m[Krobot_[m[Kâ€™ has not been declared
[7.527s]    78 |     auto robot = [01;31m[Krobot_[m[K::Create("192.168.30.1:50051");
[7.527s]       |                  [01;31m[K^~~~~~[m[K
[7.547s] [01m[K/home/nvidia/ros2_ws/src/rby1_movement/src/rby1_movement_subscriber.cpp:80:5:[m[K [01;31m[Kerror: [m[Kâ€˜[01m[Krobot_thread_[m[Kâ€™ was not declared in this scope
[7.547s]    80 |     [01;31m[Krobot_thread_[m[K = std::thread([this]() {
[7.547s]       |     [01;31m[K^~~~~~~~~~~~~[m[K
[7.547s] [01m[K/home/nvidia/ros2_ws/src/rby1_movement/src/rby1_movement_subscriber.cpp:80:34:[m[K [01;31m[Kerror: [m[Kinvalid use of â€˜[01m[Kthis[m[Kâ€™ in non-member function
[7.547s]    80 |     robot_thread_ = std::thread([[01;31m[Kthis[m[K]() {
[7.547s]       |                                  [01;31m[K^~~~[m[K
[7.547s] [01m[K/home/nvidia/ros2_ws/src/rby1_movement/src/rby1_movement_subscriber.cpp:[m[K In lambda function:
[7.547s] [01m[K/home/nvidia/ros2_ws/src/rby1_movement/src/rby1_movement_subscriber.cpp:81:9:[m[K [01;31m[Kerror: [m[Kâ€˜[01m[Krobot[m[Kâ€™ is not captured
[7.547s]    81 |         [01;31m[Krobot[m[K->Connect();
[7.548s]       |         [01;31m[K^~~~~[m[K
[7.548s] [01m[K/home/nvidia/ros2_ws/src/rby1_movement/src/rby1_movement_subscriber.cpp:80:38:[m[K [01;36m[Knote: [m[Kthe lambda has no capture-default
[7.548s]    80 |     robot_thread_ = std::thread([this[01;36m[K][m[K() {
[7.548s]       |                                      [01;36m[K^[m[K
[7.548s] [01m[K/home/nvidia/ros2_ws/src/rby1_movement/src/rby1_movement_subscriber.cpp:78:10:[m[K [01;36m[Knote: [m[Kâ€˜[01m[K<typeprefixerror>robot[m[Kâ€™ declared here
[7.548s]    78 |     auto [01;36m[Krobot[m[K = robot_::Create("192.168.30.1:50051");
[7.548s]       |          [01;36m[K^~~~~[m[K
[7.548s] [01m[K/home/nvidia/ros2_ws/src/rby1_movement/src/rby1_movement_subscriber.cpp:82:22:[m[K [01;31m[Kerror: [m[Kâ€˜[01m[Krobot[m[Kâ€™ is not captured
[7.548s]    82 |         std::cout << [01;31m[Krobot[m[K->GetRobotInfo().robot_version << std::endl;
[7.548s]       |                      [01;31m[K^~~~~[m[K
[7.549s] [01m[K/home/nvidia/ros2_ws/src/rby1_movement/src/rby1_movement_subscriber.cpp:80:38:[m[K [01;36m[Knote: [m[Kthe lambda has no capture-default
[7.549s]    80 |     robot_thread_ = std::thread([this[01;36m[K][m[K() {
[7.549s]       |                                      [01;36m[K^[m[K
[7.549s] [01m[K/home/nvidia/ros2_ws/src/rby1_movement/src/rby1_movement_subscriber.cpp:78:10:[m[K [01;36m[Knote: [m[Kâ€˜[01m[K<typeprefixerror>robot[m[Kâ€™ declared here
[7.549s]    78 |     auto [01;36m[Krobot[m[K = robot_::Create("192.168.30.1:50051");
[7.549s]       |          [01;36m[K^~~~~[m[K
[13.051s] gmake[2]: *** [CMakeFiles/rby1_movement_subscriber.dir/build.make:79: CMakeFiles/rby1_movement_subscriber.dir/src/rby1_movement_subscriber.cpp.o] Error 1
[13.052s] gmake[1]: *** [CMakeFiles/Makefile2:153: CMakeFiles/rby1_movement_subscriber.dir/all] Error 2
[13.052s] gmake: *** [Makefile:146: all] Error 2
[13.057s] Invoked command in '/home/nvidia/ros2_ws/src/rby1_movement/build/rby1_movement' returned '2': CMAKE_PREFIX_PATH=${CMAKE_PREFIX_PATH}:/opt/ros/humble /usr/bin/cmake --build /home/nvidia/ros2_ws/src/rby1_movement/build/rby1_movement -- -j8 -l8
