[ 50%] [32mBuilding CXX object CMakeFiles/rby1_movement_subscriber.dir/src/rby1_movement_subscriber.cpp.o[0m
[01m[K/home/nvidia/ros2_ws/src/rby1_movement/src/rby1_movement_subscriber.cpp:62:60:[m[K [01;31m[Kerror: [m[Kredeclaration of â€˜[01m[Krclcpp::Subscription<sensor_msgs::msg::Joy_<std::allocator<void> > >::SharedPtr RBY1_Movement::joy_sub_[m[Kâ€™
   62 | ensor_msgs::msg::Joy>::SharedPtr [01;31m[Kjoy_sub_[m[K;
      |                                  [01;31m[K^~~~~~~~[m[K

[01m[K/home/nvidia/ros2_ws/src/rby1_movement/src/rby1_movement_subscriber.cpp:61:60:[m[K [01;36m[Knote: [m[Kprevious declaration â€˜[01m[Krclcpp::Subscription<sensor_msgs::msg::Joy_<std::allocator<void> > >::SharedPtr RBY1_Movement::joy_sub_[m[Kâ€™
   61 | ensor_msgs::msg::Joy>::SharedPtr [01;36m[Kjoy_sub_[m[K;
      |                                  [01;36m[K^~~~~~~~[m[K

gmake[2]: *** [CMakeFiles/rby1_movement_subscriber.dir/build.make:79: CMakeFiles/rby1_movement_subscriber.dir/src/rby1_movement_subscriber.cpp.o] Error 1
gmake[1]: *** [CMakeFiles/Makefile2:153: CMakeFiles/rby1_movement_subscriber.dir/all] Error 2
gmake: *** [Makefile:146: all] Error 2
