[0.023s] Invoking command in '/home/nvidia/ros2_ws/src/rby1_movement/build/rby1_movement': CMAKE_PREFIX_PATH=${CMAKE_PREFIX_PATH}:/opt/ros/humble /usr/bin/cmake --build /home/nvidia/ros2_ws/src/rby1_movement/build/rby1_movement -- -j8 -l8
[0.094s] [ 50%] [32mBuilding CXX object CMakeFiles/rby1_movement_subscriber.dir/src/rby1_movement_subscriber.cpp.o[0m
[7.399s] [01m[K/home/nvidia/ros2_ws/src/rby1_movement/src/rby1_movement_subscriber.cpp:[m[K In constructor â€˜[01m[KRBY1_Movement::RBY1_Movement()[m[Kâ€™:
[7.399s] [01m[K/home/nvidia/ros2_ws/src/rby1_movement/src/rby1_movement_subscriber.cpp:19:54:[m[K [01;31m[Kerror: [m[Kno matching function for call to â€˜[01m[Krb::Robot<rb::y1_model::A>::Robot()[m[Kâ€™
[7.400s]    19 | ent() : Node("rby1_movement_subscriber"[01;31m[K)[m[K {
[7.400s]       |                                        [01;31m[K^[m[K
[7.400s] 
[7.400s] In file included from [01m[K/home/nvidia/ros2_ws/src/rby1_movement/src/rby1_movement_subscriber.cpp:7[m[K:
[7.401s] [01m[K/home/nvidia/rby1-sdk/include/rby1-sdk/robot.h:207:12:[m[K [01;36m[Knote: [m[Kcandidate: â€˜[01m[Krb::Robot<T>::Robot(std::string) [with T = rb::y1_model::A; std::string = std::__cxx11::basic_string<char>][m[Kâ€™
[7.401s]   207 |   explicit [01;36m[KRobot[m[K(std::string address);
[7.401s]       |            [01;36m[K^~~~~[m[K
[7.401s] [01m[K/home/nvidia/rby1-sdk/include/rby1-sdk/robot.h:207:12:[m[K [01;36m[Knote: [m[K  candidate expects 1 argument, 0 provided
[7.401s] [01m[K/home/nvidia/rby1-sdk/include/rby1-sdk/robot.h:53:7:[m[K [01;36m[Knote: [m[Kcandidate: â€˜[01m[Krb::Robot<rb::y1_model::A>::Robot(const rb::Robot<rb::y1_model::A>&)[m[Kâ€™
[7.402s]    53 | class [01;36m[KRobot[m[K : public std::enable_shared_from_this<Robot<T>> {
[7.402s]       |       [01;36m[K^~~~~[m[K
[7.402s] [01m[K/home/nvidia/rby1-sdk/include/rby1-sdk/robot.h:53:7:[m[K [01;36m[Knote: [m[K  candidate expects 1 argument, 0 provided
[7.402s] [01m[K/home/nvidia/ros2_ws/src/rby1_movement/src/rby1_movement_subscriber.cpp:20:13:[m[K [01;31m[Kerror: [m[Kâ€˜[01m[Krobot[m[Kâ€™ is not a class, namespace, or enumeration
[7.402s]    20 |             [01;31m[Krobot[m[K::Create("192.168.30.1:50051")
[7.403s]       |             [01;31m[K^~~~~[m[K
[7.403s] [01m[K/home/nvidia/ros2_ws/src/rby1_movement/src/rby1_movement_subscriber.cpp:25:10:[m[K [01;31m[Kerror: [m[Kexpected primary-expression before â€˜[01m[K)[m[Kâ€™ token
[7.403s]    25 |         }[01;31m[K)[m[K;
[7.403s]       |          [01;31m[K^[m[K
[7.443s] [01m[K/home/nvidia/ros2_ws/src/rby1_movement/src/rby1_movement_subscriber.cpp:[m[K In member function â€˜[01m[Kvoid RBY1_Movement::joy_callback(sensor_msgs::msg::Joy_<std::allocator<void> >::SharedPtr)[m[Kâ€™:
[7.444s] [01m[K/home/nvidia/ros2_ws/src/rby1_movement/src/rby1_movement_subscriber.cpp:62:13:[m[K [01;31m[Kerror: [m[Kâ€˜[01m[Kwheel_acceleation_limit[m[Kâ€™ was not declared in this scope; did you mean â€˜[01m[Kwheel_acceleration_limit[m[Kâ€™?
[7.444s]    62 |             [01;31m[Kwheel_acceleation_limit[m[K << 100, 100;
[7.444s]       |             [01;31m[K^~~~~~~~~~~~~~~~~~~~~~~[m[K
[7.444s]       |             [32m[Kwheel_acceleration_limit[m[K
[7.445s] [01m[K/home/nvidia/ros2_ws/src/rby1_movement/src/rby1_movement_subscriber.cpp:73:19:[m[K [01;31m[Kerror: [m[Kbase operand of â€˜[01m[K->[m[Kâ€™ has non-pointer type â€˜[01m[Krb::Robot<rb::y1_model::A>[m[Kâ€™
[7.445s]    73 |                   [01;31m[K->[m[KSendCommand(RobotCommandBuilder().SetCommand(ComponentBasedCommandBuilder().SetMobilityCommand(
[7.445s]       |                   [01;31m[K^~[m[K
[12.902s] gmake[2]: *** [CMakeFiles/rby1_movement_subscriber.dir/build.make:79: CMakeFiles/rby1_movement_subscriber.dir/src/rby1_movement_subscriber.cpp.o] Error 1
[12.903s] gmake[1]: *** [CMakeFiles/Makefile2:153: CMakeFiles/rby1_movement_subscriber.dir/all] Error 2
[12.904s] gmake: *** [Makefile:146: all] Error 2
[12.909s] Invoked command in '/home/nvidia/ros2_ws/src/rby1_movement/build/rby1_movement' returned '2': CMAKE_PREFIX_PATH=${CMAKE_PREFIX_PATH}:/opt/ros/humble /usr/bin/cmake --build /home/nvidia/ros2_ws/src/rby1_movement/build/rby1_movement -- -j8 -l8
