[0.029s] Invoking command in '/home/nvidia/ros2_ws/src/rby1_robot_state/build/rby1_robot_state': CMAKE_PREFIX_PATH=${CMAKE_PREFIX_PATH}:/home/nvidia/ros2_ws/install/launch_param_builder:/home/nvidia/ros2_ws/install/keyboard_joy:/home/nvidia/rby1_ros2_ws/install/rby1_subscriber_pkg:/home/nvidia/rby1_ros2_ws/install/rby1_mobile_control:/opt/ros/humble /usr/bin/cmake --build /home/nvidia/ros2_ws/src/rby1_robot_state/build/rby1_robot_state -- -j8 -l8
[0.115s] [ 50%] [32mBuilding CXX object CMakeFiles/robot_state_publisher.dir/src/robot_state_publisher.cpp.o[0m
[7.585s] /home/nvidia/ros2_ws/src/rby1_robot_state/src/robot_state_publisher.cpp: In instantiation of â€˜[01m[KRobotStatePublisher::RobotStatePublisher(std::shared_ptr<rb::Robot<rb::y1_model::A> >, std::unique_ptr<rb::RobotCommandStreamHandler<rb::y1_model::A> >)::<lambda(const auto:49&, const auto:50&)> [with auto:49 = rb::RobotState<rb::y1_model::A>; auto:50 = rb::ControlManagerState][m[Kâ€™:
[7.585s] [01m[K/usr/include/c++/11/type_traits:2530:26:[m[K   required by substitution of â€˜[01m[Ktemplate<class _Fn, class ... _Args> static std::__result_of_success<decltype (declval<_Fn>()((declval<_Args>)()...)), std::__invoke_other> std::__result_of_other_impl::_S_test(int) [with _Fn = RobotStatePublisher::RobotStatePublisher(std::shared_ptr<rb::Robot<rb::y1_model::A> >, std::unique_ptr<rb::RobotCommandStreamHandler<rb::y1_model::A> >)::<lambda(const auto:49&, const auto:50&)>&; _Args = {const rb::RobotState<rb::y1_model::A>&, const rb::ControlManagerState&}][m[Kâ€™
[7.585s] [01m[K/usr/include/c++/11/type_traits:2541:55:[m[K   required from â€˜[01m[Kstruct std::__result_of_impl<false, false, RobotStatePublisher::RobotStatePublisher(std::shared_ptr<rb::Robot<rb::y1_model::A> >, std::unique_ptr<rb::RobotCommandStreamHandler<rb::y1_model::A> >)::<lambda(const auto:49&, const auto:50&)>&, const rb::RobotState<rb::y1_model::A>&, const rb::ControlManagerState&>[m[Kâ€™
[7.586s] [01m[K/usr/include/c++/11/bits/std_function.h:348:9:[m[K   recursively required by substitution of â€˜[01m[Ktemplate<class _Result, class _Ret> struct std::__is_invocable_impl<_Result, _Ret, true, std::__void_t<typename _CTp::type> > [with _Result = std::__invoke_result<RobotStatePublisher::RobotStatePublisher(std::shared_ptr<rb::Robot<rb::y1_model::A> >, std::unique_ptr<rb::RobotCommandStreamHandler<rb::y1_model::A> >)::<lambda(const auto:49&, const auto:50&)>&, const rb::RobotState<rb::y1_model::A>&, const rb::ControlManagerState&>; _Ret = void][m[Kâ€™
[7.586s] [01m[K/usr/include/c++/11/bits/std_function.h:348:9:[m[K   required from â€˜[01m[Kstruct std::function<void(const rb::RobotState<rb::y1_model::A>&, const rb::ControlManagerState&)>::_Callable<RobotStatePublisher::RobotStatePublisher(std::shared_ptr<rb::Robot<rb::y1_model::A> >, std::unique_ptr<rb::RobotCommandStreamHandler<rb::y1_model::A> >)::<lambda(const auto:49&, const auto:50&)>, RobotStatePublisher::RobotStatePublisher(std::shared_ptr<rb::Robot<rb::y1_model::A> >, std::unique_ptr<rb::RobotCommandStreamHandler<rb::y1_model::A> >)::<lambda(const auto:49&, const auto:50&)>, std::__invoke_result<RobotStatePublisher::RobotStatePublisher(std::shared_ptr<rb::Robot<rb::y1_model::A> >, std::unique_ptr<rb::RobotCommandStreamHandler<rb::y1_model::A> >)::<lambda(const auto:49&, const auto:50&)>&, const rb::RobotState<rb::y1_model::A>&, const rb::ControlManagerState&> >[m[Kâ€™
[7.586s] [01m[K/usr/include/c++/11/bits/std_function.h:353:8:[m[K   required by substitution of â€˜[01m[Ktemplate<class _Res, class ... _ArgTypes> template<class _Cond, class _Tp> using _Requires = std::__enable_if_t<_Cond::value, _Tp> [with _Cond = std::function<void(const rb::RobotState<rb::y1_model::A>&, const rb::ControlManagerState&)>::_Callable<RobotStatePublisher::RobotStatePublisher(std::shared_ptr<rb::Robot<rb::y1_model::A> >, std::unique_ptr<rb::RobotCommandStreamHandler<rb::y1_model::A> >)::<lambda(const auto:49&, const auto:50&)>, RobotStatePublisher::RobotStatePublisher(std::shared_ptr<rb::Robot<rb::y1_model::A> >, std::unique_ptr<rb::RobotCommandStreamHandler<rb::y1_model::A> >)::<lambda(const auto:49&, const auto:50&)>, std::__invoke_result<RobotStatePublisher::RobotStatePublisher(std::shared_ptr<rb::Robot<rb::y1_model::A> >, std::unique_ptr<rb::RobotCommandStreamHandler<rb::y1_model::A> >)::<lambda(const auto:49&, const auto:50&)>&, const rb::RobotState<rb::y1_model::A>&, const rb::ControlManagerState&> >; _Tp = void; _Res = void; _ArgTypes = {const rb::RobotState<rb::y1_model::A>&, const rb::ControlManagerState&}][m[Kâ€™
[7.586s] [01m[K/usr/include/c++/11/bits/std_function.h:434:9:[m[K   required by substitution of â€˜[01m[Ktemplate<class _Functor, class _Constraints> std::function<void(const rb::RobotState<rb::y1_model::A>&, const rb::ControlManagerState&)>::function(_Functor&&) [with _Functor = RobotStatePublisher::RobotStatePublisher(std::shared_ptr<rb::Robot<rb::y1_model::A> >, std::unique_ptr<rb::RobotCommandStreamHandler<rb::y1_model::A> >)::<lambda(const auto:49&, const auto:50&)>; _Constraints = <missing>][m[Kâ€™
[7.586s] [01m[K/home/nvidia/ros2_ws/src/rby1_robot_state/src/robot_state_publisher.cpp:38:32:[m[K   required from here
[7.586s] [01m[K/home/nvidia/ros2_ws/src/rby1_robot_state/src/robot_state_publisher.cpp:45:73:[m[K [01;31m[Kerror: [m[Kâ€˜[01m[Kconst struct rb::RobotState<rb::y1_model::A>[m[Kâ€™ has no member named â€˜[01m[Kjoint_state[m[Kâ€™; did you mean â€˜[01m[Kjoint_states[m[Kâ€™?
[7.586s]    45 |                     msg->name.push_back("joint_" + std::to_string([01;31m[Kstate.joint_state[m[K[i]));
[7.586s]       |                                                                   [01;31m[K~~~~~~^~~~~~~~~~~[m[K
[7.586s]       |                                                                   [32m[Kjoint_states[m[K
[7.587s] [01m[K/home/nvidia/ros2_ws/src/rby1_robot_state/src/robot_state_publisher.cpp:46:51:[m[K [01;31m[Kerror: [m[Kâ€˜[01m[Kconst struct rb::RobotState<rb::y1_model::A>[m[Kâ€™ has no member named â€˜[01m[Kjoint_state[m[Kâ€™; did you mean â€˜[01m[Kjoint_states[m[Kâ€™?
[7.587s]    46 |                     msg->position.push_back([01;31m[Kstate.joint_state[m[K[i].position);
[7.587s]       |                                             [01;31m[K~~~~~~^~~~~~~~~~~[m[K
[7.587s]       |                                             [32m[Kjoint_states[m[K
[7.587s] [01m[K/home/nvidia/ros2_ws/src/rby1_robot_state/src/robot_state_publisher.cpp:47:51:[m[K [01;31m[Kerror: [m[Kâ€˜[01m[Kconst struct rb::RobotState<rb::y1_model::A>[m[Kâ€™ has no member named â€˜[01m[Kjoint_state[m[Kâ€™; did you mean â€˜[01m[Kjoint_states[m[Kâ€™?
[7.587s]    47 |                     msg->velocity.push_back([01;31m[Kstate.joint_state[m[K[i].velocity);
[7.587s]       |                                             [01;31m[K~~~~~~^~~~~~~~~~~[m[K
[7.587s]       |                                             [32m[Kjoint_states[m[K
[7.587s] [01m[K/home/nvidia/ros2_ws/src/rby1_robot_state/src/robot_state_publisher.cpp:48:49:[m[K [01;31m[Kerror: [m[Kâ€˜[01m[Kconst struct rb::RobotState<rb::y1_model::A>[m[Kâ€™ has no member named â€˜[01m[Kjoint_state[m[Kâ€™; did you mean â€˜[01m[Kjoint_states[m[Kâ€™?
[7.587s]    48 |                     msg->effort.push_back([01;31m[Kstate.joint_state[m[K[i].effort);
[7.588s]       |                                           [01;31m[K~~~~~~^~~~~~~~~~~[m[K
[7.588s]       |                                           [32m[Kjoint_states[m[K
[7.588s] [01m[K/home/nvidia/ros2_ws/src/rby1_robot_state/src/robot_state_publisher.cpp:39:51:[m[K [01;35m[Kwarning: [m[Kunused parameter â€˜[01m[Kcontrol_manager[m[Kâ€™ [[01;35m[K]8;;https://gcc.gnu.org/onlinedocs/gcc/Warning-Options.html#index-Wunused-parameter-Wunused-parameter]8;;[m[K]
[7.588s]    39 |             [this](const auto& state, [01;35m[Kconst auto& control_manager[m[K) {
[7.588s]       |                                       [01;35m[K~~~~~~~~~~~~^~~~~~~~~~~~~~~[m[K
[9.534s] gmake[2]: *** [CMakeFiles/robot_state_publisher.dir/build.make:79: CMakeFiles/robot_state_publisher.dir/src/robot_state_publisher.cpp.o] Error 1
[9.534s] gmake[1]: *** [CMakeFiles/Makefile2:153: CMakeFiles/robot_state_publisher.dir/all] Error 2
[9.534s] gmake: *** [Makefile:146: all] Error 2
[9.539s] Invoked command in '/home/nvidia/ros2_ws/src/rby1_robot_state/build/rby1_robot_state' returned '2': CMAKE_PREFIX_PATH=${CMAKE_PREFIX_PATH}:/home/nvidia/ros2_ws/install/launch_param_builder:/home/nvidia/ros2_ws/install/keyboard_joy:/home/nvidia/rby1_ros2_ws/install/rby1_subscriber_pkg:/home/nvidia/rby1_ros2_ws/install/rby1_mobile_control:/opt/ros/humble /usr/bin/cmake --build /home/nvidia/ros2_ws/src/rby1_robot_state/build/rby1_robot_state -- -j8 -l8
