[01m[K/home/nvidia/ros2_ws/src/rby1_robot_state/src/robot_state_publisher.cpp:[m[K In constructor â€˜[01m[KRobotStatePublisher::RobotStatePublisher(std::shared_ptr<rb::Robot<rb::y1_model::A> >, std::unique_ptr<rb::RobotCommandStreamHandler<rb::y1_model::A> >)[m[Kâ€™:
[01m[K/home/nvidia/ros2_ws/src/rby1_robot_state/src/robot_state_publisher.cpp:14:9:[m[K [01;31m[Kerror: [m[Kclass â€˜[01m[KRobotStatePublisher[m[Kâ€™ does not have any field named â€˜[01m[Krobot[m[Kâ€™
   14 |         [01;31m[Krobot[m[K(robot),
      |         [01;31m[K^~~~~[m[K
[01m[K/home/nvidia/ros2_ws/src/rby1_robot_state/src/robot_state_publisher.cpp:15:9:[m[K [01;31m[Kerror: [m[Kclass â€˜[01m[KRobotStatePublisher[m[Kâ€™ does not have any field named â€˜[01m[Kstream[m[Kâ€™
   15 |         [01;31m[Kstream[m[K(std::move(stream))
      |         [01;31m[K^~~~~~[m[K
gmake[2]: *** [CMakeFiles/robot_state_publisher.dir/build.make:79: CMakeFiles/robot_state_publisher.dir/src/robot_state_publisher.cpp.o] Error 1
gmake[1]: *** [CMakeFiles/Makefile2:153: CMakeFiles/robot_state_publisher.dir/all] Error 2
gmake: *** [Makefile:146: all] Error 2
