[0.038s] Invoking command in '/home/nvidia/ros2_ws/src/rby1_robot_state/build/rby1_robot_state': CMAKE_PREFIX_PATH=${CMAKE_PREFIX_PATH}:/home/nvidia/ros2_ws/install/launch_param_builder:/home/nvidia/ros2_ws/install/keyboard_joy:/home/nvidia/rby1_ros2_ws/install/rby1_subscriber_pkg:/home/nvidia/rby1_ros2_ws/install/rby1_mobile_control:/opt/ros/humble /usr/bin/cmake /home/nvidia/ros2_ws/src/rby1_robot_state -DCMAKE_INSTALL_PREFIX=/home/nvidia/ros2_ws/src/rby1_robot_state/install/rby1_robot_state
[0.369s] -- The C compiler identification is GNU 11.4.0
[0.631s] -- The CXX compiler identification is GNU 11.4.0
[0.669s] -- Detecting C compiler ABI info
[0.816s] -- Detecting C compiler ABI info - done
[0.864s] -- Check for working C compiler: /usr/bin/cc - skipped
[0.866s] -- Detecting C compile features
[0.869s] -- Detecting C compile features - done
[0.908s] -- Detecting CXX compiler ABI info
[1.051s] -- Detecting CXX compiler ABI info - done
[1.100s] -- Check for working CXX compiler: /usr/bin/c++ - skipped
[1.101s] -- Detecting CXX compile features
[1.103s] -- Detecting CXX compile features - done
[1.173s] -- Found ament_cmake: 1.3.11 (/opt/ros/humble/share/ament_cmake/cmake)
[1.544s] -- Found Python3: /usr/bin/python3 (found version "3.10.12") found components: Interpreter
[2.023s] -- Found rclcpp: 16.0.12 (/opt/ros/humble/share/rclcpp/cmake)
[2.248s] -- Found rosidl_generator_c: 3.1.6 (/opt/ros/humble/share/rosidl_generator_c/cmake)
[2.278s] -- Found rosidl_adapter: 3.1.6 (/opt/ros/humble/share/rosidl_adapter/cmake)
[2.317s] -- Found rosidl_generator_cpp: 3.1.6 (/opt/ros/humble/share/rosidl_generator_cpp/cmake)
[2.370s] -- Using all available rosidl_typesupport_c: rosidl_typesupport_fastrtps_c;rosidl_typesupport_introspection_c
[2.438s] -- Using all available rosidl_typesupport_cpp: rosidl_typesupport_fastrtps_cpp;rosidl_typesupport_introspection_cpp
[2.642s] -- Found rmw_implementation_cmake: 6.1.2 (/opt/ros/humble/share/rmw_implementation_cmake/cmake)
[2.662s] -- Found rmw_fastrtps_cpp: 6.2.7 (/opt/ros/humble/share/rmw_fastrtps_cpp/cmake)
[2.986s] -- Found OpenSSL: /usr/lib/aarch64-linux-gnu/libcrypto.so (found version "3.0.2")
[3.082s] -- Found FastRTPS: /opt/ros/humble/include
[3.186s] -- Using RMW implementation 'rmw_fastrtps_cpp' as default
[3.238s] -- Performing Test CMAKE_HAVE_LIBC_PTHREAD
[3.388s] -- Performing Test CMAKE_HAVE_LIBC_PTHREAD - Success
[3.390s] -- Found Threads: TRUE
[3.626s] -- Found sensor_msgs: 4.8.0 (/opt/ros/humble/share/sensor_msgs/cmake)
[3.786s] -- Found ament_lint_auto: 0.12.12 (/opt/ros/humble/share/ament_lint_auto/cmake)
[4.075s] -- Added test 'cppcheck' to perform static code analysis on C / C++ code
[4.076s] -- Configured cppcheck include dirs: 
[4.076s] -- Configured cppcheck exclude dirs and/or files: 
[4.080s] -- Added test 'flake8' to check Python code syntax and style conventions
[4.085s] -- Added test 'lint_cmake' to check CMake code style
[4.088s] -- Added test 'pep257' to check Python code against some of the docstring style conventions in PEP 257
[4.100s] -- Added test 'uncrustify' to check C / C++ code style
[4.100s] -- Configured uncrustify additional arguments: 
[4.103s] -- Added test 'xmllint' to check XML markup files
[4.109s] -- Configuring done (4.0s)
[4.139s] -- Generating done (0.0s)
[4.143s] -- Build files have been written to: /home/nvidia/ros2_ws/src/rby1_robot_state/build/rby1_robot_state
[4.167s] Invoked command in '/home/nvidia/ros2_ws/src/rby1_robot_state/build/rby1_robot_state' returned '0': CMAKE_PREFIX_PATH=${CMAKE_PREFIX_PATH}:/home/nvidia/ros2_ws/install/launch_param_builder:/home/nvidia/ros2_ws/install/keyboard_joy:/home/nvidia/rby1_ros2_ws/install/rby1_subscriber_pkg:/home/nvidia/rby1_ros2_ws/install/rby1_mobile_control:/opt/ros/humble /usr/bin/cmake /home/nvidia/ros2_ws/src/rby1_robot_state -DCMAKE_INSTALL_PREFIX=/home/nvidia/ros2_ws/src/rby1_robot_state/install/rby1_robot_state
[4.172s] Invoking command in '/home/nvidia/ros2_ws/src/rby1_robot_state/build/rby1_robot_state': CMAKE_PREFIX_PATH=${CMAKE_PREFIX_PATH}:/home/nvidia/ros2_ws/install/launch_param_builder:/home/nvidia/ros2_ws/install/keyboard_joy:/home/nvidia/rby1_ros2_ws/install/rby1_subscriber_pkg:/home/nvidia/rby1_ros2_ws/install/rby1_mobile_control:/opt/ros/humble /usr/bin/cmake --build /home/nvidia/ros2_ws/src/rby1_robot_state/build/rby1_robot_state -- -j8 -l8
[4.236s] [ 50%] [32mBuilding CXX object CMakeFiles/robot_state_publisher.dir/src/robot_state_publisher.cpp.o[0m
[12.122s] [01m[K/home/nvidia/ros2_ws/src/rby1_robot_state/src/robot_state_publisher.cpp:[m[K In constructor â€˜[01m[KRobotStatePublisher::RobotStatePublisher()[m[Kâ€™:
[12.123s] [01m[K/home/nvidia/ros2_ws/src/rby1_robot_state/src/robot_state_publisher.cpp:12:22:[m[K [01;31m[Kerror: [m[Kâ€˜[01m[Krobot[m[Kâ€™ was not declared in this scope
[12.123s]    12 |         std::cout << [01;31m[Krobot[m[K->GetRobotInfo().robot_version << std::endl;
[12.123s]       |                      [01;31m[K^~~~~[m[K
[13.149s] gmake[2]: *** [CMakeFiles/robot_state_publisher.dir/build.make:79: CMakeFiles/robot_state_publisher.dir/src/robot_state_publisher.cpp.o] Error 1
[13.149s] gmake[1]: *** [CMakeFiles/Makefile2:153: CMakeFiles/robot_state_publisher.dir/all] Error 2
[13.150s] gmake: *** [Makefile:146: all] Error 2
[13.154s] Invoked command in '/home/nvidia/ros2_ws/src/rby1_robot_state/build/rby1_robot_state' returned '2': CMAKE_PREFIX_PATH=${CMAKE_PREFIX_PATH}:/home/nvidia/ros2_ws/install/launch_param_builder:/home/nvidia/ros2_ws/install/keyboard_joy:/home/nvidia/rby1_ros2_ws/install/rby1_subscriber_pkg:/home/nvidia/rby1_ros2_ws/install/rby1_mobile_control:/opt/ros/humble /usr/bin/cmake --build /home/nvidia/ros2_ws/src/rby1_robot_state/build/rby1_robot_state -- -j8 -l8
