[0.023s] Invoking command in '/home/nvidia/ros2_ws/src/rby1_movement/build/rby1_movement': CMAKE_PREFIX_PATH=${CMAKE_PREFIX_PATH}:/opt/ros/humble /usr/bin/cmake --build /home/nvidia/ros2_ws/src/rby1_movement/build/rby1_movement -- -j8 -l8
[0.096s] [ 50%] [32mBuilding CXX object CMakeFiles/rby1_movement_subscriber.dir/src/rby1_movement_subscriber.cpp.o[0m
[7.439s] [01m[K/home/nvidia/ros2_ws/src/rby1_movement/src/rby1_movement_subscriber.cpp:[m[K In constructor â€˜[01m[KRBY1_Movement::RBY1_Movement(std::shared_ptr<rb::Robot<rb::y1_model::A> >, std::thread)[m[Kâ€™:
[7.440s] [01m[K/home/nvidia/ros2_ws/src/rby1_movement/src/rby1_movement_subscriber.cpp:19:63:[m[K [01;35m[Kwarning: [m[Kunused parameter â€˜[01m[Krobot_[m[Kâ€™ [[01;35m[K]8;;https://gcc.gnu.org/onlinedocs/gcc/Warning-Options.html#index-Wunused-parameter-Wunused-parameter]8;;[m[K]
[7.440s]    19 |   RBY1_Movement([01;35m[Kstd::shared_ptr<rb::Robot<rb::y1_model::A>> robot_[m[K, std::thread robot_thread_) : Node("rby1_movement_subscriber") {
[7.440s]       |                 [01;35m[K~~~~~~~~~~~~~~~~~~~~~~~~~~~~~~~~~~~~~~~~~~~~^~~~~~[m[K
[7.440s] 
[7.441s] [01m[K/home/nvidia/ros2_ws/src/rby1_movement/src/rby1_movement_subscriber.cpp:19:83:[m[K [01;35m[Kwarning: [m[Kunused parameter â€˜[01m[Krobot_thread_[m[Kâ€™ [[01;35m[K]8;;https://gcc.gnu.org/onlinedocs/gcc/Warning-Options.html#index-Wunused-parameter-Wunused-parameter]8;;[m[K]
[7.441s]    19 | :shared_ptr<rb::Robot<rb::y1_model::A>> robot_, [01;35m[Kstd::thread robot_thread_[m[K) : Node("rby1_movement_subscriber") {
[7.441s]       |                                                 [01;35m[K~~~~~~~~~~~~^~~~~~~~~~~~~[m[K
[7.441s] 
[7.517s] [01m[K/home/nvidia/ros2_ws/src/rby1_movement/src/rby1_movement_subscriber.cpp:[m[K In function â€˜[01m[Kint main(int, char**)[m[Kâ€™:
[7.517s] [01m[K/home/nvidia/ros2_ws/src/rby1_movement/src/rby1_movement_subscriber.cpp:94:5:[m[K [01;31m[Kerror: [m[Kâ€˜[01m[Krobot_[m[Kâ€™ was not declared in this scope
[7.517s]    94 |     [01;31m[Krobot_[m[K = rb::Robot<rb::y1_model::A>::Create("192.168.30.1:50051");
[7.517s]       |     [01;31m[K^~~~~~[m[K
[7.536s] [01m[K/home/nvidia/ros2_ws/src/rby1_movement/src/rby1_movement_subscriber.cpp:95:5:[m[K [01;31m[Kerror: [m[Kâ€˜[01m[Krobot_thread_[m[Kâ€™ was not declared in this scope
[7.536s]    95 |     [01;31m[Krobot_thread_[m[K = std::thread([this]() {
[7.536s]       |     [01;31m[K^~~~~~~~~~~~~[m[K
[7.536s] [01m[K/home/nvidia/ros2_ws/src/rby1_movement/src/rby1_movement_subscriber.cpp:95:34:[m[K [01;31m[Kerror: [m[Kinvalid use of â€˜[01m[Kthis[m[Kâ€™ in non-member function
[7.536s]    95 |     robot_thread_ = std::thread([[01;31m[Kthis[m[K]() {
[7.537s]       |                                  [01;31m[K^~~~[m[K
[7.537s] [01m[K/home/nvidia/ros2_ws/src/rby1_movement/src/rby1_movement_subscriber.cpp:[m[K In lambda function:
[7.537s] [01m[K/home/nvidia/ros2_ws/src/rby1_movement/src/rby1_movement_subscriber.cpp:96:9:[m[K [01;31m[Kerror: [m[Kâ€˜[01m[Krobot_[m[Kâ€™ is not captured
[7.537s]    96 |         [01;31m[Krobot_[m[K->Connect();
[7.538s]       |         [01;31m[K^~~~~~[m[K
[7.538s] [01m[K/home/nvidia/ros2_ws/src/rby1_movement/src/rby1_movement_subscriber.cpp:95:38:[m[K [01;36m[Knote: [m[Kthe lambda has no capture-default
[7.538s]    95 |     robot_thread_ = std::thread([this[01;36m[K][m[K() {
[7.538s]       |                                      [01;36m[K^[m[K
[7.538s] [01m[K/home/nvidia/ros2_ws/src/rby1_movement/src/rby1_movement_subscriber.cpp:94:5:[m[K [01;36m[Knote: [m[Kâ€˜[01m[K<typeprefixerror>robot_[m[Kâ€™ declared here
[7.539s]    94 |     [01;36m[Krobot_[m[K = rb::Robot<rb::y1_model::A>::Create("192.168.30.1:50051");
[7.539s]       |     [01;36m[K^~~~~~[m[K
[7.539s] [01m[K/home/nvidia/ros2_ws/src/rby1_movement/src/rby1_movement_subscriber.cpp:97:22:[m[K [01;31m[Kerror: [m[Kâ€˜[01m[Krobot_[m[Kâ€™ is not captured
[7.539s]    97 |         std::cout << [01;31m[Krobot_[m[K->GetRobotInfo().robot_version << std::endl;
[7.540s]       |                      [01;31m[K^~~~~~[m[K
[7.540s] [01m[K/home/nvidia/ros2_ws/src/rby1_movement/src/rby1_movement_subscriber.cpp:95:38:[m[K [01;36m[Knote: [m[Kthe lambda has no capture-default
[7.540s]    95 |     robot_thread_ = std::thread([this[01;36m[K][m[K() {
[7.540s]       |                                      [01;36m[K^[m[K
[7.541s] [01m[K/home/nvidia/ros2_ws/src/rby1_movement/src/rby1_movement_subscriber.cpp:94:5:[m[K [01;36m[Knote: [m[Kâ€˜[01m[K<typeprefixerror>robot_[m[Kâ€™ declared here
[7.541s]    94 |     [01;36m[Krobot_[m[K = rb::Robot<rb::y1_model::A>::Create("192.168.30.1:50051");
[7.541s]       |     [01;36m[K^~~~~~[m[K
[12.601s] gmake[2]: *** [CMakeFiles/rby1_movement_subscriber.dir/build.make:79: CMakeFiles/rby1_movement_subscriber.dir/src/rby1_movement_subscriber.cpp.o] Error 1
[12.601s] gmake[1]: *** [CMakeFiles/Makefile2:153: CMakeFiles/rby1_movement_subscriber.dir/all] Error 2
[12.602s] gmake: *** [Makefile:146: all] Error 2
[12.608s] Invoked command in '/home/nvidia/ros2_ws/src/rby1_movement/build/rby1_movement' returned '2': CMAKE_PREFIX_PATH=${CMAKE_PREFIX_PATH}:/opt/ros/humble /usr/bin/cmake --build /home/nvidia/ros2_ws/src/rby1_movement/build/rby1_movement -- -j8 -l8
